2019-11-29, 20:17:17.529 UTC
[20:17:17.530 UTC] OS: darwin x64
[20:17:17.530 UTC] Adapter node: v12.13.0 x64
[20:17:17.530 UTC] vscode-chrome-debug-core: 6.8.6
[20:17:17.530 UTC] debugger-for-chrome: 4.12.1
[20:17:17.530 UTC] From client: initialize({"adapterID":"chrome","linesStartAt1":true,"columnsStartAt1":true,"pathFormat":"path"})
[20:17:17.530 UTC] To client: {"seq":0,"type":"response","request_seq":1,"command":"initialize","success":true,"body":{"exceptionBreakpointFilters":[{"label":"All Exceptions","filter":"all","default":false},{"label":"Uncaught Exceptions","filter":"uncaught","default":false}],"supportsConfigurationDoneRequest":true,"supportsSetVariable":true,"supportsConditionalBreakpoints":true,"supportsCompletionsRequest":true,"supportsHitConditionalBreakpoints":true,"supportsRestartFrame":true,"supportsExceptionInfoRequest":true,"supportsDelayedStackTraceLoading":true,"supportsValueFormattingOptions":true,"supportsEvaluateForHovers":true,"supportsLoadedSourcesRequest":true,"supportsBreakpointLocationsRequest":true,"supportsRestartRequest":true,"supportsSetExpression":true,"supportsLogPoints":true}}
[20:17:17.530 UTC] To client: {"seq":0,"type":"event","event":"output","body":{"category":"telemetry","output":"ClientRequest/initialize","data":{"Versions.DebugAdapterCore":"6.8.6","Versions.DebugAdapter":"4.12.1","successful":"true","timeTakenInMilliseconds":"1.835756","requestType":"request"}}}
[20:17:17.530 UTC] From client: launch({"url":"http://localhost:7890/dist/index.html","webRoot":"/Users/roblou/code/vscode-chrome-debug/testdata/breakOnLoad_webpack","trace":"verbose","logTimestamps":true,"disableNetworkCache":true,"logFilePath":"/Users/roblou/code/vscode-chrome-debug/logs/darwin-BreakOnLoad Instrument Webpack Project Hits a breakpoint at (1,1) in a file on load-DA.log","runtimeExecutable":"/Users/roblou/code/vscode-chrome-debug/node_modules/puppeteer/.local-chromium/mac-662092/chrome-mac/Chromium.app/Contents/MacOS/Chromium","userDataDir":"/var/folders/tx/p0ycbfpj37786p760wwdg6y80000gn/T/chrome2-2672964Jfho337zMd","breakOnLoadStrategy":"instrument"})
[20:17:17.530 UTC] To client: {"seq":0,"type":"event","event":"output","body":{"category":"telemetry","output":"debugStarted","data":{"Versions.DebugAdapterCore":"6.8.6","Versions.DebugAdapter":"4.12.1","request":"launch","args":["url","webRoot","trace","logTimestamps","disableNetworkCache","logFilePath","runtimeExecutable","userDataDir","breakOnLoadStrategy","pathMapping","sourceMaps","sourceMapPathOverrides","skipFileRegExps","targetFilter","smartStep","showAsyncStacks"]}}}
[20:17:17.530 UTC] spawn('/Users/roblou/code/vscode-chrome-debug/node_modules/puppeteer/.local-chromium/mac-662092/chrome-mac/Chromium.app/Contents/MacOS/Chromium', ["--remote-debugging-port=9222","--no-first-run","--no-default-browser-check","--user-data-dir=/var/folders/tx/p0ycbfpj37786p760wwdg6y80000gn/T/chrome2-2672964Jfho337zMd","about:blank"])
[20:17:17.530 UTC] Getting browser and debug protocol version via http://127.0.0.1:9222/json/version
[20:17:17.530 UTC] Discovering targets via http://127.0.0.1:9222/json/list
[20:17:17.530 UTC] HTTP GET failed: Error: connect ECONNREFUSED 127.0.0.1:9222
[20:17:17.530 UTC] There was an error connecting to http://127.0.0.1:9222/json/version : connect ECONNREFUSED 127.0.0.1:9222
[20:17:17.531 UTC] HTTP GET failed: Error: connect ECONNREFUSED 127.0.0.1:9222
[20:17:17.531 UTC] Discovering targets via http://127.0.0.1:9222/json
[20:17:17.531 UTC] HTTP GET failed: Error: connect ECONNREFUSED 127.0.0.1:9222
[20:17:17.737 UTC] Getting browser and debug protocol version via http://127.0.0.1:9222/json/version
[20:17:17.740 UTC] Discovering targets via http://127.0.0.1:9222/json/list
[20:17:17.741 UTC] HTTP GET failed: Error: connect ECONNREFUSED 127.0.0.1:9222
[20:17:17.742 UTC] There was an error connecting to http://127.0.0.1:9222/json/version : connect ECONNREFUSED 127.0.0.1:9222
[20:17:17.742 UTC] HTTP GET failed: Error: connect ECONNREFUSED 127.0.0.1:9222
[20:17:17.742 UTC] Discovering targets via http://127.0.0.1:9222/json
[20:17:17.743 UTC] HTTP GET failed: Error: connect ECONNREFUSED 127.0.0.1:9222
[20:17:17.948 UTC] Getting browser and debug protocol version via http://127.0.0.1:9222/json/version
[20:17:17.949 UTC] Discovering targets via http://127.0.0.1:9222/json/list
[20:17:18.384 UTC] Got browser version: Chrome/76.0.3803.0
[20:17:18.384 UTC] Got debug protocol version: 1.3
[20:17:18.385 UTC] To client: {"seq":0,"type":"event","event":"output","body":{"category":"telemetry","output":"targetDebugProtocolVersion","data":{"Versions.DebugAdapterCore":"6.8.6","Versions.DebugAdapter":"4.12.1"}}}
[20:17:18.385 UTC] To client: {"seq":0,"type":"event","event":"output","body":{"category":"telemetry","output":"targetCount","data":{"Versions.DebugAdapterCore":"6.8.6","Versions.DebugAdapter":"4.12.1","numTargets":1}}}
[20:17:18.386 UTC] Attaching to target: {"description":"","devtoolsFrontendUrl":"/devtools/inspector.html?ws=localhost/devtools/page/D3038ADCFBEEC17C4380AA4D9651BE2A","id":"D3038ADCFBEEC17C4380AA4D9651BE2A","title":"","type":"page","url":"about:blank","webSocketDebuggerUrl":"ws://127.0.0.1:9222/devtools/page/D3038ADCFBEEC17C4380AA4D9651BE2A","version":{}}
[20:17:18.386 UTC] WebSocket Url: ws://127.0.0.1:9222/devtools/page/D3038ADCFBEEC17C4380AA4D9651BE2A
[20:17:18.405 UTC] → To target: "{\"id\":1,\"method\":\"Console.enable\"}"
[20:17:18.406 UTC] → To target: "{\"id\":2,\"method\":\"Debugger.enable\"}"
[20:17:18.406 UTC] → To target: "{\"id\":3,\"method\":\"Runtime.enable\"}"
[20:17:18.406 UTC] → To target: "{\"id\":4,\"method\":\"Log.enable\"}"
[20:17:18.406 UTC] → To target: "{\"id\":5,\"method\":\"Runtime.runIfWaitingForDebugger\"}"
[20:17:18.406 UTC] → To target: "{\"id\":6,\"method\":\"Runtime.run\"}"
[20:17:18.406 UTC] → To target: "{\"id\":7,\"method\":\"Page.enable\"}"
[20:17:18.406 UTC] → To target: "{\"id\":8,\"method\":\"Network.enable\",\"params\":{}}"
[20:17:18.451 UTC] ← From target: {"id":1,"result":{}}
[20:17:18.452 UTC] ← From target: {"id":2,"result":{"debuggerId":"(8D442BA6B7C74CF52EC8FA362F9AC394)"}}
[20:17:18.455 UTC] ← From target: {"method":"Runtime.executionContextCreated","params":{"context":{"id":1,"origin":"://","name":"","auxData":{"isDefault":true,"type":"default","frameId":"D3038ADCFBEEC17C4380AA4D9651BE2A"}}}}
[20:17:18.456 UTC] ← From target: {"id":3,"result":{}}
[20:17:18.457 UTC] ← From target: {"id":4,"result":{}}
[20:17:18.457 UTC] ← From target: {"id":5,"result":{}}
[20:17:18.458 UTC] ← From target: {"error":{"code":-32601,"message":"'Runtime.run' wasn't found"},"id":6}
[20:17:18.458 UTC] ← From target: {"id":7,"result":{}}
[20:17:18.458 UTC] ← From target: {"id":8,"result":{}}
[20:17:18.459 UTC] → To target: "{\"id\":9,\"method\":\"Debugger.setBlackboxPatterns\",\"params\":{\"patterns\":[\"^chrome-extension:.*\"]}}"
[20:17:18.459 UTC] → To target: "{\"id\":10,\"method\":\"Schema.getDomains\"}"
[20:17:18.459 UTC] ← From target: {"id":10,"result":{"domains":[{"name":"Inspector","version":"1.2"},{"name":"Memory","version":"1.2"},{"name":"Page","version":"1.2"},{"name":"Emulation","version":"1.2"},{"name":"Security","version":"1.2"},{"name":"Network","version":"1.2"},{"name":"Database","version":"1.2"},{"name":"IndexedDB","version":"1.2"},{"name":"CacheStorage","version":"1.2"},{"name":"DOMStorage","version":"1.2"},{"name":"CSS","version":"1.2"},{"name":"ApplicationCache","version":"1.2"},{"name":"DOM","version":"1.2"},{"name":"IO","version":"1.2"},{"name":"DOMDebugger","version":"1.2"},{"name":"DOMSnapshot","version":"1.2"},{"name":"ServiceWorker","version":"1.2"},{"name":"Input","version":"1.2"},{"name":"LayerTree","version":"1.2"},{"name":"DeviceOrientation","version":"1.2"},{"name":"Tracing","version":"1.2"},{"name":"Animation","version":"1.2"},{"name":"Accessibility","version":"1.2"},{"name":"Storage","version":"1.2"},{"name":"Log","version":"1.2"},{"name":"Runtime","version":"1.2"},{"name":"Debugger","version":"1.2"},{"name":"Profiler","version":"1.2"},{"name":"HeapProfiler","version":"1.2"},{"name":"Schema","version":"1.2"},{"name":"Target","version":"1.2"},{"name":"Overlay","version":"1.2"},{"name":"Performance","version":"1.2"},{"name":"Audits","version":"1.2"},{"name":"HeadlessExperimental","version":"1.2"}]}}
[20:17:18.460 UTC] → To target: "{\"id\":11,\"method\":\"Debugger.setAsyncCallStackDepth\",\"params\":{\"maxDepth\":4}}"
[20:17:18.460 UTC] ← From target: {"method":"Page.frameResized","params":{}}
[20:17:18.467 UTC] ← From target: {"id":9,"result":{}}
[20:17:18.468 UTC] ← From target: {"id":11,"result":{}}
[20:17:18.469 UTC] → To target: "{\"id\":12,\"method\":\"Runtime.evaluate\",\"params\":{\"expression\":\"navigator.userAgent\",\"silent\":true}}"
[20:17:18.469 UTC] → To target: "{\"id\":13,\"method\":\"Browser.getVersion\"}"
[20:17:18.469 UTC] To client: {"seq":0,"type":"response","request_seq":2,"command":"launch","success":true}
[20:17:18.469 UTC] To client: {"seq":0,"type":"event","event":"output","body":{"category":"telemetry","output":"ClientRequest/launch","data":{"Versions.DebugAdapterCore":"6.8.6","Versions.DebugAdapter":"4.12.1","successful":"true","timeTakenInMilliseconds":"978.193986","requestType":"request"}}}
[20:17:18.470 UTC] ← From target: {"id":13,"result":{"protocolVersion":"1.3","product":"Chrome/76.0.3803.0","revision":"@a99230af311e8e646833be14a670de5322454fbe","userAgent":"Mozilla/5.0 (Macintosh; Intel Mac OS X 10_14_6) AppleWebKit/537.36 (KHTML, like Gecko) Chrome/76.0.3803.0 Safari/537.36","jsVersion":"7.6.247"}}
[20:17:18.470 UTC] To client: {"seq":0,"type":"event","event":"output","body":{"category":"telemetry","output":"target-version","data":{"Versions.DebugAdapterCore":"6.8.6","Versions.DebugAdapter":"4.12.1","Versions.Target.CRDPVersion":"1.3","Versions.Target.Revision":"@a99230af311e8e646833be14a670de5322454fbe","Versions.Target.UserAgent":"Mozilla/5.0 (Macintosh; Intel Mac OS X 10_14_6) AppleWebKit/537.36 (KHTML, like Gecko) Chrome/76.0.3803.0 Safari/537.36","Versions.Target.V8":"7.6.247","Versions.Target.Project":"Chrome","Versions.Target.Version":"76.0.3803.0"}}}
[20:17:18.471 UTC] ← From target: {"method":"Debugger.scriptParsed","params":{"scriptId":"13","url":"","startLine":0,"startColumn":0,"endLine":0,"endColumn":19,"executionContextId":1,"hash":"3a6f8cb8708878331cc2be2ec90de0ab25738855","executionContextAuxData":{"isDefault":true,"type":"default","frameId":"D3038ADCFBEEC17C4380AA4D9651BE2A"},"isLiveEdit":false,"sourceMapURL":"","hasSourceURL":false,"isModule":false,"length":19}}
[20:17:18.474 UTC] → To target: "{\"id\":14,\"method\":\"Debugger.getPossibleBreakpoints\",\"params\":{\"start\":{\"scriptId\":\"13\",\"lineNumber\":0,\"columnNumber\":0},\"end\":{\"scriptId\":\"13\",\"lineNumber\":1,\"columnNumber\":0},\"restrictToFunction\":false}}"
[20:17:18.475 UTC] ← From target: {"id":12,"result":{"result":{"type":"string","value":"Mozilla/5.0 (Macintosh; Intel Mac OS X 10_14_6) AppleWebKit/537.36 (KHTML, like Gecko) Chrome/76.0.3803.0 Safari/537.36"}}}
[20:17:18.475 UTC] Target userAgent: Mozilla/5.0 (Macintosh; Intel Mac OS X 10_14_6) AppleWebKit/537.36 (KHTML, like Gecko) Chrome/76.0.3803.0 Safari/537.36
[20:17:18.476 UTC] → To target: "{\"id\":15,\"method\":\"Network.setCacheDisabled\",\"params\":{\"cacheDisabled\":true}}"
[20:17:18.479 UTC] ← From target: {"id":14,"result":{"locations":[{"scriptId":"13","lineNumber":0,"columnNumber":0}]}}
[20:17:18.479 UTC] To client: {"seq":0,"type":"event","event":"initialized"}
[20:17:18.480 UTC] To client: {"seq":0,"type":"event","event":"loadedSource","body":{"reason":"new","source":{"name":"VM13","path":"<eval>/VM13","sourceReference":1000}}}
[20:17:18.481 UTC] From client: setBreakpoints({"lines":[1],"breakpoints":[{"line":1,"column":1}],"source":{"path":"/Users/roblou/code/vscode-chrome-debug/testdata/breakOnLoad_webpack/src/script.js"}})
[20:17:18.481 UTC] To client: {"seq":0,"type":"event","event":"output","body":{"category":"telemetry","output":"setBreakpointsRequest","data":{"Versions.DebugAdapterCore":"6.8.6","Versions.DebugAdapter":"4.12.1","Versions.Target.CRDPVersion":"1.3","Versions.Target.Revision":"@a99230af311e8e646833be14a670de5322454fbe","Versions.Target.UserAgent":"Mozilla/5.0 (Macintosh; Intel Mac OS X 10_14_6) AppleWebKit/537.36 (KHTML, like Gecko) Chrome/76.0.3803.0 Safari/537.36","Versions.Target.V8":"7.6.247","Versions.Target.Project":"Chrome","Versions.Target.Version":"76.0.3803.0","fileExt":".js"}}}
[20:17:18.482 UTC] SourceMaps.setBP: /Users/roblou/code/vscode-chrome-debug/testdata/breakOnLoad_webpack/src/script.js can't be resolved to a loaded script. It may just not be loaded yet.
[20:17:18.482 UTC] Paths.setBP: No target url cached yet for client path: /Users/roblou/code/vscode-chrome-debug/testdata/breakOnLoad_webpack/src/script.js.
[20:17:18.483 UTC] → To target: "{\"id\":16,\"method\":\"DOMDebugger.setInstrumentationBreakpoint\",\"params\":{\"eventName\":\"scriptFirstStatement\"}}"
[20:17:18.483 UTC] ← From target: {"id":15,"result":{}}
[20:17:18.483 UTC] ← From target: {"id":16,"result":{}}
[20:17:18.484 UTC] To client: {"seq":0,"type":"response","request_seq":3,"command":"setBreakpoints","success":true,"body":{"breakpoints":[{"id":1000,"verified":false,"message":"Breakpoint set but not yet bound"}]}}
[20:17:18.484 UTC] To client: {"seq":0,"type":"event","event":"output","body":{"category":"telemetry","output":"ClientRequest/setBreakpoints","data":{"Versions.DebugAdapterCore":"6.8.6","Versions.DebugAdapter":"4.12.1","Versions.Target.CRDPVersion":"1.3","Versions.Target.Revision":"@a99230af311e8e646833be14a670de5322454fbe","Versions.Target.UserAgent":"Mozilla/5.0 (Macintosh; Intel Mac OS X 10_14_6) AppleWebKit/537.36 (KHTML, like Gecko) Chrome/76.0.3803.0 Safari/537.36","Versions.Target.V8":"7.6.247","Versions.Target.Project":"Chrome","Versions.Target.Version":"76.0.3803.0","successful":"true","timeTakenInMilliseconds":"3.408561","requestType":"request"}}}
[20:17:18.486 UTC] From client: configurationDone(undefined)
[20:17:18.486 UTC] → To target: "{\"id\":17,\"method\":\"Page.navigate\",\"params\":{\"url\":\"http://localhost:7890/dist/index.html\"}}"
[20:17:18.486 UTC] To client: {"seq":0,"type":"response","request_seq":4,"command":"configurationDone","success":true}
[20:17:18.486 UTC] To client: {"seq":0,"type":"event","event":"output","body":{"category":"telemetry","output":"ClientRequest/configurationDone","data":{"Versions.DebugAdapterCore":"6.8.6","Versions.DebugAdapter":"4.12.1","Versions.Target.CRDPVersion":"1.3","Versions.Target.Revision":"@a99230af311e8e646833be14a670de5322454fbe","Versions.Target.UserAgent":"Mozilla/5.0 (Macintosh; Intel Mac OS X 10_14_6) AppleWebKit/537.36 (KHTML, like Gecko) Chrome/76.0.3803.0 Safari/537.36","Versions.Target.V8":"7.6.247","Versions.Target.Project":"Chrome","Versions.Target.Version":"76.0.3803.0","successful":"true","timeTakenInMilliseconds":"0.532185","requestType":"request"}}}
[20:17:18.493 UTC] ← From target: {"id":17,"result":{"frameId":"D3038ADCFBEEC17C4380AA4D9651BE2A","loaderId":"E7DA95C5A0C97BB3178A349CAEC3CEEA"}}
[20:17:18.505 UTC] ← From target: {"method":"Page.frameStartedLoading","params":{"frameId":"D3038ADCFBEEC17C4380AA4D9651BE2A"}}
[20:17:18.506 UTC] ← From target: {"method":"Runtime.executionContextDestroyed","params":{"executionContextId":1}}
[20:17:18.507 UTC] ← From target: {"method":"Runtime.executionContextsCleared","params":{}}
[20:17:18.507 UTC] To client: {"seq":0,"type":"event","event":"loadedSource","body":{"reason":"removed","source":{"name":"VM13","path":"<eval>/VM13","sourceReference":1000}}}
[20:17:18.508 UTC] ← From target: {"method":"Page.frameNavigated","params":{"frame":{"id":"D3038ADCFBEEC17C4380AA4D9651BE2A","loaderId":"E7DA95C5A0C97BB3178A349CAEC3CEEA","url":"http://localhost:7890/dist/index.html","securityOrigin":"http://localhost:7890","mimeType":"text/html"}}}
[20:17:18.508 UTC] To client: {"seq":0,"type":"event","event":"output","body":{"category":"telemetry","output":"report-start-up-timings","data":{"Versions.DebugAdapterCore":"6.8.6","Versions.DebugAdapter":"4.12.1","Versions.Target.CRDPVersion":"1.3","Versions.Target.Revision":"@a99230af311e8e646833be14a670de5322454fbe","Versions.Target.UserAgent":"Mozilla/5.0 (Macintosh; Intel Mac OS X 10_14_6) AppleWebKit/537.36 (KHTML, like Gecko) Chrome/76.0.3803.0 Safari/537.36","Versions.Target.V8":"7.6.247","Versions.Target.Project":"Chrome","Versions.Target.Version":"76.0.3803.0","RequestedContentWasDetected":"true","Steps":"[\"BeforeFirstStep\",\"ClientRequest/initialize\",\"ClientRequest/launch\",\"LaunchTarget.LaunchExe\",\"Attach\",\"Attach.RequestDebuggerTargetsInformation\",\"Attach.RequestDebuggerTargetsInformation\",\"Attach.RequestDebuggerTargetsInformation\",\"Attach.ProcessDebuggerTargetsInformation\",\"Attach.AttachToTargetDebuggerWebsocket\",\"Attach.ConfigureDebuggingSession.Internal\",\"Attach.ConfigureDebuggingSession.Target\",\"Attach.ConfigureDebuggingSession.End\"]","All":"1040.323409","Request.ClientRequest/setBreakpoints.startTime":"[1575058638481]","Request.ClientRequest/setBreakpoints.timeTakenInMilliseconds":"[3.408561]","Request.ClientRequest/configurationDone.startTime":"[1575058638486]","Request.ClientRequest/configurationDone.timeTakenInMilliseconds":"[0.532185]","BeforeFirstStep":"[20.774699]","WaitingAfter.ClientRequest/initialize":"[22.472954]","ClientRequest/initialize":"[2.162611]","ClientRequest/launch":"[2.864665]","LaunchTarget.LaunchExe":"[14.834746]","Attach":"[11.043941]","Attach.RequestDebuggerTargetsInformation":"[218.459935,210.563029,436.57613]","Attach.ProcessDebuggerTargetsInformation":"[1.156944]","Attach.AttachToTargetDebuggerWebsocket":"[2.05614]","Attach.ConfigureDebuggingSession.Internal":"[0.531606]","Attach.ConfigureDebuggingSession.Target":"[79.15603]","WaitingAfter.ClientRequest/launch":"[1001.184705]","WaitingAfter.NotifyInitialized":"[1011.457977]","RequestedNavigateToUserPage":"[1025.90242]","Attach.ConfigureDebuggingSession.End":"[39.81806]"}}}
[20:17:18.509 UTC] ← From target: {"method":"Runtime.executionContextCreated","params":{"context":{"id":2,"origin":"http://localhost:7890","name":"","auxData":{"isDefault":true,"type":"default","frameId":"D3038ADCFBEEC17C4380AA4D9651BE2A"}}}}
[20:17:18.510 UTC] ← From target: {"method":"Debugger.scriptParsed","params":{"scriptId":"14","url":"http://localhost:7890/dist/bundle.js","startLine":0,"startColumn":0,"endLine":81,"endColumn":34,"executionContextId":2,"hash":"0472a1b410b66b00290d868d06b358d83d015f59","executionContextAuxData":{"isDefault":true,"type":"default","frameId":"D3038ADCFBEEC17C4380AA4D9651BE2A"},"isLiveEdit":false,"sourceMapURL":"bundle.js.map","hasSourceURL":false,"isModule":false,"length":2634}}
[20:17:18.511 UTC] Paths.scriptParsed: resolved http://localhost:7890/dist/bundle.js to /Users/roblou/code/vscode-chrome-debug/testdata/breakOnLoad_webpack/dist/bundle.js. pathMapping/webroot: {"/":"/Users/roblou/code/vscode-chrome-debug/testdata/breakOnLoad_webpack"}
[20:17:18.511 UTC] SourceMaps.getMapForGeneratedPath: Finding SourceMap for /Users/roblou/code/vscode-chrome-debug/testdata/breakOnLoad_webpack/dist/bundle.js by URI: bundle.js.map and webRoot/pathMapping: {"/":"/Users/roblou/code/vscode-chrome-debug/testdata/breakOnLoad_webpack"}
[20:17:18.511 UTC] SourceMaps.loadSourceMapContents: Reading local sourcemap file from /Users/roblou/code/vscode-chrome-debug/testdata/breakOnLoad_webpack/dist/bundle.js.map
[20:17:18.512 UTC] To client: {"seq":0,"type":"event","event":"loadedSource","body":{"reason":"new","source":{"name":"bundle.js","path":"http://localhost:7890/dist/bundle.js","sourceReference":1001}}}
[20:17:18.512 UTC] ← From target: {"method":"Debugger.paused","params":{"callFrames":[{"callFrameId":"{\"ordinal\":0,\"injectedScriptId\":2}","functionName":"","functionLocation":{"scriptId":"14","lineNumber":0,"columnNumber":0},"location":{"scriptId":"14","lineNumber":0,"columnNumber":9},"url":"http://localhost:7890/dist/bundle.js","scopeChain":[{"type":"global","object":{"type":"object","className":"Window","description":"Window","objectId":"{\"injectedScriptId\":2,\"id\":1}"}}],"this":{"type":"object","className":"Window","description":"Window","objectId":"{\"injectedScriptId\":2,\"id\":2}"}}],"reason":"EventListener","data":{"eventName":"instrumentation:scriptFirstStatement"},"hitBreakpoints":[]}}
[20:17:18.514 UTC] SourceMap: creating for /Users/roblou/code/vscode-chrome-debug/testdata/breakOnLoad_webpack/dist/bundle.js
[20:17:18.514 UTC] SourceMap: sourceRoot: 
[20:17:18.514 UTC] SourceMap: sources: ["webpack:///webpack/bootstrap 110f404fad45858d5cd9","webpack:///./src/script.js"]
[20:17:18.514 UTC] SourceMap: pathMapping: {"/":"/Users/roblou/code/vscode-chrome-debug/testdata/breakOnLoad_webpack"}
[20:17:18.514 UTC] SourceMap: no sourceRoot specified, using script dirname: /Users/roblou/code/vscode-chrome-debug/testdata/breakOnLoad_webpack/dist
[20:17:18.515 UTC] SourceMap: mapping webpack:///webpack/bootstrap 110f404fad45858d5cd9 => webpack/bootstrap 110f404fad45858d5cd9, via sourceMapPathOverrides entry - "webpack:///*": "*"
[20:17:18.515 UTC] SourceMap: mapping webpack:///./src/script.js => /Users/roblou/code/vscode-chrome-debug/testdata/breakOnLoad_webpack/src/script.js, via sourceMapPathOverrides entry - "webpack:///./*": "/Users/roblou/code/vscode-chrome-debug/testdata/breakOnLoad_webpack/*"
[20:17:18.516 UTC] SourceMaps.scriptParsed: /Users/roblou/code/vscode-chrome-debug/testdata/breakOnLoad_webpack/dist/bundle.js was just loaded and has mapped sources: ["webpack/bootstrap 110f404fad45858d5cd9","/Users/roblou/code/vscode-chrome-debug/testdata/breakOnLoad_webpack/src/script.js"]
[20:17:18.516 UTC] OnScriptParsed.resolvePendingBPs: Resolving pending breakpoints: {"args":{"lines":[1],"breakpoints":[{"line":1,"column":1}],"source":{"path":"/Users/roblou/code/vscode-chrome-debug/testdata/breakOnLoad_webpack/src/script.js"}},"ids":[1000],"requestSeq":3,"setWithPath":""}
[20:17:18.516 UTC] SourceMaps.setBP: Mapped /Users/roblou/code/vscode-chrome-debug/testdata/breakOnLoad_webpack/src/script.js to /Users/roblou/code/vscode-chrome-debug/testdata/breakOnLoad_webpack/dist/bundle.js
[20:17:18.518 UTC] SourceMaps.setBP: Mapped /Users/roblou/code/vscode-chrome-debug/testdata/breakOnLoad_webpack/src/script.js:1:1 to /Users/roblou/code/vscode-chrome-debug/testdata/breakOnLoad_webpack/dist/bundle.js:70:1
[20:17:18.518 UTC] Paths.setBP: Resolved /Users/roblou/code/vscode-chrome-debug/testdata/breakOnLoad_webpack/dist/bundle.js to http://localhost:7890/dist/bundle.js
[20:17:18.519 UTC] → To target: "{\"id\":18,\"method\":\"Debugger.getPossibleBreakpoints\",\"params\":{\"start\":{\"scriptId\":\"14\",\"lineNumber\":69,\"columnNumber\":0},\"end\":{\"scriptId\":\"14\",\"lineNumber\":70,\"columnNumber\":0},\"restrictToFunction\":false}}"
[20:17:18.522 UTC] ← From target: {"id":18,"result":{"locations":[{"scriptId":"14","lineNumber":69,"columnNumber":0},{"scriptId":"14","lineNumber":69,"columnNumber":9,"type":"call"}]}}
[20:17:18.522 UTC] → To target: "{\"id\":19,\"method\":\"Debugger.setBreakpointByUrl\",\"params\":{\"urlRegex\":\"http:\\\\/\\\\/localhost:7890\\\\/dist\\\\/bundle\\\\.js\",\"lineNumber\":69,\"columnNumber\":0}}"
[20:17:18.524 UTC] ← From target: {"id":19,"result":{"breakpointId":"2:69:0:http:\\/\\/localhost:7890\\/dist\\/bundle\\.js","locations":[{"scriptId":"14","lineNumber":69,"columnNumber":0}]}}
[20:17:18.525 UTC] SourceMaps.setBP: Mapped /Users/roblou/code/vscode-chrome-debug/testdata/breakOnLoad_webpack/dist/bundle.js:70:1 to /Users/roblou/code/vscode-chrome-debug/testdata/breakOnLoad_webpack/src/script.js:1
[20:17:18.525 UTC] To client: {"seq":0,"type":"event","event":"breakpoint","body":{"reason":"changed","breakpoint":{"id":1000,"verified":true,"line":1,"column":1}}}
[20:17:18.526 UTC] BreakOnLoadHelper: Finished waiting for breakpoints to get resolved.
[20:17:18.526 UTC] Paths.scriptParsed: resolved http://localhost:7890/dist/bundle.js to /Users/roblou/code/vscode-chrome-debug/testdata/breakOnLoad_webpack/dist/bundle.js. pathMapping/webroot: {"/":"/Users/roblou/code/vscode-chrome-debug/testdata/breakOnLoad_webpack"}
[20:17:18.527 UTC] → To target: "{\"id\":20,\"method\":\"Debugger.resume\"}"
[20:17:18.527 UTC] ← From target: {"id":20,"result":{}}
[20:17:18.528 UTC] ← From target: {"method":"Debugger.resumed","params":{}}
[20:17:18.528 UTC] To client: {"seq":0,"type":"event","event":"continued","body":{"threadId":1}}
[20:17:18.529 UTC] ← From target: {"method":"Debugger.paused","params":{"callFrames":[{"callFrameId":"{\"ordinal\":0,\"injectedScriptId\":2}","functionName":"","functionLocation":{"scriptId":"14","lineNumber":67,"columnNumber":15},"location":{"scriptId":"14","lineNumber":69,"columnNumber":0},"url":"http://localhost:7890/dist/bundle.js","scopeChain":[{"type":"local","object":{"type":"object","className":"Object","description":"Object","objectId":"{\"injectedScriptId\":2,\"id\":3}"},"startLocation":{"scriptId":"14","lineNumber":67,"columnNumber":15},"endLocation":{"scriptId":"14","lineNumber":79,"columnNumber":7}},{"type":"global","object":{"type":"object","className":"Window","description":"Window","objectId":"{\"injectedScriptId\":2,\"id\":4}"}}],"this":{"type":"object","className":"Object","description":"Object","objectId":"{\"injectedScriptId\":2,\"id\":5}"}},{"callFrameId":"{\"ordinal\":1,\"injectedScriptId\":2}","functionName":"__webpack_require__","functionLocation":{"scriptId":"14","lineNumber":5,"columnNumber":38},"location":{"scriptId":"14","lineNumber":19,"columnNumber":29},"url":"http://localhost:7890/dist/bundle.js","scopeChain":[{"type":"local","object":{"type":"object","className":"Object","description":"Object","objectId":"{\"injectedScriptId\":2,\"id\":6}"},"name":"__webpack_require__","startLocation":{"scriptId":"14","lineNumber":5,"columnNumber":38},"endLocation":{"scriptId":"14","lineNumber":26,"columnNumber":11}},{"type":"closure","object":{"type":"object","className":"Object","description":"Object","objectId":"{\"injectedScriptId\":2,\"id\":7}"},"startLocation":{"scriptId":"14","lineNumber":0,"columnNumber":18},"endLocation":{"scriptId":"14","lineNumber":63,"columnNumber":10}},{"type":"global","object":{"type":"object","className":"Window","description":"Window","objectId":"{\"injectedScriptId\":2,\"id\":8}"}}],"this":{"type":"object","className":"Window","description":"Window","objectId":"{\"injectedScriptId\":2,\"id\":9}"}},{"callFrameId":"{\"ordinal\":2,\"injectedScriptId\":2}","functionName":"","functionLocation":{"scriptId":"14","lineNumber":0,"columnNumber":18},"location":{"scriptId":"14","lineNumber":62,"columnNumber":17},"url":"http://localhost:7890/dist/bundle.js","scopeChain":[{"type":"local","object":{"type":"object","className":"Object","description":"Object","objectId":"{\"injectedScriptId\":2,\"id\":10}"},"startLocation":{"scriptId":"14","lineNumber":0,"columnNumber":18},"endLocation":{"scriptId":"14","lineNumber":63,"columnNumber":10}},{"type":"global","object":{"type":"object","className":"Window","description":"Window","objectId":"{\"injectedScriptId\":2,\"id\":11}"}}],"this":{"type":"object","className":"Window","description":"Window","objectId":"{\"injectedScriptId\":2,\"id\":12}"}},{"callFrameId":"{\"ordinal\":3,\"injectedScriptId\":2}","functionName":"","functionLocation":{"scriptId":"14","lineNumber":0,"columnNumber":0},"location":{"scriptId":"14","lineNumber":65,"columnNumber":9},"url":"http://localhost:7890/dist/bundle.js","scopeChain":[{"type":"global","object":{"type":"object","className":"Window","description":"Window","objectId":"{\"injectedScriptId\":2,\"id\":13}"}}],"this":{"type":"object","className":"Window","description":"Window","objectId":"{\"injectedScriptId\":2,\"id\":14}"}}],"reason":"other","hitBreakpoints":["2:69:0:http:\\/\\/localhost:7890\\/dist\\/bundle\\.js"]}}
[20:17:18.529 UTC] To client: {"seq":0,"type":"event","event":"stopped","body":{"reason":"breakpoint","threadId":1,"description":"Paused on breakpoint"}}
[20:17:18.530 UTC] → To target: "{\"id\":21,\"method\":\"Overlay.setPausedInDebuggerMessage\",\"params\":{\"message\":\"Paused in Visual Studio Code\"}}"
[20:17:18.530 UTC] From client: stackTrace({"threadId":1})
[20:17:18.533 UTC] To client: {"seq":0,"type":"response","request_seq":5,"command":"stackTrace","success":true,"body":{"stackFrames":[{"id":1000,"name":"(anonymous function)","source":{"name":"script.js","path":"/Users/roblou/code/vscode-chrome-debug/testdata/breakOnLoad_webpack/src/script.js"},"line":1,"column":1},{"id":1001,"name":"__webpack_require__","source":{"name":"bundle.js","path":"/Users/roblou/code/vscode-chrome-debug/testdata/breakOnLoad_webpack/dist/bundle.js"},"line":20,"column":30},{"id":1002,"name":"(anonymous function)","source":{"name":"bundle.js","path":"/Users/roblou/code/vscode-chrome-debug/testdata/breakOnLoad_webpack/dist/bundle.js"},"line":63,"column":18},{"id":1003,"name":"(anonymous function)","source":{"name":"bundle.js","path":"/Users/roblou/code/vscode-chrome-debug/testdata/breakOnLoad_webpack/dist/bundle.js","origin":"(skipped by 'smartStep')"},"line":66,"column":10,"presentationHint":"deemphasize"}],"totalFrames":4}}
[20:17:18.533 UTC] To client: {"seq":0,"type":"event","event":"output","body":{"category":"telemetry","output":"ClientRequest/stackTrace","data":{"Versions.DebugAdapterCore":"6.8.6","Versions.DebugAdapter":"4.12.1","Versions.Target.CRDPVersion":"1.3","Versions.Target.Revision":"@a99230af311e8e646833be14a670de5322454fbe","Versions.Target.UserAgent":"Mozilla/5.0 (Macintosh; Intel Mac OS X 10_14_6) AppleWebKit/537.36 (KHTML, like Gecko) Chrome/76.0.3803.0 Safari/537.36","Versions.Target.V8":"7.6.247","Versions.Target.Project":"Chrome","Versions.Target.Version":"76.0.3803.0","successful":"true","timeTakenInMilliseconds":"2.835633","requestType":"request"}}}
[20:17:18.533 UTC] From client: disconnect(undefined)
[20:17:18.534 UTC] To client: {"seq":0,"type":"event","event":"output","body":{"category":"telemetry","output":"FullSessionStatistics/SourceMaps/Overrides","data":{"Versions.DebugAdapterCore":"6.8.6","Versions.DebugAdapter":"4.12.1","Versions.Target.CRDPVersion":"1.3","Versions.Target.Revision":"@a99230af311e8e646833be14a670de5322454fbe","Versions.Target.UserAgent":"Mozilla/5.0 (Macintosh; Intel Mac OS X 10_14_6) AppleWebKit/537.36 (KHTML, like Gecko) Chrome/76.0.3803.0 Safari/537.36","Versions.Target.V8":"7.6.247","Versions.Target.Project":"Chrome","Versions.Target.Version":"76.0.3803.0","aspNetClientAppFallbackCount":0}}}
[20:17:18.534 UTC] To client: {"seq":0,"type":"event","event":"output","body":{"category":"telemetry","output":"target/notification/onScriptParsed","data":{"Versions.DebugAdapterCore":"6.8.6","Versions.DebugAdapter":"4.12.1","Versions.Target.CRDPVersion":"1.3","Versions.Target.Revision":"@a99230af311e8e646833be14a670de5322454fbe","Versions.Target.UserAgent":"Mozilla/5.0 (Macintosh; Intel Mac OS X 10_14_6) AppleWebKit/537.36 (KHTML, like Gecko) Chrome/76.0.3803.0 Safari/537.36","Versions.Target.V8":"7.6.247","Versions.Target.Project":"Chrome","Versions.Target.Version":"76.0.3803.0","aggregated.startTime":"[\"1575058638471\",\"1575058638510\"]","aggregated.successful":"[\"true\",\"true\"]","aggregated.timeTakenInMilliseconds":"[\"3.919711\",\"15.865478\"]"}}}
[20:17:18.534 UTC] To client: {"seq":0,"type":"event","event":"output","body":{"category":"telemetry","output":"target/notification/onPaused","data":{"Versions.DebugAdapterCore":"6.8.6","Versions.DebugAdapter":"4.12.1","Versions.Target.CRDPVersion":"1.3","Versions.Target.Revision":"@a99230af311e8e646833be14a670de5322454fbe","Versions.Target.UserAgent":"Mozilla/5.0 (Macintosh; Intel Mac OS X 10_14_6) AppleWebKit/537.36 (KHTML, like Gecko) Chrome/76.0.3803.0 Safari/537.36","Versions.Target.V8":"7.6.247","Versions.Target.Project":"Chrome","Versions.Target.Version":"76.0.3803.0","aggregated.startTime":"[\"1575058638513\",\"1575058638529\"]","aggregated.successful":"[\"true\",\"true\"]","aggregated.timeTakenInMilliseconds":"[\"13.976241\",\"0.83634\"]"}}}
[20:17:18.535 UTC] Terminated: Got disconnect request
[20:17:18.535 UTC] Waiting for any pending steps or log messages.
[20:17:18.535 UTC] Killing Chrome process
[20:17:18.535 UTC] To client: {"seq":0,"type":"response","request_seq":6,"command":"disconnect","success":true}
[20:17:18.535 UTC] To client: {"seq":0,"type":"event","event":"output","body":{"category":"telemetry","output":"ClientRequest/disconnect","data":{"Versions.DebugAdapterCore":"6.8.6","Versions.DebugAdapter":"4.12.1","Versions.Target.CRDPVersion":"1.3","Versions.Target.Revision":"@a99230af311e8e646833be14a670de5322454fbe","Versions.Target.UserAgent":"Mozilla/5.0 (Macintosh; Intel Mac OS X 10_14_6) AppleWebKit/537.36 (KHTML, like Gecko) Chrome/76.0.3803.0 Safari/537.36","Versions.Target.V8":"7.6.247","Versions.Target.Project":"Chrome","Versions.Target.Version":"76.0.3803.0","successful":"true","timeTakenInMilliseconds":"1.70979","requestType":"request"}}}
[20:17:18.535 UTC] Current step and log messages complete
[20:17:18.535 UTC] To client: {"seq":0,"type":"event","event":"output","body":{"category":"telemetry","output":"debugStopped","data":{"Versions.DebugAdapterCore":"6.8.6","Versions.DebugAdapter":"4.12.1","Versions.Target.CRDPVersion":"1.3","Versions.Target.Revision":"@a99230af311e8e646833be14a670de5322454fbe","Versions.Target.UserAgent":"Mozilla/5.0 (Macintosh; Intel Mac OS X 10_14_6) AppleWebKit/537.36 (KHTML, like Gecko) Chrome/76.0.3803.0 Safari/537.36","Versions.Target.V8":"7.6.247","Versions.Target.Project":"Chrome","Versions.Target.Version":"76.0.3803.0","reason":"Got disconnect request"}}}
[20:17:18.535 UTC] To client: {"seq":0,"type":"event","event":"terminated"}
