2019-11-29, 20:17:18.829 UTC
[20:17:18.830 UTC] OS: darwin x64
[20:17:18.830 UTC] Adapter node: v12.13.0 x64
[20:17:18.830 UTC] vscode-chrome-debug-core: 6.8.6
[20:17:18.830 UTC] debugger-for-chrome: 4.12.1
[20:17:18.831 UTC] From client: initialize({"adapterID":"chrome","linesStartAt1":true,"columnsStartAt1":true,"pathFormat":"path"})
[20:17:18.831 UTC] To client: {"seq":0,"type":"response","request_seq":1,"command":"initialize","success":true,"body":{"exceptionBreakpointFilters":[{"label":"All Exceptions","filter":"all","default":false},{"label":"Uncaught Exceptions","filter":"uncaught","default":false}],"supportsConfigurationDoneRequest":true,"supportsSetVariable":true,"supportsConditionalBreakpoints":true,"supportsCompletionsRequest":true,"supportsHitConditionalBreakpoints":true,"supportsRestartFrame":true,"supportsExceptionInfoRequest":true,"supportsDelayedStackTraceLoading":true,"supportsValueFormattingOptions":true,"supportsEvaluateForHovers":true,"supportsLoadedSourcesRequest":true,"supportsBreakpointLocationsRequest":true,"supportsRestartRequest":true,"supportsSetExpression":true,"supportsLogPoints":true}}
[20:17:18.831 UTC] To client: {"seq":0,"type":"event","event":"output","body":{"category":"telemetry","output":"ClientRequest/initialize","data":{"Versions.DebugAdapterCore":"6.8.6","Versions.DebugAdapter":"4.12.1","successful":"true","timeTakenInMilliseconds":"3.673704","requestType":"request"}}}
[20:17:18.831 UTC] From client: launch({"url":"http://localhost:7890/index.html","webRoot":"/Users/roblou/code/vscode-chrome-debug/testdata/breakOnLoad_sourceMaps","trace":"verbose","logTimestamps":true,"disableNetworkCache":true,"logFilePath":"/Users/roblou/code/vscode-chrome-debug/logs/darwin-BreakOnLoad BreakOnLoad Disabled (strategy- off) Does not hit a breakpoint in a file on load-DA.log","runtimeExecutable":"/Users/roblou/code/vscode-chrome-debug/node_modules/puppeteer/.local-chromium/mac-662092/chrome-mac/Chromium.app/Contents/MacOS/Chromium","userDataDir":"/var/folders/tx/p0ycbfpj37786p760wwdg6y80000gn/T/chrome2-26729Fpi0yOG8mPMG","breakOnLoadStrategy":"off"})
[20:17:18.831 UTC] To client: {"seq":0,"type":"event","event":"output","body":{"category":"telemetry","output":"debugStarted","data":{"Versions.DebugAdapterCore":"6.8.6","Versions.DebugAdapter":"4.12.1","request":"launch","args":["url","webRoot","trace","logTimestamps","disableNetworkCache","logFilePath","runtimeExecutable","userDataDir","breakOnLoadStrategy","pathMapping","sourceMaps","sourceMapPathOverrides","skipFileRegExps","targetFilter","smartStep","showAsyncStacks"]}}}
[20:17:18.831 UTC] spawn('/Users/roblou/code/vscode-chrome-debug/node_modules/puppeteer/.local-chromium/mac-662092/chrome-mac/Chromium.app/Contents/MacOS/Chromium', ["--remote-debugging-port=9222","--no-first-run","--no-default-browser-check","--user-data-dir=/var/folders/tx/p0ycbfpj37786p760wwdg6y80000gn/T/chrome2-26729Fpi0yOG8mPMG","about:blank"])
[20:17:18.831 UTC] Getting browser and debug protocol version via http://127.0.0.1:9222/json/version
[20:17:18.831 UTC] Discovering targets via http://127.0.0.1:9222/json/list
[20:17:18.831 UTC] HTTP GET failed: Error: connect ECONNREFUSED 127.0.0.1:9222
[20:17:18.831 UTC] There was an error connecting to http://127.0.0.1:9222/json/version : connect ECONNREFUSED 127.0.0.1:9222
[20:17:18.831 UTC] HTTP GET failed: Error: connect ECONNREFUSED 127.0.0.1:9222
[20:17:18.831 UTC] Discovering targets via http://127.0.0.1:9222/json
[20:17:18.832 UTC] HTTP GET failed: Error: connect ECONNREFUSED 127.0.0.1:9222
[20:17:19.036 UTC] Getting browser and debug protocol version via http://127.0.0.1:9222/json/version
[20:17:19.037 UTC] Discovering targets via http://127.0.0.1:9222/json/list
[20:17:19.038 UTC] HTTP GET failed: Error: connect ECONNREFUSED 127.0.0.1:9222
[20:17:19.038 UTC] There was an error connecting to http://127.0.0.1:9222/json/version : connect ECONNREFUSED 127.0.0.1:9222
[20:17:19.039 UTC] HTTP GET failed: Error: connect ECONNREFUSED 127.0.0.1:9222
[20:17:19.041 UTC] Discovering targets via http://127.0.0.1:9222/json
[20:17:19.043 UTC] HTTP GET failed: Error: connect ECONNREFUSED 127.0.0.1:9222
[20:17:19.311 UTC] Getting browser and debug protocol version via http://127.0.0.1:9222/json/version
[20:17:19.332 UTC] Discovering targets via http://127.0.0.1:9222/json/list
[20:17:19.645 UTC] Got browser version: Chrome/76.0.3803.0
[20:17:19.646 UTC] Got debug protocol version: 1.3
[20:17:19.646 UTC] To client: {"seq":0,"type":"event","event":"output","body":{"category":"telemetry","output":"targetDebugProtocolVersion","data":{"Versions.DebugAdapterCore":"6.8.6","Versions.DebugAdapter":"4.12.1"}}}
[20:17:19.646 UTC] To client: {"seq":0,"type":"event","event":"output","body":{"category":"telemetry","output":"targetCount","data":{"Versions.DebugAdapterCore":"6.8.6","Versions.DebugAdapter":"4.12.1","numTargets":1}}}
[20:17:19.647 UTC] Attaching to target: {"description":"","devtoolsFrontendUrl":"/devtools/inspector.html?ws=localhost/devtools/page/16A0E9EF415C5EA65ECEB678814A9C11","id":"16A0E9EF415C5EA65ECEB678814A9C11","title":"","type":"page","url":"about:blank","webSocketDebuggerUrl":"ws://127.0.0.1:9222/devtools/page/16A0E9EF415C5EA65ECEB678814A9C11","version":{}}
[20:17:19.647 UTC] WebSocket Url: ws://127.0.0.1:9222/devtools/page/16A0E9EF415C5EA65ECEB678814A9C11
[20:17:19.668 UTC] → To target: "{\"id\":1,\"method\":\"Console.enable\"}"
[20:17:19.668 UTC] → To target: "{\"id\":2,\"method\":\"Debugger.enable\"}"
[20:17:19.668 UTC] → To target: "{\"id\":3,\"method\":\"Runtime.enable\"}"
[20:17:19.668 UTC] → To target: "{\"id\":4,\"method\":\"Log.enable\"}"
[20:17:19.668 UTC] → To target: "{\"id\":5,\"method\":\"Runtime.runIfWaitingForDebugger\"}"
[20:17:19.668 UTC] → To target: "{\"id\":6,\"method\":\"Runtime.run\"}"
[20:17:19.668 UTC] → To target: "{\"id\":7,\"method\":\"Page.enable\"}"
[20:17:19.668 UTC] → To target: "{\"id\":8,\"method\":\"Network.enable\",\"params\":{}}"
[20:17:19.712 UTC] ← From target: {"id":1,"result":{}}
[20:17:19.714 UTC] ← From target: {"id":2,"result":{"debuggerId":"(EA2A2746C17D410DE9A70825431D7830)"}}
[20:17:19.715 UTC] ← From target: {"method":"Runtime.executionContextCreated","params":{"context":{"id":1,"origin":"://","name":"","auxData":{"isDefault":true,"type":"default","frameId":"16A0E9EF415C5EA65ECEB678814A9C11"}}}}
[20:17:19.715 UTC] ← From target: {"id":3,"result":{}}
[20:17:19.716 UTC] ← From target: {"id":4,"result":{}}
[20:17:19.716 UTC] ← From target: {"id":5,"result":{}}
[20:17:19.717 UTC] ← From target: {"error":{"code":-32601,"message":"'Runtime.run' wasn't found"},"id":6}
[20:17:19.717 UTC] ← From target: {"id":7,"result":{}}
[20:17:19.717 UTC] ← From target: {"id":8,"result":{}}
[20:17:19.718 UTC] → To target: "{\"id\":9,\"method\":\"Debugger.setBlackboxPatterns\",\"params\":{\"patterns\":[\"^chrome-extension:.*\"]}}"
[20:17:19.718 UTC] → To target: "{\"id\":10,\"method\":\"Schema.getDomains\"}"
[20:17:19.718 UTC] ← From target: {"method":"Page.frameResized","params":{}}
[20:17:19.719 UTC] ← From target: {"id":10,"result":{"domains":[{"name":"Inspector","version":"1.2"},{"name":"Memory","version":"1.2"},{"name":"Page","version":"1.2"},{"name":"Emulation","version":"1.2"},{"name":"Security","version":"1.2"},{"name":"Network","version":"1.2"},{"name":"Database","version":"1.2"},{"name":"IndexedDB","version":"1.2"},{"name":"CacheStorage","version":"1.2"},{"name":"DOMStorage","version":"1.2"},{"name":"CSS","version":"1.2"},{"name":"ApplicationCache","version":"1.2"},{"name":"DOM","version":"1.2"},{"name":"IO","version":"1.2"},{"name":"DOMDebugger","version":"1.2"},{"name":"DOMSnapshot","version":"1.2"},{"name":"ServiceWorker","version":"1.2"},{"name":"Input","version":"1.2"},{"name":"LayerTree","version":"1.2"},{"name":"DeviceOrientation","version":"1.2"},{"name":"Tracing","version":"1.2"},{"name":"Animation","version":"1.2"},{"name":"Accessibility","version":"1.2"},{"name":"Storage","version":"1.2"},{"name":"Log","version":"1.2"},{"name":"Runtime","version":"1.2"},{"name":"Debugger","version":"1.2"},{"name":"Profiler","version":"1.2"},{"name":"HeapProfiler","version":"1.2"},{"name":"Schema","version":"1.2"},{"name":"Target","version":"1.2"},{"name":"Overlay","version":"1.2"},{"name":"Performance","version":"1.2"},{"name":"Audits","version":"1.2"},{"name":"HeadlessExperimental","version":"1.2"}]}}
[20:17:19.720 UTC] → To target: "{\"id\":11,\"method\":\"Debugger.setAsyncCallStackDepth\",\"params\":{\"maxDepth\":4}}"
[20:17:19.720 UTC] ← From target: {"id":9,"result":{}}
[20:17:19.720 UTC] ← From target: {"id":11,"result":{}}
[20:17:19.721 UTC] → To target: "{\"id\":12,\"method\":\"Runtime.evaluate\",\"params\":{\"expression\":\"navigator.userAgent\",\"silent\":true}}"
[20:17:19.721 UTC] → To target: "{\"id\":13,\"method\":\"Browser.getVersion\"}"
[20:17:19.721 UTC] To client: {"seq":0,"type":"response","request_seq":2,"command":"launch","success":true}
[20:17:19.721 UTC] To client: {"seq":0,"type":"event","event":"output","body":{"category":"telemetry","output":"ClientRequest/launch","data":{"Versions.DebugAdapterCore":"6.8.6","Versions.DebugAdapter":"4.12.1","successful":"true","timeTakenInMilliseconds":"994.318226","requestType":"request"}}}
[20:17:19.722 UTC] ← From target: {"id":13,"result":{"protocolVersion":"1.3","product":"Chrome/76.0.3803.0","revision":"@a99230af311e8e646833be14a670de5322454fbe","userAgent":"Mozilla/5.0 (Macintosh; Intel Mac OS X 10_14_6) AppleWebKit/537.36 (KHTML, like Gecko) Chrome/76.0.3803.0 Safari/537.36","jsVersion":"7.6.247"}}
[20:17:19.722 UTC] To client: {"seq":0,"type":"event","event":"output","body":{"category":"telemetry","output":"target-version","data":{"Versions.DebugAdapterCore":"6.8.6","Versions.DebugAdapter":"4.12.1","Versions.Target.CRDPVersion":"1.3","Versions.Target.Revision":"@a99230af311e8e646833be14a670de5322454fbe","Versions.Target.UserAgent":"Mozilla/5.0 (Macintosh; Intel Mac OS X 10_14_6) AppleWebKit/537.36 (KHTML, like Gecko) Chrome/76.0.3803.0 Safari/537.36","Versions.Target.V8":"7.6.247","Versions.Target.Project":"Chrome","Versions.Target.Version":"76.0.3803.0"}}}
[20:17:19.722 UTC] ← From target: {"method":"Debugger.scriptParsed","params":{"scriptId":"13","url":"","startLine":0,"startColumn":0,"endLine":0,"endColumn":19,"executionContextId":1,"hash":"3a6f8cb8708878331cc2be2ec90de0ab25738855","executionContextAuxData":{"isDefault":true,"type":"default","frameId":"16A0E9EF415C5EA65ECEB678814A9C11"},"isLiveEdit":false,"sourceMapURL":"","hasSourceURL":false,"isModule":false,"length":19}}
[20:17:19.725 UTC] → To target: "{\"id\":14,\"method\":\"Debugger.getPossibleBreakpoints\",\"params\":{\"start\":{\"scriptId\":\"13\",\"lineNumber\":0,\"columnNumber\":0},\"end\":{\"scriptId\":\"13\",\"lineNumber\":1,\"columnNumber\":0},\"restrictToFunction\":false}}"
[20:17:19.727 UTC] ← From target: {"id":12,"result":{"result":{"type":"string","value":"Mozilla/5.0 (Macintosh; Intel Mac OS X 10_14_6) AppleWebKit/537.36 (KHTML, like Gecko) Chrome/76.0.3803.0 Safari/537.36"}}}
[20:17:19.727 UTC] Target userAgent: Mozilla/5.0 (Macintosh; Intel Mac OS X 10_14_6) AppleWebKit/537.36 (KHTML, like Gecko) Chrome/76.0.3803.0 Safari/537.36
[20:17:19.727 UTC] → To target: "{\"id\":15,\"method\":\"Network.setCacheDisabled\",\"params\":{\"cacheDisabled\":true}}"
[20:17:19.729 UTC] ← From target: {"id":14,"result":{"locations":[{"scriptId":"13","lineNumber":0,"columnNumber":0}]}}
[20:17:19.729 UTC] To client: {"seq":0,"type":"event","event":"initialized"}
[20:17:19.730 UTC] To client: {"seq":0,"type":"event","event":"loadedSource","body":{"reason":"new","source":{"name":"VM13","path":"<eval>/VM13","sourceReference":1000}}}
[20:17:19.731 UTC] From client: setBreakpoints({"lines":[1],"breakpoints":[{"line":1,"column":1}],"source":{"path":"/Users/roblou/code/vscode-chrome-debug/testdata/breakOnLoad_sourceMaps/src/script.ts"}})
[20:17:19.731 UTC] To client: {"seq":0,"type":"event","event":"output","body":{"category":"telemetry","output":"setBreakpointsRequest","data":{"Versions.DebugAdapterCore":"6.8.6","Versions.DebugAdapter":"4.12.1","Versions.Target.CRDPVersion":"1.3","Versions.Target.Revision":"@a99230af311e8e646833be14a670de5322454fbe","Versions.Target.UserAgent":"Mozilla/5.0 (Macintosh; Intel Mac OS X 10_14_6) AppleWebKit/537.36 (KHTML, like Gecko) Chrome/76.0.3803.0 Safari/537.36","Versions.Target.V8":"7.6.247","Versions.Target.Project":"Chrome","Versions.Target.Version":"76.0.3803.0","fileExt":".ts"}}}
[20:17:19.732 UTC] To client: {"seq":0,"type":"response","request_seq":3,"command":"setBreakpoints","success":true,"body":{"breakpoints":[{"verified":false,"line":1,"column":1,"message":"Breakpoint ignored because generated code not found (source map problem?).","id":1000}]}}
[20:17:19.732 UTC] To client: {"seq":0,"type":"event","event":"output","body":{"category":"telemetry","output":"ClientRequest/setBreakpoints","data":{"Versions.DebugAdapterCore":"6.8.6","Versions.DebugAdapter":"4.12.1","Versions.Target.CRDPVersion":"1.3","Versions.Target.Revision":"@a99230af311e8e646833be14a670de5322454fbe","Versions.Target.UserAgent":"Mozilla/5.0 (Macintosh; Intel Mac OS X 10_14_6) AppleWebKit/537.36 (KHTML, like Gecko) Chrome/76.0.3803.0 Safari/537.36","Versions.Target.V8":"7.6.247","Versions.Target.Project":"Chrome","Versions.Target.Version":"76.0.3803.0","successful":"true","timeTakenInMilliseconds":"1.286159","requestType":"request"}}}
[20:17:19.732 UTC] From client: configurationDone(undefined)
[20:17:19.733 UTC] → To target: "{\"id\":16,\"method\":\"Page.navigate\",\"params\":{\"url\":\"http://localhost:7890/index.html\"}}"
[20:17:19.733 UTC] To client: {"seq":0,"type":"response","request_seq":4,"command":"configurationDone","success":true}
[20:17:19.733 UTC] To client: {"seq":0,"type":"event","event":"output","body":{"category":"telemetry","output":"ClientRequest/configurationDone","data":{"Versions.DebugAdapterCore":"6.8.6","Versions.DebugAdapter":"4.12.1","Versions.Target.CRDPVersion":"1.3","Versions.Target.Revision":"@a99230af311e8e646833be14a670de5322454fbe","Versions.Target.UserAgent":"Mozilla/5.0 (Macintosh; Intel Mac OS X 10_14_6) AppleWebKit/537.36 (KHTML, like Gecko) Chrome/76.0.3803.0 Safari/537.36","Versions.Target.V8":"7.6.247","Versions.Target.Project":"Chrome","Versions.Target.Version":"76.0.3803.0","successful":"true","timeTakenInMilliseconds":"0.51451","requestType":"request"}}}
[20:17:19.733 UTC] ← From target: {"id":15,"result":{}}
[20:17:19.739 UTC] ← From target: {"id":16,"result":{"frameId":"16A0E9EF415C5EA65ECEB678814A9C11","loaderId":"223F1D1B68D4D6F547CCD4107D7A88F4"}}
[20:17:19.753 UTC] ← From target: {"method":"Page.frameStartedLoading","params":{"frameId":"16A0E9EF415C5EA65ECEB678814A9C11"}}
[20:17:19.753 UTC] ← From target: {"method":"Runtime.executionContextDestroyed","params":{"executionContextId":1}}
[20:17:19.754 UTC] ← From target: {"method":"Runtime.executionContextsCleared","params":{}}
[20:17:19.754 UTC] To client: {"seq":0,"type":"event","event":"loadedSource","body":{"reason":"removed","source":{"name":"VM13","path":"<eval>/VM13","sourceReference":1000}}}
[20:17:19.754 UTC] ← From target: {"method":"Page.frameNavigated","params":{"frame":{"id":"16A0E9EF415C5EA65ECEB678814A9C11","loaderId":"223F1D1B68D4D6F547CCD4107D7A88F4","url":"http://localhost:7890/index.html","securityOrigin":"http://localhost:7890","mimeType":"text/html"}}}
[20:17:19.755 UTC] To client: {"seq":0,"type":"event","event":"output","body":{"category":"telemetry","output":"report-start-up-timings","data":{"Versions.DebugAdapterCore":"6.8.6","Versions.DebugAdapter":"4.12.1","Versions.Target.CRDPVersion":"1.3","Versions.Target.Revision":"@a99230af311e8e646833be14a670de5322454fbe","Versions.Target.UserAgent":"Mozilla/5.0 (Macintosh; Intel Mac OS X 10_14_6) AppleWebKit/537.36 (KHTML, like Gecko) Chrome/76.0.3803.0 Safari/537.36","Versions.Target.V8":"7.6.247","Versions.Target.Project":"Chrome","Versions.Target.Version":"76.0.3803.0","RequestedContentWasDetected":"true","Steps":"[\"BeforeFirstStep\",\"ClientRequest/initialize\",\"ClientRequest/launch\",\"LaunchTarget.LaunchExe\",\"Attach\",\"Attach.RequestDebuggerTargetsInformation\",\"Attach.RequestDebuggerTargetsInformation\",\"Attach.RequestDebuggerTargetsInformation\",\"Attach.ProcessDebuggerTargetsInformation\",\"Attach.AttachToTargetDebuggerWebsocket\",\"Attach.ConfigureDebuggingSession.Internal\",\"Attach.ConfigureDebuggingSession.Target\",\"Attach.ConfigureDebuggingSession.End\"]","All":"1046.275269","Request.ClientRequest/setBreakpoints.startTime":"[1575058639731]","Request.ClientRequest/setBreakpoints.timeTakenInMilliseconds":"[1.286159]","Request.ClientRequest/configurationDone.startTime":"[1575058639732]","Request.ClientRequest/configurationDone.timeTakenInMilliseconds":"[0.51451]","BeforeFirstStep":"[14.10586]","WaitingAfter.ClientRequest/initialize":"[17.689898]","ClientRequest/initialize":"[4.064662]","ClientRequest/launch":"[54.119509]","LaunchTarget.LaunchExe":"[33.463878]","Attach":"[6.69551]","Attach.RequestDebuggerTargetsInformation":"[215.533845,290.236463,318.830672]","Attach.ProcessDebuggerTargetsInformation":"[2.344398]","Attach.AttachToTargetDebuggerWebsocket":"[2.69749]","Attach.ConfigureDebuggingSession.Internal":"[0.591263]","Attach.ConfigureDebuggingSession.Target":"[68.630302]","WaitingAfter.ClientRequest/launch":"[1012.54126]","WaitingAfter.NotifyInitialized":"[1021.029849]","RequestedNavigateToUserPage":"[1030.667424]","Attach.ConfigureDebuggingSession.End":"[34.379465]"}}}
[20:17:19.756 UTC] ← From target: {"method":"Runtime.executionContextCreated","params":{"context":{"id":2,"origin":"http://localhost:7890","name":"","auxData":{"isDefault":true,"type":"default","frameId":"16A0E9EF415C5EA65ECEB678814A9C11"}}}}
[20:17:19.762 UTC] ← From target: {"method":"Debugger.scriptParsed","params":{"scriptId":"14","url":"http://localhost:7890/out/script.js","startLine":0,"startColumn":0,"endLine":8,"endColumn":34,"executionContextId":2,"hash":"2c7bb01d75770b9b64ad190f90d66dc325364a14","executionContextAuxData":{"isDefault":true,"type":"default","frameId":"16A0E9EF415C5EA65ECEB678814A9C11"},"isLiveEdit":false,"sourceMapURL":"script.js.map","hasSourceURL":false,"isModule":false,"length":160}}
[20:17:19.762 UTC] Paths.scriptParsed: resolved http://localhost:7890/out/script.js to /Users/roblou/code/vscode-chrome-debug/testdata/breakOnLoad_sourceMaps/out/script.js. pathMapping/webroot: {"/":"/Users/roblou/code/vscode-chrome-debug/testdata/breakOnLoad_sourceMaps"}
[20:17:19.763 UTC] SourceMaps.getMapForGeneratedPath: Finding SourceMap for /Users/roblou/code/vscode-chrome-debug/testdata/breakOnLoad_sourceMaps/out/script.js by URI: script.js.map and webRoot/pathMapping: {"/":"/Users/roblou/code/vscode-chrome-debug/testdata/breakOnLoad_sourceMaps"}
[20:17:19.763 UTC] SourceMaps.loadSourceMapContents: Reading local sourcemap file from /Users/roblou/code/vscode-chrome-debug/testdata/breakOnLoad_sourceMaps/out/script.js.map
[20:17:19.764 UTC] To client: {"seq":0,"type":"event","event":"loadedSource","body":{"reason":"new","source":{"name":"script.js","path":"http://localhost:7890/out/script.js","sourceReference":1001}}}
[20:17:19.764 UTC] ← From target: {"method":"Console.messageAdded","params":{"message":{"source":"console-api","level":"log","text":"Hi","url":"http://localhost:7890/out/script.js","line":2,"column":9}}}
[20:17:19.765 UTC] ← From target: {"method":"Runtime.consoleAPICalled","params":{"type":"log","args":[{"type":"string","value":"Hi"}],"executionContextId":2,"timestamp":1575058639750.598,"stackTrace":{"callFrames":[{"functionName":"","scriptId":"14","url":"http://localhost:7890/out/script.js","lineNumber":1,"columnNumber":8}]}}}
[20:17:19.767 UTC] SourceMap: creating for /Users/roblou/code/vscode-chrome-debug/testdata/breakOnLoad_sourceMaps/out/script.js
[20:17:19.767 UTC] SourceMap: sourceRoot: 
[20:17:19.767 UTC] SourceMap: sources: ["../src/script.ts"]
[20:17:19.767 UTC] SourceMap: pathMapping: {"/":"/Users/roblou/code/vscode-chrome-debug/testdata/breakOnLoad_sourceMaps"}
[20:17:19.767 UTC] SourceMap: no sourceRoot specified, using script dirname: /Users/roblou/code/vscode-chrome-debug/testdata/breakOnLoad_sourceMaps/out
[20:17:19.769 UTC] SourceMaps.scriptParsed: /Users/roblou/code/vscode-chrome-debug/testdata/breakOnLoad_sourceMaps/out/script.js was just loaded and has mapped sources: ["/Users/roblou/code/vscode-chrome-debug/testdata/breakOnLoad_sourceMaps/src/script.ts"]
[20:17:19.770 UTC] OnScriptParsed.resolvePendingBPs: Resolving pending breakpoints: {"args":{"lines":[1],"breakpoints":[{"line":1,"column":1}],"source":{"path":"/Users/roblou/code/vscode-chrome-debug/testdata/breakOnLoad_sourceMaps/src/script.ts"}},"ids":[1000],"requestSeq":3}
[20:17:19.771 UTC] To client: {"seq":0,"type":"event","event":"output","body":{"category":"stdout","output":"Hi\n","source":{"name":"script.ts","path":"/Users/roblou/code/vscode-chrome-debug/testdata/breakOnLoad_sourceMaps/src/script.ts"},"line":1,"column":43}}
[20:17:19.771 UTC] SourceMaps.setBP: Mapped /Users/roblou/code/vscode-chrome-debug/testdata/breakOnLoad_sourceMaps/src/script.ts to /Users/roblou/code/vscode-chrome-debug/testdata/breakOnLoad_sourceMaps/out/script.js
[20:17:19.772 UTC] SourceMaps.setBP: Mapped /Users/roblou/code/vscode-chrome-debug/testdata/breakOnLoad_sourceMaps/src/script.ts:1:1 to /Users/roblou/code/vscode-chrome-debug/testdata/breakOnLoad_sourceMaps/out/script.js:1:1
[20:17:19.772 UTC] Paths.setBP: Resolved /Users/roblou/code/vscode-chrome-debug/testdata/breakOnLoad_sourceMaps/out/script.js to http://localhost:7890/out/script.js
[20:17:19.773 UTC] → To target: "{\"id\":17,\"method\":\"Debugger.getPossibleBreakpoints\",\"params\":{\"start\":{\"scriptId\":\"14\",\"lineNumber\":0,\"columnNumber\":0},\"end\":{\"scriptId\":\"14\",\"lineNumber\":1,\"columnNumber\":0},\"restrictToFunction\":false}}"
[20:17:19.773 UTC] From client: disconnect(undefined)
[20:17:19.774 UTC] To client: {"seq":0,"type":"event","event":"output","body":{"category":"telemetry","output":"FullSessionStatistics/SourceMaps/Overrides","data":{"Versions.DebugAdapterCore":"6.8.6","Versions.DebugAdapter":"4.12.1","Versions.Target.CRDPVersion":"1.3","Versions.Target.Revision":"@a99230af311e8e646833be14a670de5322454fbe","Versions.Target.UserAgent":"Mozilla/5.0 (Macintosh; Intel Mac OS X 10_14_6) AppleWebKit/537.36 (KHTML, like Gecko) Chrome/76.0.3803.0 Safari/537.36","Versions.Target.V8":"7.6.247","Versions.Target.Project":"Chrome","Versions.Target.Version":"76.0.3803.0","aspNetClientAppFallbackCount":0}}}
[20:17:19.774 UTC] To client: {"seq":0,"type":"event","event":"output","body":{"category":"telemetry","output":"target/notification/onScriptParsed","data":{"Versions.DebugAdapterCore":"6.8.6","Versions.DebugAdapter":"4.12.1","Versions.Target.CRDPVersion":"1.3","Versions.Target.Revision":"@a99230af311e8e646833be14a670de5322454fbe","Versions.Target.UserAgent":"Mozilla/5.0 (Macintosh; Intel Mac OS X 10_14_6) AppleWebKit/537.36 (KHTML, like Gecko) Chrome/76.0.3803.0 Safari/537.36","Versions.Target.V8":"7.6.247","Versions.Target.Project":"Chrome","Versions.Target.Version":"76.0.3803.0","aggregated.startTime":"[\"1575058639722\"]","aggregated.successful":"[\"true\"]","aggregated.timeTakenInMilliseconds":"[\"4.057543\"]"}}}
[20:17:19.775 UTC] Terminated: Got disconnect request
[20:17:19.775 UTC] Waiting for any pending steps or log messages.
[20:17:19.775 UTC] Killing Chrome process
[20:17:19.776 UTC] To client: {"seq":0,"type":"response","request_seq":5,"command":"disconnect","success":true}
[20:17:19.776 UTC] To client: {"seq":0,"type":"event","event":"output","body":{"category":"telemetry","output":"ClientRequest/disconnect","data":{"Versions.DebugAdapterCore":"6.8.6","Versions.DebugAdapter":"4.12.1","Versions.Target.CRDPVersion":"1.3","Versions.Target.Revision":"@a99230af311e8e646833be14a670de5322454fbe","Versions.Target.UserAgent":"Mozilla/5.0 (Macintosh; Intel Mac OS X 10_14_6) AppleWebKit/537.36 (KHTML, like Gecko) Chrome/76.0.3803.0 Safari/537.36","Versions.Target.V8":"7.6.247","Versions.Target.Project":"Chrome","Versions.Target.Version":"76.0.3803.0","successful":"true","timeTakenInMilliseconds":"2.496345","requestType":"request"}}}
[20:17:19.776 UTC] Current step and log messages complete
[20:17:19.776 UTC] To client: {"seq":0,"type":"event","event":"output","body":{"category":"telemetry","output":"debugStopped","data":{"Versions.DebugAdapterCore":"6.8.6","Versions.DebugAdapter":"4.12.1","Versions.Target.CRDPVersion":"1.3","Versions.Target.Revision":"@a99230af311e8e646833be14a670de5322454fbe","Versions.Target.UserAgent":"Mozilla/5.0 (Macintosh; Intel Mac OS X 10_14_6) AppleWebKit/537.36 (KHTML, like Gecko) Chrome/76.0.3803.0 Safari/537.36","Versions.Target.V8":"7.6.247","Versions.Target.Project":"Chrome","Versions.Target.Version":"76.0.3803.0","reason":"Got disconnect request"}}}
[20:17:19.776 UTC] To client: {"seq":0,"type":"event","event":"terminated"}
