2019-11-29, 20:16:51.062 UTC
[20:16:51.062 UTC] OS: darwin x64
[20:16:51.062 UTC] Adapter node: v12.13.0 x64
[20:16:51.062 UTC] vscode-chrome-debug-core: 6.8.6
[20:16:51.062 UTC] debugger-for-chrome: 4.12.1
[20:16:51.062 UTC] From client: initialize({"adapterID":"chrome","linesStartAt1":true,"columnsStartAt1":true,"pathFormat":"path"})
[20:16:51.062 UTC] To client: {"seq":0,"type":"response","request_seq":1,"command":"initialize","success":true,"body":{"exceptionBreakpointFilters":[{"label":"All Exceptions","filter":"all","default":false},{"label":"Uncaught Exceptions","filter":"uncaught","default":false}],"supportsConfigurationDoneRequest":true,"supportsSetVariable":true,"supportsConditionalBreakpoints":true,"supportsCompletionsRequest":true,"supportsHitConditionalBreakpoints":true,"supportsRestartFrame":true,"supportsExceptionInfoRequest":true,"supportsDelayedStackTraceLoading":true,"supportsValueFormattingOptions":true,"supportsEvaluateForHovers":true,"supportsLoadedSourcesRequest":true,"supportsBreakpointLocationsRequest":true,"supportsRestartRequest":true,"supportsSetExpression":true,"supportsLogPoints":true}}
[20:16:51.062 UTC] To client: {"seq":0,"type":"event","event":"output","body":{"category":"telemetry","output":"ClientRequest/initialize","data":{"Versions.DebugAdapterCore":"6.8.6","Versions.DebugAdapter":"4.12.1","successful":"true","timeTakenInMilliseconds":"3.078665","requestType":"request"}}}
[20:16:51.063 UTC] From client: launch({"url":"http://localhost:7890","timeout":5000,"webRoot":"/Users/roblou/code/vscode-chrome-debug/testdata/intervalDebugger","port":0,"userDataDir":"/Users/roblou/code/vscode-chrome-debug/out/test/int/testDataDir","trace":"verbose","logTimestamps":true,"disableNetworkCache":true,"logFilePath":"/Users/roblou/code/vscode-chrome-debug/logs/darwin-Chrome Debug Adapter etc launch Should launch successfully on port 0, even when a browser instance is already running-DA.log","runtimeExecutable":"/Users/roblou/code/vscode-chrome-debug/node_modules/puppeteer/.local-chromium/mac-662092/chrome-mac/Chromium.app/Contents/MacOS/Chromium"})
[20:16:51.063 UTC] To client: {"seq":0,"type":"event","event":"output","body":{"category":"telemetry","output":"debugStarted","data":{"Versions.DebugAdapterCore":"6.8.6","Versions.DebugAdapter":"4.12.1","request":"launch","args":["url","timeout","webRoot","port","userDataDir","trace","logTimestamps","disableNetworkCache","logFilePath","runtimeExecutable","breakOnLoadStrategy","pathMapping","sourceMaps","sourceMapPathOverrides","skipFileRegExps","targetFilter","smartStep","showAsyncStacks"]}}}
[20:16:51.063 UTC] spawn('/Users/roblou/code/vscode-chrome-debug/node_modules/puppeteer/.local-chromium/mac-662092/chrome-mac/Chromium.app/Contents/MacOS/Chromium', ["--remote-debugging-port=0","--no-first-run","--no-default-browser-check","--user-data-dir=/Users/roblou/code/vscode-chrome-debug/out/test/int/testDataDir","about:blank"])
[20:16:51.063 UTC] Looking for DevToolsActivePort file...
[20:16:51.064 UTC] Got the port, checking if its ready...
[20:16:51.068 UTC] Getting browser and debug protocol version via http://127.0.0.1:54886/json/version
[20:16:51.072 UTC] Discovering targets via http://127.0.0.1:54886/json/list
[20:16:51.077 UTC] Got browser version: Chrome/76.0.3803.0
[20:16:51.077 UTC] Got debug protocol version: 1.3
[20:16:51.077 UTC] To client: {"seq":0,"type":"event","event":"output","body":{"category":"telemetry","output":"targetDebugProtocolVersion","data":{"Versions.DebugAdapterCore":"6.8.6","Versions.DebugAdapter":"4.12.1"}}}
[20:16:51.078 UTC] To client: {"seq":0,"type":"event","event":"output","body":{"category":"telemetry","output":"targetCount","data":{"Versions.DebugAdapterCore":"6.8.6","Versions.DebugAdapter":"4.12.1","numTargets":2}}}
[20:16:51.282 UTC] Getting browser and debug protocol version via http://127.0.0.1:54886/json/version
[20:16:51.283 UTC] Discovering targets via http://127.0.0.1:54886/json/list
[20:16:51.284 UTC] Got browser version: Chrome/76.0.3803.0
[20:16:51.284 UTC] Got debug protocol version: 1.3
[20:16:51.284 UTC] To client: {"seq":0,"type":"event","event":"output","body":{"category":"telemetry","output":"targetDebugProtocolVersion","data":{"Versions.DebugAdapterCore":"6.8.6","Versions.DebugAdapter":"4.12.1"}}}
[20:16:51.285 UTC] To client: {"seq":0,"type":"event","event":"output","body":{"category":"telemetry","output":"targetCount","data":{"Versions.DebugAdapterCore":"6.8.6","Versions.DebugAdapter":"4.12.1","numTargets":2}}}
[20:16:51.491 UTC] Getting browser and debug protocol version via http://127.0.0.1:54886/json/version
[20:16:51.492 UTC] Discovering targets via http://127.0.0.1:54886/json/list
[20:16:51.493 UTC] Got browser version: Chrome/76.0.3803.0
[20:16:51.494 UTC] Got debug protocol version: 1.3
[20:16:51.494 UTC] To client: {"seq":0,"type":"event","event":"output","body":{"category":"telemetry","output":"targetDebugProtocolVersion","data":{"Versions.DebugAdapterCore":"6.8.6","Versions.DebugAdapter":"4.12.1"}}}
[20:16:51.494 UTC] To client: {"seq":0,"type":"event","event":"output","body":{"category":"telemetry","output":"targetCount","data":{"Versions.DebugAdapterCore":"6.8.6","Versions.DebugAdapter":"4.12.1","numTargets":3}}}
[20:16:51.494 UTC] Attaching to target: {"description":"","devtoolsFrontendUrl":"/devtools/inspector.html?ws=localhost/devtools/page/1A32EC83061321A13013892C3655AD58","id":"1A32EC83061321A13013892C3655AD58","title":"about:blank","type":"page","url":"about:blank","webSocketDebuggerUrl":"ws://127.0.0.1:54886/devtools/page/1A32EC83061321A13013892C3655AD58","version":{}}
[20:16:51.494 UTC] WebSocket Url: ws://127.0.0.1:54886/devtools/page/1A32EC83061321A13013892C3655AD58
[20:16:51.500 UTC] → To target: "{\"id\":1,\"method\":\"Console.enable\"}"
[20:16:51.500 UTC] → To target: "{\"id\":2,\"method\":\"Debugger.enable\"}"
[20:16:51.500 UTC] → To target: "{\"id\":3,\"method\":\"Runtime.enable\"}"
[20:16:51.500 UTC] → To target: "{\"id\":4,\"method\":\"Log.enable\"}"
[20:16:51.501 UTC] → To target: "{\"id\":5,\"method\":\"Runtime.runIfWaitingForDebugger\"}"
[20:16:51.501 UTC] → To target: "{\"id\":6,\"method\":\"Runtime.run\"}"
[20:16:51.501 UTC] → To target: "{\"id\":7,\"method\":\"Page.enable\"}"
[20:16:51.501 UTC] → To target: "{\"id\":8,\"method\":\"Network.enable\",\"params\":{}}"
[20:16:51.504 UTC] ← From target: {"id":1,"result":{}}
[20:16:51.505 UTC] ← From target: {"id":2,"result":{"debuggerId":"(65710C7CBAEF7BCAA09CCF6A91AC35C6)"}}
[20:16:51.506 UTC] ← From target: {"method":"Runtime.executionContextCreated","params":{"context":{"id":1,"origin":"://","name":"","auxData":{"isDefault":true,"type":"default","frameId":"1A32EC83061321A13013892C3655AD58"}}}}
[20:16:51.506 UTC] ← From target: {"id":3,"result":{}}
[20:16:51.506 UTC] ← From target: {"id":4,"result":{}}
[20:16:51.507 UTC] ← From target: {"id":5,"result":{}}
[20:16:51.507 UTC] ← From target: {"error":{"code":-32601,"message":"'Runtime.run' wasn't found"},"id":6}
[20:16:51.507 UTC] ← From target: {"id":7,"result":{}}
[20:16:51.507 UTC] ← From target: {"id":8,"result":{}}
[20:16:51.508 UTC] → To target: "{\"id\":9,\"method\":\"Debugger.setBlackboxPatterns\",\"params\":{\"patterns\":[\"^chrome-extension:.*\"]}}"
[20:16:51.508 UTC] → To target: "{\"id\":10,\"method\":\"Schema.getDomains\"}"
[20:16:51.509 UTC] ← From target: {"id":10,"result":{"domains":[{"name":"Inspector","version":"1.2"},{"name":"Memory","version":"1.2"},{"name":"Page","version":"1.2"},{"name":"Emulation","version":"1.2"},{"name":"Security","version":"1.2"},{"name":"Network","version":"1.2"},{"name":"Database","version":"1.2"},{"name":"IndexedDB","version":"1.2"},{"name":"CacheStorage","version":"1.2"},{"name":"DOMStorage","version":"1.2"},{"name":"CSS","version":"1.2"},{"name":"ApplicationCache","version":"1.2"},{"name":"DOM","version":"1.2"},{"name":"IO","version":"1.2"},{"name":"DOMDebugger","version":"1.2"},{"name":"DOMSnapshot","version":"1.2"},{"name":"ServiceWorker","version":"1.2"},{"name":"Input","version":"1.2"},{"name":"LayerTree","version":"1.2"},{"name":"DeviceOrientation","version":"1.2"},{"name":"Tracing","version":"1.2"},{"name":"Animation","version":"1.2"},{"name":"Accessibility","version":"1.2"},{"name":"Storage","version":"1.2"},{"name":"Log","version":"1.2"},{"name":"Runtime","version":"1.2"},{"name":"Debugger","version":"1.2"},{"name":"Profiler","version":"1.2"},{"name":"HeapProfiler","version":"1.2"},{"name":"Schema","version":"1.2"},{"name":"Target","version":"1.2"},{"name":"Overlay","version":"1.2"},{"name":"Performance","version":"1.2"},{"name":"Audits","version":"1.2"},{"name":"HeadlessExperimental","version":"1.2"}]}}
[20:16:51.509 UTC] → To target: "{\"id\":11,\"method\":\"Debugger.setAsyncCallStackDepth\",\"params\":{\"maxDepth\":4}}"
[20:16:51.509 UTC] ← From target: {"id":9,"result":{}}
[20:16:51.510 UTC] ← From target: {"id":11,"result":{}}
[20:16:51.510 UTC] → To target: "{\"id\":12,\"method\":\"Runtime.evaluate\",\"params\":{\"expression\":\"navigator.userAgent\",\"silent\":true}}"
[20:16:51.510 UTC] → To target: "{\"id\":13,\"method\":\"Browser.getVersion\"}"
[20:16:51.510 UTC] To client: {"seq":0,"type":"response","request_seq":2,"command":"launch","success":true}
[20:16:51.511 UTC] To client: {"seq":0,"type":"event","event":"output","body":{"category":"telemetry","output":"ClientRequest/launch","data":{"Versions.DebugAdapterCore":"6.8.6","Versions.DebugAdapter":"4.12.1","successful":"true","timeTakenInMilliseconds":"465.053342","requestType":"request"}}}
[20:16:51.511 UTC] ← From target: {"id":13,"result":{"protocolVersion":"1.3","product":"Chrome/76.0.3803.0","revision":"@a99230af311e8e646833be14a670de5322454fbe","userAgent":"Mozilla/5.0 (Macintosh; Intel Mac OS X 10_14_6) AppleWebKit/537.36 (KHTML, like Gecko) Chrome/76.0.3803.0 Safari/537.36","jsVersion":"7.6.247"}}
[20:16:51.511 UTC] To client: {"seq":0,"type":"event","event":"output","body":{"category":"telemetry","output":"target-version","data":{"Versions.DebugAdapterCore":"6.8.6","Versions.DebugAdapter":"4.12.1","Versions.Target.CRDPVersion":"1.3","Versions.Target.Revision":"@a99230af311e8e646833be14a670de5322454fbe","Versions.Target.UserAgent":"Mozilla/5.0 (Macintosh; Intel Mac OS X 10_14_6) AppleWebKit/537.36 (KHTML, like Gecko) Chrome/76.0.3803.0 Safari/537.36","Versions.Target.V8":"7.6.247","Versions.Target.Project":"Chrome","Versions.Target.Version":"76.0.3803.0"}}}
[20:16:51.512 UTC] ← From target: {"method":"Debugger.scriptParsed","params":{"scriptId":"13","url":"","startLine":0,"startColumn":0,"endLine":0,"endColumn":19,"executionContextId":1,"hash":"3a6f8cb8708878331cc2be2ec90de0ab25738855","executionContextAuxData":{"isDefault":true,"type":"default","frameId":"1A32EC83061321A13013892C3655AD58"},"isLiveEdit":false,"sourceMapURL":"","hasSourceURL":false,"isModule":false,"length":19}}
[20:16:51.514 UTC] → To target: "{\"id\":14,\"method\":\"Debugger.getPossibleBreakpoints\",\"params\":{\"start\":{\"scriptId\":\"13\",\"lineNumber\":0,\"columnNumber\":0},\"end\":{\"scriptId\":\"13\",\"lineNumber\":1,\"columnNumber\":0},\"restrictToFunction\":false}}"
[20:16:51.515 UTC] ← From target: {"id":12,"result":{"result":{"type":"string","value":"Mozilla/5.0 (Macintosh; Intel Mac OS X 10_14_6) AppleWebKit/537.36 (KHTML, like Gecko) Chrome/76.0.3803.0 Safari/537.36"}}}
[20:16:51.515 UTC] Target userAgent: Mozilla/5.0 (Macintosh; Intel Mac OS X 10_14_6) AppleWebKit/537.36 (KHTML, like Gecko) Chrome/76.0.3803.0 Safari/537.36
[20:16:51.515 UTC] → To target: "{\"id\":15,\"method\":\"Network.setCacheDisabled\",\"params\":{\"cacheDisabled\":true}}"
[20:16:51.517 UTC] ← From target: {"id":14,"result":{"locations":[{"scriptId":"13","lineNumber":0,"columnNumber":0}]}}
[20:16:51.517 UTC] To client: {"seq":0,"type":"event","event":"initialized"}
[20:16:51.518 UTC] To client: {"seq":0,"type":"event","event":"loadedSource","body":{"reason":"new","source":{"name":"VM13","path":"<eval>/VM13","sourceReference":1000}}}
[20:16:51.518 UTC] From client: configurationDone(undefined)
[20:16:51.519 UTC] → To target: "{\"id\":16,\"method\":\"Page.navigate\",\"params\":{\"url\":\"http://localhost:7890\"}}"
[20:16:51.519 UTC] To client: {"seq":0,"type":"response","request_seq":3,"command":"configurationDone","success":true}
[20:16:51.519 UTC] To client: {"seq":0,"type":"event","event":"output","body":{"category":"telemetry","output":"ClientRequest/configurationDone","data":{"Versions.DebugAdapterCore":"6.8.6","Versions.DebugAdapter":"4.12.1","Versions.Target.CRDPVersion":"1.3","Versions.Target.Revision":"@a99230af311e8e646833be14a670de5322454fbe","Versions.Target.UserAgent":"Mozilla/5.0 (Macintosh; Intel Mac OS X 10_14_6) AppleWebKit/537.36 (KHTML, like Gecko) Chrome/76.0.3803.0 Safari/537.36","Versions.Target.V8":"7.6.247","Versions.Target.Project":"Chrome","Versions.Target.Version":"76.0.3803.0","successful":"true","timeTakenInMilliseconds":"0.542393","requestType":"request"}}}
[20:16:51.519 UTC] ← From target: {"id":15,"result":{}}
[20:16:51.519 UTC] From client: evaluate({"context":"repl","expression":"window.location.href"})
[20:16:51.520 UTC] → To target: "{\"id\":17,\"method\":\"Runtime.evaluate\",\"params\":{\"expression\":\"window.location.href\",\"silent\":true,\"includeCommandLineAPI\":true,\"objectGroup\":\"console\",\"userGesture\":true,\"generatePreview\":true}}"
[20:16:51.525 UTC] ← From target: {"method":"Debugger.scriptParsed","params":{"scriptId":"14","url":"","startLine":0,"startColumn":0,"endLine":0,"endColumn":41,"executionContextId":1,"hash":"12d0c06911f98aa723b5ea2b0bab5ec95ac09838","executionContextAuxData":{"isDefault":true,"type":"default","frameId":"1A32EC83061321A13013892C3655AD58"},"isLiveEdit":false,"sourceMapURL":"","hasSourceURL":false,"isModule":false,"length":41}}
[20:16:51.526 UTC] To client: {"seq":0,"type":"event","event":"loadedSource","body":{"reason":"new","source":{"name":"VM14","path":"<eval>/VM14","sourceReference":1001}}}
[20:16:51.526 UTC] ← From target: {"method":"Debugger.scriptParsed","params":{"scriptId":"15","url":"","startLine":0,"startColumn":0,"endLine":0,"endColumn":20,"executionContextId":1,"hash":"3be2413a0896b9b96e88e8bd255e5112184617d8","executionContextAuxData":{"isDefault":true,"type":"default","frameId":"1A32EC83061321A13013892C3655AD58"},"isLiveEdit":false,"sourceMapURL":"","hasSourceURL":false,"isModule":false,"length":20}}
[20:16:51.526 UTC] To client: {"seq":0,"type":"event","event":"loadedSource","body":{"reason":"new","source":{"name":"VM15","path":"<eval>/VM15","sourceReference":1002}}}
[20:16:51.527 UTC] ← From target: {"id":17,"result":{"result":{"type":"string","value":"about:blank"}}}
[20:16:51.527 UTC] To client: {"seq":0,"type":"response","request_seq":4,"command":"evaluate","success":true,"body":{"result":"\"about:blank\"","variablesReference":0,"type":"string"}}
[20:16:51.527 UTC] To client: {"seq":0,"type":"event","event":"output","body":{"category":"telemetry","output":"ClientRequest/evaluate","data":{"Versions.DebugAdapterCore":"6.8.6","Versions.DebugAdapter":"4.12.1","Versions.Target.CRDPVersion":"1.3","Versions.Target.Revision":"@a99230af311e8e646833be14a670de5322454fbe","Versions.Target.UserAgent":"Mozilla/5.0 (Macintosh; Intel Mac OS X 10_14_6) AppleWebKit/537.36 (KHTML, like Gecko) Chrome/76.0.3803.0 Safari/537.36","Versions.Target.V8":"7.6.247","Versions.Target.Project":"Chrome","Versions.Target.Version":"76.0.3803.0","successful":"true","timeTakenInMilliseconds":"7.838281","requestType":"request"}}}
[20:16:51.528 UTC] ← From target: {"id":16,"result":{"frameId":"1A32EC83061321A13013892C3655AD58","loaderId":"E99AD052AD124E5E760C00F5B3F974AB"}}
[20:16:51.539 UTC] ← From target: {"method":"Page.frameStartedLoading","params":{"frameId":"1A32EC83061321A13013892C3655AD58"}}
[20:16:51.540 UTC] ← From target: {"method":"Runtime.executionContextDestroyed","params":{"executionContextId":1}}
[20:16:51.540 UTC] ← From target: {"method":"Runtime.executionContextsCleared","params":{}}
[20:16:51.541 UTC] To client: {"seq":0,"type":"event","event":"loadedSource","body":{"reason":"removed","source":{"name":"VM13","path":"<eval>/VM13","sourceReference":1000}}}
[20:16:51.541 UTC] To client: {"seq":0,"type":"event","event":"loadedSource","body":{"reason":"removed","source":{"name":"VM14","path":"<eval>/VM14","sourceReference":1001}}}
[20:16:51.541 UTC] To client: {"seq":0,"type":"event","event":"loadedSource","body":{"reason":"removed","source":{"name":"VM15","path":"<eval>/VM15","sourceReference":1002}}}
[20:16:51.541 UTC] ← From target: {"method":"Page.frameNavigated","params":{"frame":{"id":"1A32EC83061321A13013892C3655AD58","loaderId":"E99AD052AD124E5E760C00F5B3F974AB","url":"http://localhost:7890/","securityOrigin":"http://localhost:7890","mimeType":"text/html"}}}
[20:16:51.542 UTC] ← From target: {"method":"Runtime.executionContextCreated","params":{"context":{"id":2,"origin":"http://localhost:7890","name":"","auxData":{"isDefault":true,"type":"default","frameId":"1A32EC83061321A13013892C3655AD58"}}}}
[20:16:51.583 UTC] From client: evaluate({"context":"repl","expression":"window.location.href"})
[20:16:51.584 UTC] → To target: "{\"id\":18,\"method\":\"Runtime.evaluate\",\"params\":{\"expression\":\"window.location.href\",\"silent\":true,\"includeCommandLineAPI\":true,\"objectGroup\":\"console\",\"userGesture\":true,\"generatePreview\":true}}"
[20:16:51.608 UTC] ← From target: {"method":"Debugger.scriptParsed","params":{"scriptId":"16","url":"http://localhost:7890/out/app.js","startLine":0,"startColumn":0,"endLine":4,"endColumn":31,"executionContextId":2,"hash":"317239527e2f91835e5e28114ab7fc0350aa5a36","executionContextAuxData":{"isDefault":true,"type":"default","frameId":"1A32EC83061321A13013892C3655AD58"},"isLiveEdit":false,"sourceMapURL":"app.js.map","hasSourceURL":false,"isModule":false,"length":115}}
[20:16:51.608 UTC] Paths.scriptParsed: resolved http://localhost:7890/out/app.js to /Users/roblou/code/vscode-chrome-debug/testdata/intervalDebugger/out/app.js. pathMapping/webroot: {"/":"/Users/roblou/code/vscode-chrome-debug/testdata/intervalDebugger"}
[20:16:51.609 UTC] SourceMaps.getMapForGeneratedPath: Finding SourceMap for /Users/roblou/code/vscode-chrome-debug/testdata/intervalDebugger/out/app.js by URI: app.js.map and webRoot/pathMapping: {"/":"/Users/roblou/code/vscode-chrome-debug/testdata/intervalDebugger"}
[20:16:51.609 UTC] SourceMaps.loadSourceMapContents: Reading local sourcemap file from /Users/roblou/code/vscode-chrome-debug/testdata/intervalDebugger/out/app.js.map
[20:16:51.610 UTC] To client: {"seq":0,"type":"event","event":"loadedSource","body":{"reason":"new","source":{"name":"app.js","path":"http://localhost:7890/out/app.js","sourceReference":1003}}}
[20:16:51.610 UTC] ← From target: {"method":"Page.loadEventFired","params":{"timestamp":169816.776835}}
[20:16:51.611 UTC] SourceMap: creating for /Users/roblou/code/vscode-chrome-debug/testdata/intervalDebugger/out/app.js
[20:16:51.611 UTC] SourceMap: sourceRoot: 
[20:16:51.611 UTC] SourceMap: sources: ["../src/app.ts"]
[20:16:51.611 UTC] SourceMap: pathMapping: {"/":"/Users/roblou/code/vscode-chrome-debug/testdata/intervalDebugger"}
[20:16:51.611 UTC] SourceMap: no sourceRoot specified, using script dirname: /Users/roblou/code/vscode-chrome-debug/testdata/intervalDebugger/out
[20:16:51.613 UTC] SourceMaps.scriptParsed: /Users/roblou/code/vscode-chrome-debug/testdata/intervalDebugger/out/app.js was just loaded and has mapped sources: ["/Users/roblou/code/vscode-chrome-debug/testdata/intervalDebugger/src/app.ts"]
[20:16:51.613 UTC] ← From target: {"method":"Page.frameStoppedLoading","params":{"frameId":"1A32EC83061321A13013892C3655AD58"}}
[20:16:51.614 UTC] ← From target: {"method":"Page.domContentEventFired","params":{"timestamp":169816.843709}}
[20:16:51.614 UTC] ← From target: {"method":"Page.frameResized","params":{}}
[20:16:51.614 UTC] ← From target: {"method":"Debugger.scriptParsed","params":{"scriptId":"17","url":"","startLine":0,"startColumn":0,"endLine":0,"endColumn":41,"executionContextId":2,"hash":"12d0c06911f98aa723b5ea2b0bab5ec95ac09838","executionContextAuxData":{"isDefault":true,"type":"default","frameId":"1A32EC83061321A13013892C3655AD58"},"isLiveEdit":false,"sourceMapURL":"","hasSourceURL":false,"isModule":false,"length":41}}
[20:16:51.615 UTC] To client: {"seq":0,"type":"event","event":"loadedSource","body":{"reason":"new","source":{"name":"VM17","path":"<eval>/VM17","sourceReference":1004}}}
[20:16:51.615 UTC] ← From target: {"method":"Debugger.scriptParsed","params":{"scriptId":"18","url":"","startLine":0,"startColumn":0,"endLine":0,"endColumn":20,"executionContextId":2,"hash":"3be2413a0896b9b96e88e8bd255e5112184617d8","executionContextAuxData":{"isDefault":true,"type":"default","frameId":"1A32EC83061321A13013892C3655AD58"},"isLiveEdit":false,"sourceMapURL":"","hasSourceURL":false,"isModule":false,"length":20}}
[20:16:51.616 UTC] To client: {"seq":0,"type":"event","event":"loadedSource","body":{"reason":"new","source":{"name":"VM18","path":"<eval>/VM18","sourceReference":1005}}}
[20:16:51.616 UTC] ← From target: {"id":18,"result":{"result":{"type":"string","value":"http://localhost:7890/"}}}
[20:16:51.616 UTC] To client: {"seq":0,"type":"response","request_seq":5,"command":"evaluate","success":true,"body":{"result":"\"http://localhost:7890/\"","variablesReference":0,"type":"string"}}
[20:16:51.616 UTC] To client: {"seq":0,"type":"event","event":"output","body":{"category":"telemetry","output":"ClientRequest/evaluate","data":{"Versions.DebugAdapterCore":"6.8.6","Versions.DebugAdapter":"4.12.1","Versions.Target.CRDPVersion":"1.3","Versions.Target.Revision":"@a99230af311e8e646833be14a670de5322454fbe","Versions.Target.UserAgent":"Mozilla/5.0 (Macintosh; Intel Mac OS X 10_14_6) AppleWebKit/537.36 (KHTML, like Gecko) Chrome/76.0.3803.0 Safari/537.36","Versions.Target.V8":"7.6.247","Versions.Target.Project":"Chrome","Versions.Target.Version":"76.0.3803.0","successful":"true","timeTakenInMilliseconds":"32.625662","requestType":"request"}}}
[20:16:51.617 UTC] ← From target: {"method":"Log.entryAdded","params":{"entry":{"source":"network","level":"error","text":"Failed to load resource: the server responded with a status of 404 (Not Found)","timestamp":1575058611613.289,"url":"http://localhost:7890/favicon.ico","networkRequestId":"1000026855.4"}}}
[20:16:51.618 UTC] To client: {"seq":0,"type":"event","event":"output","body":{"category":"stderr","output":"Failed to load resource: the server responded with a status of 404 (Not Found) [http://localhost:7890/favicon.ico]\n"}}
[20:16:51.620 UTC] ← From target: {"method":"Inspector.detached","params":{"reason":"Render process gone."}}
[20:16:51.632 UTC] ← From target: { "method": "Inspector.detached", "params": { "reason": "target_closed"} }
[20:16:51.633 UTC] Websocket closed
[20:16:51.633 UTC] Terminated: websocket closed
[20:16:51.633 UTC] Waiting for any pending steps or log messages.
[20:16:51.633 UTC] Current step and log messages complete
[20:16:51.633 UTC] To client: {"seq":0,"type":"event","event":"output","body":{"category":"telemetry","output":"debugStopped","data":{"Versions.DebugAdapterCore":"6.8.6","Versions.DebugAdapter":"4.12.1","Versions.Target.CRDPVersion":"1.3","Versions.Target.Revision":"@a99230af311e8e646833be14a670de5322454fbe","Versions.Target.UserAgent":"Mozilla/5.0 (Macintosh; Intel Mac OS X 10_14_6) AppleWebKit/537.36 (KHTML, like Gecko) Chrome/76.0.3803.0 Safari/537.36","Versions.Target.V8":"7.6.247","Versions.Target.Project":"Chrome","Versions.Target.Version":"76.0.3803.0","reason":"websocket closed"}}}
[20:16:51.633 UTC] To client: {"seq":0,"type":"event","event":"terminated"}
[20:16:51.815 UTC] From client: disconnect(undefined)
[20:16:51.816 UTC] To client: {"seq":0,"type":"event","event":"output","body":{"category":"telemetry","output":"FullSessionStatistics/SourceMaps/Overrides","data":{"Versions.DebugAdapterCore":"6.8.6","Versions.DebugAdapter":"4.12.1","Versions.Target.CRDPVersion":"1.3","Versions.Target.Revision":"@a99230af311e8e646833be14a670de5322454fbe","Versions.Target.UserAgent":"Mozilla/5.0 (Macintosh; Intel Mac OS X 10_14_6) AppleWebKit/537.36 (KHTML, like Gecko) Chrome/76.0.3803.0 Safari/537.36","Versions.Target.V8":"7.6.247","Versions.Target.Project":"Chrome","Versions.Target.Version":"76.0.3803.0","aspNetClientAppFallbackCount":0}}}
[20:16:51.817 UTC] To client: {"seq":0,"type":"event","event":"output","body":{"category":"telemetry","output":"target/notification/onScriptParsed","data":{"Versions.DebugAdapterCore":"6.8.6","Versions.DebugAdapter":"4.12.1","Versions.Target.CRDPVersion":"1.3","Versions.Target.Revision":"@a99230af311e8e646833be14a670de5322454fbe","Versions.Target.UserAgent":"Mozilla/5.0 (Macintosh; Intel Mac OS X 10_14_6) AppleWebKit/537.36 (KHTML, like Gecko) Chrome/76.0.3803.0 Safari/537.36","Versions.Target.V8":"7.6.247","Versions.Target.Project":"Chrome","Versions.Target.Version":"76.0.3803.0","aggregated.startTime":"[\"1575058611512\",\"1575058611525\",\"1575058611526\",\"1575058611608\",\"1575058611614\",\"1575058611615\"]","aggregated.successful":"[\"true\",\"true\",\"true\",\"true\",\"true\",\"true\"]","aggregated.timeTakenInMilliseconds":"[\"2.991392\",\"0.474214\",\"0.406814\",\"5.098692\",\"0.402814\",\"0.371293\"]"}}}
[20:16:51.817 UTC] To client: {"seq":0,"type":"event","event":"output","body":{"category":"telemetry","output":"report-start-up-timings","data":{"Versions.DebugAdapterCore":"6.8.6","Versions.DebugAdapter":"4.12.1","Versions.Target.CRDPVersion":"1.3","Versions.Target.Revision":"@a99230af311e8e646833be14a670de5322454fbe","Versions.Target.UserAgent":"Mozilla/5.0 (Macintosh; Intel Mac OS X 10_14_6) AppleWebKit/537.36 (KHTML, like Gecko) Chrome/76.0.3803.0 Safari/537.36","Versions.Target.V8":"7.6.247","Versions.Target.Project":"Chrome","Versions.Target.Version":"76.0.3803.0","RequestedContentWasDetected":"false","Steps":"[\"BeforeFirstStep\",\"ClientRequest/initialize\",\"ClientRequest/launch\",\"LaunchTarget.LaunchExe\",\"Attach\",\"Attach.RequestDebuggerTargetsInformation\",\"Attach.ProcessDebuggerTargetsInformation\",\"Attach.RequestDebuggerTargetsInformation\",\"Attach.ProcessDebuggerTargetsInformation\",\"Attach.RequestDebuggerTargetsInformation\",\"Attach.ProcessDebuggerTargetsInformation\",\"Attach.AttachToTargetDebuggerWebsocket\",\"Attach.ConfigureDebuggingSession.Internal\",\"Attach.ConfigureDebuggingSession.Target\",\"Attach.ConfigureDebuggingSession.End\"]","All":"1693.510629","Request.ClientRequest/configurationDone.startTime":"[1575058611518]","Request.ClientRequest/configurationDone.timeTakenInMilliseconds":"[0.542393]","Request.ClientRequest/evaluate.startTime":"[1575058611519,1575058611583]","Request.ClientRequest/evaluate.timeTakenInMilliseconds":"[7.838281,32.625662]","BeforeFirstStep":"[918.091164]","WaitingAfter.ClientRequest/initialize":"[921.099272]","ClientRequest/initialize":"[3.689728]","ClientRequest/launch":"[3.044256]","LaunchTarget.LaunchExe":"[10.192738]","Attach":"[13.557749]","Attach.RequestDebuggerTargetsInformation":"[5.246987,1.842887,2.478644]","Attach.ProcessDebuggerTargetsInformation":"[205.261554,206.685252,0.466445]","Attach.AttachToTargetDebuggerWebsocket":"[1.690928]","Attach.ConfigureDebuggingSession.Internal":"[0.408578]","Attach.ConfigureDebuggingSession.Target":"[13.375812]","WaitingAfter.ClientRequest/launch":"[1386.880051]","WaitingAfter.NotifyInitialized":"[1393.54295]","RequestedNavigateToUserPage":"[1404.810036]","Attach.ConfigureDebuggingSession.End":"[307.122188]","RequestedContentWasNotDetectedReason":"shutdown"}}}
[20:16:51.818 UTC] Terminated: Got disconnect request
[20:16:51.818 UTC] To client: {"seq":0,"type":"response","request_seq":6,"command":"disconnect","success":true}
[20:16:51.818 UTC] To client: {"seq":0,"type":"event","event":"output","body":{"category":"telemetry","output":"ClientRequest/disconnect","data":{"Versions.DebugAdapterCore":"6.8.6","Versions.DebugAdapter":"4.12.1","Versions.Target.CRDPVersion":"1.3","Versions.Target.Revision":"@a99230af311e8e646833be14a670de5322454fbe","Versions.Target.UserAgent":"Mozilla/5.0 (Macintosh; Intel Mac OS X 10_14_6) AppleWebKit/537.36 (KHTML, like Gecko) Chrome/76.0.3803.0 Safari/537.36","Versions.Target.V8":"7.6.247","Versions.Target.Project":"Chrome","Versions.Target.Version":"76.0.3803.0","successful":"true","timeTakenInMilliseconds":"3.154858","requestType":"request"}}}
