2019-11-29, 20:16:48.881 UTC
[20:16:48.882 UTC] OS: darwin x64
[20:16:48.882 UTC] Adapter node: v12.13.0 x64
[20:16:48.882 UTC] vscode-chrome-debug-core: 6.8.6
[20:16:48.882 UTC] debugger-for-chrome: 4.12.1
[20:16:48.882 UTC] From client: initialize({"adapterID":"chrome","linesStartAt1":true,"columnsStartAt1":true,"pathFormat":"path"})
[20:16:48.882 UTC] To client: {"seq":0,"type":"response","request_seq":1,"command":"initialize","success":true,"body":{"exceptionBreakpointFilters":[{"label":"All Exceptions","filter":"all","default":false},{"label":"Uncaught Exceptions","filter":"uncaught","default":false}],"supportsConfigurationDoneRequest":true,"supportsSetVariable":true,"supportsConditionalBreakpoints":true,"supportsCompletionsRequest":true,"supportsHitConditionalBreakpoints":true,"supportsRestartFrame":true,"supportsExceptionInfoRequest":true,"supportsDelayedStackTraceLoading":true,"supportsValueFormattingOptions":true,"supportsEvaluateForHovers":true,"supportsLoadedSourcesRequest":true,"supportsBreakpointLocationsRequest":true,"supportsRestartRequest":true,"supportsSetExpression":true,"supportsLogPoints":true}}
[20:16:48.882 UTC] To client: {"seq":0,"type":"event","event":"output","body":{"category":"telemetry","output":"ClientRequest/initialize","data":{"Versions.DebugAdapterCore":"6.8.6","Versions.DebugAdapter":"4.12.1","successful":"true","timeTakenInMilliseconds":"1.728877","requestType":"request"}}}
[20:16:48.882 UTC] From client: launch({"url":"http://localhost:7890","timeout":5000,"webRoot":"/Users/roblou/code/vscode-chrome-debug/testdata/intervalDebugger","port":0,"trace":"verbose","logTimestamps":true,"disableNetworkCache":true,"logFilePath":"/Users/roblou/code/vscode-chrome-debug/logs/darwin-Chrome Debug Adapter etc launch Should launch successfully on port 0-DA.log","runtimeExecutable":"/Users/roblou/code/vscode-chrome-debug/node_modules/puppeteer/.local-chromium/mac-662092/chrome-mac/Chromium.app/Contents/MacOS/Chromium","userDataDir":"/var/folders/tx/p0ycbfpj37786p760wwdg6y80000gn/T/chrome2-26729nWaXN7OHy2X2"})
[20:16:48.882 UTC] To client: {"seq":0,"type":"event","event":"output","body":{"category":"telemetry","output":"debugStarted","data":{"Versions.DebugAdapterCore":"6.8.6","Versions.DebugAdapter":"4.12.1","request":"launch","args":["url","timeout","webRoot","port","trace","logTimestamps","disableNetworkCache","logFilePath","runtimeExecutable","userDataDir","breakOnLoadStrategy","pathMapping","sourceMaps","sourceMapPathOverrides","skipFileRegExps","targetFilter","smartStep","showAsyncStacks"]}}}
[20:16:48.882 UTC] spawn('/Users/roblou/code/vscode-chrome-debug/node_modules/puppeteer/.local-chromium/mac-662092/chrome-mac/Chromium.app/Contents/MacOS/Chromium', ["--remote-debugging-port=0","--no-first-run","--no-default-browser-check","--user-data-dir=/var/folders/tx/p0ycbfpj37786p760wwdg6y80000gn/T/chrome2-26729nWaXN7OHy2X2","about:blank"])
[20:16:48.882 UTC] Looking for DevToolsActivePort file...
[20:16:49.085 UTC] Looking for DevToolsActivePort file...
[20:16:49.294 UTC] Looking for DevToolsActivePort file...
[20:16:49.296 UTC] Got the port, checking if its ready...
[20:16:49.302 UTC] Getting browser and debug protocol version via http://127.0.0.1:54877/json/version
[20:16:49.314 UTC] Discovering targets via http://127.0.0.1:54877/json/list
[20:16:49.774 UTC] Got browser version: Chrome/76.0.3803.0
[20:16:49.774 UTC] Got debug protocol version: 1.3
[20:16:49.774 UTC] To client: {"seq":0,"type":"event","event":"output","body":{"category":"telemetry","output":"targetDebugProtocolVersion","data":{"Versions.DebugAdapterCore":"6.8.6","Versions.DebugAdapter":"4.12.1"}}}
[20:16:49.775 UTC] To client: {"seq":0,"type":"event","event":"output","body":{"category":"telemetry","output":"targetCount","data":{"Versions.DebugAdapterCore":"6.8.6","Versions.DebugAdapter":"4.12.1","numTargets":1}}}
[20:16:49.776 UTC] Attaching to target: {"description":"","devtoolsFrontendUrl":"/devtools/inspector.html?ws=localhost/devtools/page/A3815364F556EE13FEBD62AE10CF1943","id":"A3815364F556EE13FEBD62AE10CF1943","title":"","type":"page","url":"about:blank","webSocketDebuggerUrl":"ws://127.0.0.1:54877/devtools/page/A3815364F556EE13FEBD62AE10CF1943","version":{}}
[20:16:49.776 UTC] WebSocket Url: ws://127.0.0.1:54877/devtools/page/A3815364F556EE13FEBD62AE10CF1943
[20:16:49.796 UTC] → To target: "{\"id\":1,\"method\":\"Console.enable\"}"
[20:16:49.797 UTC] → To target: "{\"id\":2,\"method\":\"Debugger.enable\"}"
[20:16:49.797 UTC] → To target: "{\"id\":3,\"method\":\"Runtime.enable\"}"
[20:16:49.797 UTC] → To target: "{\"id\":4,\"method\":\"Log.enable\"}"
[20:16:49.797 UTC] → To target: "{\"id\":5,\"method\":\"Runtime.runIfWaitingForDebugger\"}"
[20:16:49.797 UTC] → To target: "{\"id\":6,\"method\":\"Runtime.run\"}"
[20:16:49.797 UTC] → To target: "{\"id\":7,\"method\":\"Page.enable\"}"
[20:16:49.797 UTC] → To target: "{\"id\":8,\"method\":\"Network.enable\",\"params\":{}}"
[20:16:49.827 UTC] ← From target: {"id":1,"result":{}}
[20:16:49.828 UTC] ← From target: {"id":2,"result":{"debuggerId":"(ECA2E625CD7E95283FA4998BD1690A6D)"}}
[20:16:49.829 UTC] ← From target: {"method":"Runtime.executionContextCreated","params":{"context":{"id":1,"origin":"://","name":"","auxData":{"isDefault":true,"type":"default","frameId":"A3815364F556EE13FEBD62AE10CF1943"}}}}
[20:16:49.829 UTC] ← From target: {"id":3,"result":{}}
[20:16:49.830 UTC] ← From target: {"id":4,"result":{}}
[20:16:49.830 UTC] ← From target: {"id":5,"result":{}}
[20:16:49.831 UTC] ← From target: {"error":{"code":-32601,"message":"'Runtime.run' wasn't found"},"id":6}
[20:16:49.831 UTC] ← From target: {"id":7,"result":{}}
[20:16:49.832 UTC] ← From target: {"id":8,"result":{}}
[20:16:49.832 UTC] → To target: "{\"id\":9,\"method\":\"Debugger.setBlackboxPatterns\",\"params\":{\"patterns\":[\"^chrome-extension:.*\"]}}"
[20:16:49.833 UTC] → To target: "{\"id\":10,\"method\":\"Schema.getDomains\"}"
[20:16:49.833 UTC] ← From target: {"method":"Page.frameResized","params":{}}
[20:16:49.834 UTC] ← From target: {"id":10,"result":{"domains":[{"name":"Inspector","version":"1.2"},{"name":"Memory","version":"1.2"},{"name":"Page","version":"1.2"},{"name":"Emulation","version":"1.2"},{"name":"Security","version":"1.2"},{"name":"Network","version":"1.2"},{"name":"Database","version":"1.2"},{"name":"IndexedDB","version":"1.2"},{"name":"CacheStorage","version":"1.2"},{"name":"DOMStorage","version":"1.2"},{"name":"CSS","version":"1.2"},{"name":"ApplicationCache","version":"1.2"},{"name":"DOM","version":"1.2"},{"name":"IO","version":"1.2"},{"name":"DOMDebugger","version":"1.2"},{"name":"DOMSnapshot","version":"1.2"},{"name":"ServiceWorker","version":"1.2"},{"name":"Input","version":"1.2"},{"name":"LayerTree","version":"1.2"},{"name":"DeviceOrientation","version":"1.2"},{"name":"Tracing","version":"1.2"},{"name":"Animation","version":"1.2"},{"name":"Accessibility","version":"1.2"},{"name":"Storage","version":"1.2"},{"name":"Log","version":"1.2"},{"name":"Runtime","version":"1.2"},{"name":"Debugger","version":"1.2"},{"name":"Profiler","version":"1.2"},{"name":"HeapProfiler","version":"1.2"},{"name":"Schema","version":"1.2"},{"name":"Target","version":"1.2"},{"name":"Overlay","version":"1.2"},{"name":"Performance","version":"1.2"},{"name":"Audits","version":"1.2"},{"name":"HeadlessExperimental","version":"1.2"}]}}
[20:16:49.834 UTC] → To target: "{\"id\":11,\"method\":\"Debugger.setAsyncCallStackDepth\",\"params\":{\"maxDepth\":4}}"
[20:16:49.835 UTC] ← From target: {"id":9,"result":{}}
[20:16:49.837 UTC] ← From target: {"id":11,"result":{}}
[20:16:49.837 UTC] → To target: "{\"id\":12,\"method\":\"Runtime.evaluate\",\"params\":{\"expression\":\"navigator.userAgent\",\"silent\":true}}"
[20:16:49.838 UTC] → To target: "{\"id\":13,\"method\":\"Browser.getVersion\"}"
[20:16:49.838 UTC] To client: {"seq":0,"type":"response","request_seq":2,"command":"launch","success":true}
[20:16:49.838 UTC] To client: {"seq":0,"type":"event","event":"output","body":{"category":"telemetry","output":"ClientRequest/launch","data":{"Versions.DebugAdapterCore":"6.8.6","Versions.DebugAdapter":"4.12.1","successful":"true","timeTakenInMilliseconds":"975.334437","requestType":"request"}}}
[20:16:49.838 UTC] ← From target: {"id":13,"result":{"protocolVersion":"1.3","product":"Chrome/76.0.3803.0","revision":"@a99230af311e8e646833be14a670de5322454fbe","userAgent":"Mozilla/5.0 (Macintosh; Intel Mac OS X 10_14_6) AppleWebKit/537.36 (KHTML, like Gecko) Chrome/76.0.3803.0 Safari/537.36","jsVersion":"7.6.247"}}
[20:16:49.839 UTC] To client: {"seq":0,"type":"event","event":"output","body":{"category":"telemetry","output":"target-version","data":{"Versions.DebugAdapterCore":"6.8.6","Versions.DebugAdapter":"4.12.1","Versions.Target.CRDPVersion":"1.3","Versions.Target.Revision":"@a99230af311e8e646833be14a670de5322454fbe","Versions.Target.UserAgent":"Mozilla/5.0 (Macintosh; Intel Mac OS X 10_14_6) AppleWebKit/537.36 (KHTML, like Gecko) Chrome/76.0.3803.0 Safari/537.36","Versions.Target.V8":"7.6.247","Versions.Target.Project":"Chrome","Versions.Target.Version":"76.0.3803.0"}}}
[20:16:49.839 UTC] ← From target: {"method":"Debugger.scriptParsed","params":{"scriptId":"13","url":"","startLine":0,"startColumn":0,"endLine":0,"endColumn":19,"executionContextId":1,"hash":"3a6f8cb8708878331cc2be2ec90de0ab25738855","executionContextAuxData":{"isDefault":true,"type":"default","frameId":"A3815364F556EE13FEBD62AE10CF1943"},"isLiveEdit":false,"sourceMapURL":"","hasSourceURL":false,"isModule":false,"length":19}}
[20:16:49.841 UTC] → To target: "{\"id\":14,\"method\":\"Debugger.getPossibleBreakpoints\",\"params\":{\"start\":{\"scriptId\":\"13\",\"lineNumber\":0,\"columnNumber\":0},\"end\":{\"scriptId\":\"13\",\"lineNumber\":1,\"columnNumber\":0},\"restrictToFunction\":false}}"
[20:16:49.843 UTC] ← From target: {"id":12,"result":{"result":{"type":"string","value":"Mozilla/5.0 (Macintosh; Intel Mac OS X 10_14_6) AppleWebKit/537.36 (KHTML, like Gecko) Chrome/76.0.3803.0 Safari/537.36"}}}
[20:16:49.843 UTC] Target userAgent: Mozilla/5.0 (Macintosh; Intel Mac OS X 10_14_6) AppleWebKit/537.36 (KHTML, like Gecko) Chrome/76.0.3803.0 Safari/537.36
[20:16:49.844 UTC] → To target: "{\"id\":15,\"method\":\"Network.setCacheDisabled\",\"params\":{\"cacheDisabled\":true}}"
[20:16:49.846 UTC] ← From target: {"id":14,"result":{"locations":[{"scriptId":"13","lineNumber":0,"columnNumber":0}]}}
[20:16:49.847 UTC] To client: {"seq":0,"type":"event","event":"initialized"}
[20:16:49.848 UTC] To client: {"seq":0,"type":"event","event":"loadedSource","body":{"reason":"new","source":{"name":"VM13","path":"<eval>/VM13","sourceReference":1000}}}
[20:16:49.848 UTC] From client: configurationDone(undefined)
[20:16:49.848 UTC] → To target: "{\"id\":16,\"method\":\"Page.navigate\",\"params\":{\"url\":\"http://localhost:7890\"}}"
[20:16:49.848 UTC] To client: {"seq":0,"type":"response","request_seq":3,"command":"configurationDone","success":true}
[20:16:49.849 UTC] To client: {"seq":0,"type":"event","event":"output","body":{"category":"telemetry","output":"ClientRequest/configurationDone","data":{"Versions.DebugAdapterCore":"6.8.6","Versions.DebugAdapter":"4.12.1","Versions.Target.CRDPVersion":"1.3","Versions.Target.Revision":"@a99230af311e8e646833be14a670de5322454fbe","Versions.Target.UserAgent":"Mozilla/5.0 (Macintosh; Intel Mac OS X 10_14_6) AppleWebKit/537.36 (KHTML, like Gecko) Chrome/76.0.3803.0 Safari/537.36","Versions.Target.V8":"7.6.247","Versions.Target.Project":"Chrome","Versions.Target.Version":"76.0.3803.0","successful":"true","timeTakenInMilliseconds":"0.487937","requestType":"request"}}}
[20:16:49.849 UTC] ← From target: {"id":15,"result":{}}
[20:16:49.849 UTC] From client: evaluate({"context":"repl","expression":"window.location.href"})
[20:16:49.850 UTC] → To target: "{\"id\":17,\"method\":\"Runtime.evaluate\",\"params\":{\"expression\":\"window.location.href\",\"silent\":true,\"includeCommandLineAPI\":true,\"objectGroup\":\"console\",\"userGesture\":true,\"generatePreview\":true}}"
[20:16:49.865 UTC] ← From target: {"id":16,"result":{"frameId":"A3815364F556EE13FEBD62AE10CF1943","loaderId":"1075B268BF68093403A3DF6FA67F814C"}}
[20:16:49.880 UTC] ← From target: {"method":"Page.frameStartedLoading","params":{"frameId":"A3815364F556EE13FEBD62AE10CF1943"}}
[20:16:49.881 UTC] ← From target: {"method":"Runtime.executionContextDestroyed","params":{"executionContextId":1}}
[20:16:49.882 UTC] ← From target: {"method":"Runtime.executionContextsCleared","params":{}}
[20:16:49.883 UTC] To client: {"seq":0,"type":"event","event":"loadedSource","body":{"reason":"removed","source":{"name":"VM13","path":"<eval>/VM13","sourceReference":1000}}}
[20:16:49.883 UTC] ← From target: {"method":"Page.frameNavigated","params":{"frame":{"id":"A3815364F556EE13FEBD62AE10CF1943","loaderId":"1075B268BF68093403A3DF6FA67F814C","url":"http://localhost:7890/","securityOrigin":"http://localhost:7890","mimeType":"text/html"}}}
[20:16:49.883 UTC] ← From target: {"method":"Runtime.executionContextCreated","params":{"context":{"id":2,"origin":"http://localhost:7890","name":"","auxData":{"isDefault":true,"type":"default","frameId":"A3815364F556EE13FEBD62AE10CF1943"}}}}
[20:16:49.950 UTC] ← From target: {"method":"Debugger.scriptParsed","params":{"scriptId":"14","url":"http://localhost:7890/out/app.js","startLine":0,"startColumn":0,"endLine":4,"endColumn":31,"executionContextId":2,"hash":"317239527e2f91835e5e28114ab7fc0350aa5a36","executionContextAuxData":{"isDefault":true,"type":"default","frameId":"A3815364F556EE13FEBD62AE10CF1943"},"isLiveEdit":false,"sourceMapURL":"app.js.map","hasSourceURL":false,"isModule":false,"length":115}}
[20:16:49.953 UTC] Paths.scriptParsed: resolved http://localhost:7890/out/app.js to /Users/roblou/code/vscode-chrome-debug/testdata/intervalDebugger/out/app.js. pathMapping/webroot: {"/":"/Users/roblou/code/vscode-chrome-debug/testdata/intervalDebugger"}
[20:16:49.954 UTC] SourceMaps.getMapForGeneratedPath: Finding SourceMap for /Users/roblou/code/vscode-chrome-debug/testdata/intervalDebugger/out/app.js by URI: app.js.map and webRoot/pathMapping: {"/":"/Users/roblou/code/vscode-chrome-debug/testdata/intervalDebugger"}
[20:16:49.954 UTC] SourceMaps.loadSourceMapContents: Reading local sourcemap file from /Users/roblou/code/vscode-chrome-debug/testdata/intervalDebugger/out/app.js.map
[20:16:49.954 UTC] To client: {"seq":0,"type":"event","event":"loadedSource","body":{"reason":"new","source":{"name":"app.js","path":"http://localhost:7890/out/app.js","sourceReference":1001}}}
[20:16:49.955 UTC] ← From target: {"method":"Page.loadEventFired","params":{"timestamp":169815.117326}}
[20:16:49.955 UTC] SourceMap: creating for /Users/roblou/code/vscode-chrome-debug/testdata/intervalDebugger/out/app.js
[20:16:49.955 UTC] SourceMap: sourceRoot: 
[20:16:49.956 UTC] SourceMap: sources: ["../src/app.ts"]
[20:16:49.956 UTC] SourceMap: pathMapping: {"/":"/Users/roblou/code/vscode-chrome-debug/testdata/intervalDebugger"}
[20:16:49.956 UTC] SourceMap: no sourceRoot specified, using script dirname: /Users/roblou/code/vscode-chrome-debug/testdata/intervalDebugger/out
[20:16:49.958 UTC] SourceMaps.scriptParsed: /Users/roblou/code/vscode-chrome-debug/testdata/intervalDebugger/out/app.js was just loaded and has mapped sources: ["/Users/roblou/code/vscode-chrome-debug/testdata/intervalDebugger/src/app.ts"]
[20:16:49.958 UTC] ← From target: {"method":"Page.frameStoppedLoading","params":{"frameId":"A3815364F556EE13FEBD62AE10CF1943"}}
[20:16:49.960 UTC] ← From target: {"method":"Page.domContentEventFired","params":{"timestamp":169815.188113}}
[20:16:49.961 UTC] ← From target: {"method":"Debugger.scriptParsed","params":{"scriptId":"15","url":"","startLine":0,"startColumn":0,"endLine":0,"endColumn":41,"executionContextId":2,"hash":"12d0c06911f98aa723b5ea2b0bab5ec95ac09838","executionContextAuxData":{"isDefault":true,"type":"default","frameId":"A3815364F556EE13FEBD62AE10CF1943"},"isLiveEdit":false,"sourceMapURL":"","hasSourceURL":false,"isModule":false,"length":41}}
[20:16:49.961 UTC] To client: {"seq":0,"type":"event","event":"loadedSource","body":{"reason":"new","source":{"name":"VM15","path":"<eval>/VM15","sourceReference":1002}}}
[20:16:49.962 UTC] ← From target: {"method":"Debugger.scriptParsed","params":{"scriptId":"16","url":"","startLine":0,"startColumn":0,"endLine":0,"endColumn":20,"executionContextId":2,"hash":"3be2413a0896b9b96e88e8bd255e5112184617d8","executionContextAuxData":{"isDefault":true,"type":"default","frameId":"A3815364F556EE13FEBD62AE10CF1943"},"isLiveEdit":false,"sourceMapURL":"","hasSourceURL":false,"isModule":false,"length":20}}
[20:16:49.962 UTC] To client: {"seq":0,"type":"event","event":"loadedSource","body":{"reason":"new","source":{"name":"VM16","path":"<eval>/VM16","sourceReference":1003}}}
[20:16:49.962 UTC] ← From target: {"id":17,"result":{"result":{"type":"string","value":"http://localhost:7890/"}}}
[20:16:49.963 UTC] To client: {"seq":0,"type":"response","request_seq":4,"command":"evaluate","success":true,"body":{"result":"\"http://localhost:7890/\"","variablesReference":0,"type":"string"}}
[20:16:49.963 UTC] To client: {"seq":0,"type":"event","event":"output","body":{"category":"telemetry","output":"ClientRequest/evaluate","data":{"Versions.DebugAdapterCore":"6.8.6","Versions.DebugAdapter":"4.12.1","Versions.Target.CRDPVersion":"1.3","Versions.Target.Revision":"@a99230af311e8e646833be14a670de5322454fbe","Versions.Target.UserAgent":"Mozilla/5.0 (Macintosh; Intel Mac OS X 10_14_6) AppleWebKit/537.36 (KHTML, like Gecko) Chrome/76.0.3803.0 Safari/537.36","Versions.Target.V8":"7.6.247","Versions.Target.Project":"Chrome","Versions.Target.Version":"76.0.3803.0","successful":"true","timeTakenInMilliseconds":"113.602951","requestType":"request"}}}
[20:16:49.963 UTC] ← From target: {"method":"Page.frameResized","params":{}}
[20:16:49.964 UTC] From client: disconnect(undefined)
[20:16:49.964 UTC] To client: {"seq":0,"type":"event","event":"output","body":{"category":"telemetry","output":"FullSessionStatistics/SourceMaps/Overrides","data":{"Versions.DebugAdapterCore":"6.8.6","Versions.DebugAdapter":"4.12.1","Versions.Target.CRDPVersion":"1.3","Versions.Target.Revision":"@a99230af311e8e646833be14a670de5322454fbe","Versions.Target.UserAgent":"Mozilla/5.0 (Macintosh; Intel Mac OS X 10_14_6) AppleWebKit/537.36 (KHTML, like Gecko) Chrome/76.0.3803.0 Safari/537.36","Versions.Target.V8":"7.6.247","Versions.Target.Project":"Chrome","Versions.Target.Version":"76.0.3803.0","aspNetClientAppFallbackCount":0}}}
[20:16:49.965 UTC] To client: {"seq":0,"type":"event","event":"output","body":{"category":"telemetry","output":"target/notification/onScriptParsed","data":{"Versions.DebugAdapterCore":"6.8.6","Versions.DebugAdapter":"4.12.1","Versions.Target.CRDPVersion":"1.3","Versions.Target.Revision":"@a99230af311e8e646833be14a670de5322454fbe","Versions.Target.UserAgent":"Mozilla/5.0 (Macintosh; Intel Mac OS X 10_14_6) AppleWebKit/537.36 (KHTML, like Gecko) Chrome/76.0.3803.0 Safari/537.36","Versions.Target.V8":"7.6.247","Versions.Target.Project":"Chrome","Versions.Target.Version":"76.0.3803.0","aggregated.startTime":"[\"1575058609839\",\"1575058609950\",\"1575058609961\",\"1575058609962\"]","aggregated.successful":"[\"true\",\"true\",\"true\",\"true\"]","aggregated.timeTakenInMilliseconds":"[\"3.727142\",\"7.645776\",\"0.38997\",\"0.450397\"]"}}}
[20:16:49.965 UTC] To client: {"seq":0,"type":"event","event":"output","body":{"category":"telemetry","output":"report-start-up-timings","data":{"Versions.DebugAdapterCore":"6.8.6","Versions.DebugAdapter":"4.12.1","Versions.Target.CRDPVersion":"1.3","Versions.Target.Revision":"@a99230af311e8e646833be14a670de5322454fbe","Versions.Target.UserAgent":"Mozilla/5.0 (Macintosh; Intel Mac OS X 10_14_6) AppleWebKit/537.36 (KHTML, like Gecko) Chrome/76.0.3803.0 Safari/537.36","Versions.Target.V8":"7.6.247","Versions.Target.Project":"Chrome","Versions.Target.Version":"76.0.3803.0","RequestedContentWasDetected":"false","Steps":"[\"BeforeFirstStep\",\"ClientRequest/initialize\",\"ClientRequest/launch\",\"LaunchTarget.LaunchExe\",\"Attach\",\"Attach.RequestDebuggerTargetsInformation\",\"Attach.ProcessDebuggerTargetsInformation\",\"Attach.AttachToTargetDebuggerWebsocket\",\"Attach.ConfigureDebuggingSession.Internal\",\"Attach.ConfigureDebuggingSession.Target\",\"Attach.ConfigureDebuggingSession.End\"]","All":"1130.060142","Request.ClientRequest/configurationDone.startTime":"[1575058609848]","Request.ClientRequest/configurationDone.timeTakenInMilliseconds":"[0.487937]","Request.ClientRequest/evaluate.startTime":"[1575058609849]","Request.ClientRequest/evaluate.timeTakenInMilliseconds":"[113.602951]","BeforeFirstStep":"[25.119407]","WaitingAfter.ClientRequest/initialize":"[26.751843]","ClientRequest/initialize":"[2.125623]","ClientRequest/launch":"[3.17093]","LaunchTarget.LaunchExe":"[12.271687]","Attach":"[435.457318]","Attach.RequestDebuggerTargetsInformation":"[461.224913]","Attach.ProcessDebuggerTargetsInformation":"[1.408455]","Attach.AttachToTargetDebuggerWebsocket":"[2.014577]","Attach.ConfigureDebuggingSession.Internal":"[0.743278]","Attach.ConfigureDebuggingSession.Target":"[58.189199]","WaitingAfter.ClientRequest/launch":"[1002.619467]","WaitingAfter.NotifyInitialized":"[1011.757443]","RequestedNavigateToUserPage":"[1029.791624]","Attach.ConfigureDebuggingSession.End":"[128.015429]","RequestedContentWasNotDetectedReason":"shutdown"}}}
[20:16:49.966 UTC] Terminated: Got disconnect request
[20:16:49.966 UTC] Waiting for any pending steps or log messages.
[20:16:49.966 UTC] Killing Chrome process
[20:16:49.966 UTC] To client: {"seq":0,"type":"response","request_seq":5,"command":"disconnect","success":true}
[20:16:49.966 UTC] To client: {"seq":0,"type":"event","event":"output","body":{"category":"telemetry","output":"ClientRequest/disconnect","data":{"Versions.DebugAdapterCore":"6.8.6","Versions.DebugAdapter":"4.12.1","Versions.Target.CRDPVersion":"1.3","Versions.Target.Revision":"@a99230af311e8e646833be14a670de5322454fbe","Versions.Target.UserAgent":"Mozilla/5.0 (Macintosh; Intel Mac OS X 10_14_6) AppleWebKit/537.36 (KHTML, like Gecko) Chrome/76.0.3803.0 Safari/537.36","Versions.Target.V8":"7.6.247","Versions.Target.Project":"Chrome","Versions.Target.Version":"76.0.3803.0","successful":"true","timeTakenInMilliseconds":"2.193327","requestType":"request"}}}
[20:16:49.966 UTC] Current step and log messages complete
[20:16:49.966 UTC] To client: {"seq":0,"type":"event","event":"output","body":{"category":"telemetry","output":"debugStopped","data":{"Versions.DebugAdapterCore":"6.8.6","Versions.DebugAdapter":"4.12.1","Versions.Target.CRDPVersion":"1.3","Versions.Target.Revision":"@a99230af311e8e646833be14a670de5322454fbe","Versions.Target.UserAgent":"Mozilla/5.0 (Macintosh; Intel Mac OS X 10_14_6) AppleWebKit/537.36 (KHTML, like Gecko) Chrome/76.0.3803.0 Safari/537.36","Versions.Target.V8":"7.6.247","Versions.Target.Project":"Chrome","Versions.Target.Version":"76.0.3803.0","reason":"Got disconnect request"}}}
[20:16:49.967 UTC] To client: {"seq":0,"type":"event","event":"terminated"}
[20:16:49.967 UTC] ← From target: {"method":"Log.entryAdded","params":{"entry":{"source":"network","level":"error","text":"Failed to load resource: the server responded with a status of 404 (Not Found)","timestamp":1575058609961.93,"url":"http://localhost:7890/favicon.ico","networkRequestId":"1000026833.4"}}}
[20:16:49.968 UTC] To client: {"seq":0,"type":"event","event":"output","body":{"category":"stderr","output":"Failed to load resource: the server responded with a status of 404 (Not Found) [http://localhost:7890/favicon.ico]\n"}}
