2019-11-29, 20:17:22.696 UTC
[20:17:22.696 UTC] OS: darwin x64
[20:17:22.696 UTC] Adapter node: v12.13.0 x64
[20:17:22.696 UTC] vscode-chrome-debug-core: 6.8.6
[20:17:22.696 UTC] debugger-for-chrome: 4.12.1
[20:17:22.697 UTC] From client: initialize({"adapterID":"chrome","linesStartAt1":true,"columnsStartAt1":true,"pathFormat":"path"})
[20:17:22.697 UTC] To client: {"seq":0,"type":"response","request_seq":1,"command":"initialize","success":true,"body":{"exceptionBreakpointFilters":[{"label":"All Exceptions","filter":"all","default":false},{"label":"Uncaught Exceptions","filter":"uncaught","default":false}],"supportsConfigurationDoneRequest":true,"supportsSetVariable":true,"supportsConditionalBreakpoints":true,"supportsCompletionsRequest":true,"supportsHitConditionalBreakpoints":true,"supportsRestartFrame":true,"supportsExceptionInfoRequest":true,"supportsDelayedStackTraceLoading":true,"supportsValueFormattingOptions":true,"supportsEvaluateForHovers":true,"supportsLoadedSourcesRequest":true,"supportsBreakpointLocationsRequest":true,"supportsRestartRequest":true,"supportsSetExpression":true,"supportsLogPoints":true}}
[20:17:22.697 UTC] To client: {"seq":0,"type":"event","event":"output","body":{"category":"telemetry","output":"ClientRequest/initialize","data":{"Versions.DebugAdapterCore":"6.8.6","Versions.DebugAdapter":"4.12.1","successful":"true","timeTakenInMilliseconds":"2.239066","requestType":"request"}}}
[20:17:22.697 UTC] From client: launch({"url":"http://localhost:7890/index.html","webRoot":"/Users/roblou/code/vscode-chrome-debug/testdata/columns","trace":"verbose","logTimestamps":true,"disableNetworkCache":true,"logFilePath":"/Users/roblou/code/vscode-chrome-debug/logs/darwin-Breakpoints Column BPs BP col is adjusted to correct col-DA.log","runtimeExecutable":"/Users/roblou/code/vscode-chrome-debug/node_modules/puppeteer/.local-chromium/mac-662092/chrome-mac/Chromium.app/Contents/MacOS/Chromium","userDataDir":"/var/folders/tx/p0ycbfpj37786p760wwdg6y80000gn/T/chrome2-26729AJzNtZy730r1"})
[20:17:22.697 UTC] To client: {"seq":0,"type":"event","event":"output","body":{"category":"telemetry","output":"debugStarted","data":{"Versions.DebugAdapterCore":"6.8.6","Versions.DebugAdapter":"4.12.1","request":"launch","args":["url","webRoot","trace","logTimestamps","disableNetworkCache","logFilePath","runtimeExecutable","userDataDir","breakOnLoadStrategy","pathMapping","sourceMaps","sourceMapPathOverrides","skipFileRegExps","targetFilter","smartStep","showAsyncStacks"]}}}
[20:17:22.697 UTC] spawn('/Users/roblou/code/vscode-chrome-debug/node_modules/puppeteer/.local-chromium/mac-662092/chrome-mac/Chromium.app/Contents/MacOS/Chromium', ["--remote-debugging-port=9222","--no-first-run","--no-default-browser-check","--user-data-dir=/var/folders/tx/p0ycbfpj37786p760wwdg6y80000gn/T/chrome2-26729AJzNtZy730r1","about:blank"])
[20:17:22.697 UTC] Getting browser and debug protocol version via http://127.0.0.1:9222/json/version
[20:17:22.697 UTC] Discovering targets via http://127.0.0.1:9222/json/list
[20:17:22.697 UTC] HTTP GET failed: Error: connect ECONNREFUSED 127.0.0.1:9222
[20:17:22.697 UTC] There was an error connecting to http://127.0.0.1:9222/json/version : connect ECONNREFUSED 127.0.0.1:9222
[20:17:22.697 UTC] HTTP GET failed: Error: connect ECONNREFUSED 127.0.0.1:9222
[20:17:22.697 UTC] Discovering targets via http://127.0.0.1:9222/json
[20:17:22.697 UTC] HTTP GET failed: Error: connect ECONNREFUSED 127.0.0.1:9222
[20:17:22.903 UTC] Getting browser and debug protocol version via http://127.0.0.1:9222/json/version
[20:17:22.904 UTC] Discovering targets via http://127.0.0.1:9222/json/list
[20:17:22.905 UTC] HTTP GET failed: Error: connect ECONNREFUSED 127.0.0.1:9222
[20:17:22.906 UTC] There was an error connecting to http://127.0.0.1:9222/json/version : connect ECONNREFUSED 127.0.0.1:9222
[20:17:22.906 UTC] HTTP GET failed: Error: connect ECONNREFUSED 127.0.0.1:9222
[20:17:22.906 UTC] Discovering targets via http://127.0.0.1:9222/json
[20:17:22.908 UTC] HTTP GET failed: Error: connect ECONNREFUSED 127.0.0.1:9222
[20:17:23.116 UTC] Getting browser and debug protocol version via http://127.0.0.1:9222/json/version
[20:17:23.117 UTC] Discovering targets via http://127.0.0.1:9222/json/list
[20:17:23.531 UTC] Got browser version: Chrome/76.0.3803.0
[20:17:23.531 UTC] Got debug protocol version: 1.3
[20:17:23.531 UTC] To client: {"seq":0,"type":"event","event":"output","body":{"category":"telemetry","output":"targetDebugProtocolVersion","data":{"Versions.DebugAdapterCore":"6.8.6","Versions.DebugAdapter":"4.12.1"}}}
[20:17:23.532 UTC] To client: {"seq":0,"type":"event","event":"output","body":{"category":"telemetry","output":"targetCount","data":{"Versions.DebugAdapterCore":"6.8.6","Versions.DebugAdapter":"4.12.1","numTargets":1}}}
[20:17:23.533 UTC] Attaching to target: {"description":"","devtoolsFrontendUrl":"/devtools/inspector.html?ws=localhost/devtools/page/8ED954E138D30C6F42590476D7A2E427","id":"8ED954E138D30C6F42590476D7A2E427","title":"","type":"page","url":"about:blank","webSocketDebuggerUrl":"ws://127.0.0.1:9222/devtools/page/8ED954E138D30C6F42590476D7A2E427","version":{}}
[20:17:23.533 UTC] WebSocket Url: ws://127.0.0.1:9222/devtools/page/8ED954E138D30C6F42590476D7A2E427
[20:17:23.554 UTC] → To target: "{\"id\":1,\"method\":\"Console.enable\"}"
[20:17:23.555 UTC] → To target: "{\"id\":2,\"method\":\"Debugger.enable\"}"
[20:17:23.555 UTC] → To target: "{\"id\":3,\"method\":\"Runtime.enable\"}"
[20:17:23.555 UTC] → To target: "{\"id\":4,\"method\":\"Log.enable\"}"
[20:17:23.555 UTC] → To target: "{\"id\":5,\"method\":\"Runtime.runIfWaitingForDebugger\"}"
[20:17:23.555 UTC] → To target: "{\"id\":6,\"method\":\"Runtime.run\"}"
[20:17:23.555 UTC] → To target: "{\"id\":7,\"method\":\"Page.enable\"}"
[20:17:23.555 UTC] → To target: "{\"id\":8,\"method\":\"Network.enable\",\"params\":{}}"
[20:17:23.582 UTC] ← From target: {"id":1,"result":{}}
[20:17:23.583 UTC] ← From target: {"id":2,"result":{"debuggerId":"(A83D28E5C3D86618888AC2426186D76C)"}}
[20:17:23.585 UTC] ← From target: {"method":"Runtime.executionContextCreated","params":{"context":{"id":1,"origin":"://","name":"","auxData":{"isDefault":true,"type":"default","frameId":"8ED954E138D30C6F42590476D7A2E427"}}}}
[20:17:23.585 UTC] ← From target: {"id":3,"result":{}}
[20:17:23.586 UTC] ← From target: {"id":4,"result":{}}
[20:17:23.587 UTC] ← From target: {"id":5,"result":{}}
[20:17:23.587 UTC] ← From target: {"error":{"code":-32601,"message":"'Runtime.run' wasn't found"},"id":6}
[20:17:23.588 UTC] ← From target: {"id":7,"result":{}}
[20:17:23.588 UTC] ← From target: {"id":8,"result":{}}
[20:17:23.588 UTC] → To target: "{\"id\":9,\"method\":\"Debugger.setBlackboxPatterns\",\"params\":{\"patterns\":[\"^chrome-extension:.*\"]}}"
[20:17:23.589 UTC] → To target: "{\"id\":10,\"method\":\"Schema.getDomains\"}"
[20:17:23.591 UTC] ← From target: {"method":"Page.frameResized","params":{}}
[20:17:23.591 UTC] ← From target: {"id":10,"result":{"domains":[{"name":"Inspector","version":"1.2"},{"name":"Memory","version":"1.2"},{"name":"Page","version":"1.2"},{"name":"Emulation","version":"1.2"},{"name":"Security","version":"1.2"},{"name":"Network","version":"1.2"},{"name":"Database","version":"1.2"},{"name":"IndexedDB","version":"1.2"},{"name":"CacheStorage","version":"1.2"},{"name":"DOMStorage","version":"1.2"},{"name":"CSS","version":"1.2"},{"name":"ApplicationCache","version":"1.2"},{"name":"DOM","version":"1.2"},{"name":"IO","version":"1.2"},{"name":"DOMDebugger","version":"1.2"},{"name":"DOMSnapshot","version":"1.2"},{"name":"ServiceWorker","version":"1.2"},{"name":"Input","version":"1.2"},{"name":"LayerTree","version":"1.2"},{"name":"DeviceOrientation","version":"1.2"},{"name":"Tracing","version":"1.2"},{"name":"Animation","version":"1.2"},{"name":"Accessibility","version":"1.2"},{"name":"Storage","version":"1.2"},{"name":"Log","version":"1.2"},{"name":"Runtime","version":"1.2"},{"name":"Debugger","version":"1.2"},{"name":"Profiler","version":"1.2"},{"name":"HeapProfiler","version":"1.2"},{"name":"Schema","version":"1.2"},{"name":"Target","version":"1.2"},{"name":"Overlay","version":"1.2"},{"name":"Performance","version":"1.2"},{"name":"Audits","version":"1.2"},{"name":"HeadlessExperimental","version":"1.2"}]}}
[20:17:23.591 UTC] → To target: "{\"id\":11,\"method\":\"Debugger.setAsyncCallStackDepth\",\"params\":{\"maxDepth\":4}}"
[20:17:23.592 UTC] ← From target: {"id":9,"result":{}}
[20:17:23.593 UTC] ← From target: {"id":11,"result":{}}
[20:17:23.594 UTC] → To target: "{\"id\":12,\"method\":\"Runtime.evaluate\",\"params\":{\"expression\":\"navigator.userAgent\",\"silent\":true}}"
[20:17:23.594 UTC] → To target: "{\"id\":13,\"method\":\"Browser.getVersion\"}"
[20:17:23.594 UTC] To client: {"seq":0,"type":"response","request_seq":2,"command":"launch","success":true}
[20:17:23.594 UTC] To client: {"seq":0,"type":"event","event":"output","body":{"category":"telemetry","output":"ClientRequest/launch","data":{"Versions.DebugAdapterCore":"6.8.6","Versions.DebugAdapter":"4.12.1","successful":"true","timeTakenInMilliseconds":"979.771181","requestType":"request"}}}
[20:17:23.595 UTC] ← From target: {"id":13,"result":{"protocolVersion":"1.3","product":"Chrome/76.0.3803.0","revision":"@a99230af311e8e646833be14a670de5322454fbe","userAgent":"Mozilla/5.0 (Macintosh; Intel Mac OS X 10_14_6) AppleWebKit/537.36 (KHTML, like Gecko) Chrome/76.0.3803.0 Safari/537.36","jsVersion":"7.6.247"}}
[20:17:23.595 UTC] To client: {"seq":0,"type":"event","event":"output","body":{"category":"telemetry","output":"target-version","data":{"Versions.DebugAdapterCore":"6.8.6","Versions.DebugAdapter":"4.12.1","Versions.Target.CRDPVersion":"1.3","Versions.Target.Revision":"@a99230af311e8e646833be14a670de5322454fbe","Versions.Target.UserAgent":"Mozilla/5.0 (Macintosh; Intel Mac OS X 10_14_6) AppleWebKit/537.36 (KHTML, like Gecko) Chrome/76.0.3803.0 Safari/537.36","Versions.Target.V8":"7.6.247","Versions.Target.Project":"Chrome","Versions.Target.Version":"76.0.3803.0"}}}
[20:17:23.596 UTC] ← From target: {"method":"Debugger.scriptParsed","params":{"scriptId":"13","url":"","startLine":0,"startColumn":0,"endLine":0,"endColumn":19,"executionContextId":1,"hash":"3a6f8cb8708878331cc2be2ec90de0ab25738855","executionContextAuxData":{"isDefault":true,"type":"default","frameId":"8ED954E138D30C6F42590476D7A2E427"},"isLiveEdit":false,"sourceMapURL":"","hasSourceURL":false,"isModule":false,"length":19}}
[20:17:23.598 UTC] → To target: "{\"id\":14,\"method\":\"Debugger.getPossibleBreakpoints\",\"params\":{\"start\":{\"scriptId\":\"13\",\"lineNumber\":0,\"columnNumber\":0},\"end\":{\"scriptId\":\"13\",\"lineNumber\":1,\"columnNumber\":0},\"restrictToFunction\":false}}"
[20:17:23.601 UTC] ← From target: {"id":12,"result":{"result":{"type":"string","value":"Mozilla/5.0 (Macintosh; Intel Mac OS X 10_14_6) AppleWebKit/537.36 (KHTML, like Gecko) Chrome/76.0.3803.0 Safari/537.36"}}}
[20:17:23.601 UTC] Target userAgent: Mozilla/5.0 (Macintosh; Intel Mac OS X 10_14_6) AppleWebKit/537.36 (KHTML, like Gecko) Chrome/76.0.3803.0 Safari/537.36
[20:17:23.601 UTC] → To target: "{\"id\":15,\"method\":\"Network.setCacheDisabled\",\"params\":{\"cacheDisabled\":true}}"
[20:17:23.603 UTC] ← From target: {"id":14,"result":{"locations":[{"scriptId":"13","lineNumber":0,"columnNumber":0}]}}
[20:17:23.604 UTC] To client: {"seq":0,"type":"event","event":"initialized"}
[20:17:23.605 UTC] To client: {"seq":0,"type":"event","event":"loadedSource","body":{"reason":"new","source":{"name":"VM13","path":"<eval>/VM13","sourceReference":1000}}}
[20:17:23.605 UTC] From client: setBreakpoints({"lines":[4],"breakpoints":[{"line":4,"column":19}],"source":{"path":"/Users/roblou/code/vscode-chrome-debug/testdata/columns/src/script.ts"}})
[20:17:23.605 UTC] To client: {"seq":0,"type":"event","event":"output","body":{"category":"telemetry","output":"setBreakpointsRequest","data":{"Versions.DebugAdapterCore":"6.8.6","Versions.DebugAdapter":"4.12.1","Versions.Target.CRDPVersion":"1.3","Versions.Target.Revision":"@a99230af311e8e646833be14a670de5322454fbe","Versions.Target.UserAgent":"Mozilla/5.0 (Macintosh; Intel Mac OS X 10_14_6) AppleWebKit/537.36 (KHTML, like Gecko) Chrome/76.0.3803.0 Safari/537.36","Versions.Target.V8":"7.6.247","Versions.Target.Project":"Chrome","Versions.Target.Version":"76.0.3803.0","fileExt":".ts"}}}
[20:17:23.606 UTC] SourceMaps.setBP: /Users/roblou/code/vscode-chrome-debug/testdata/columns/src/script.ts can't be resolved to a loaded script. It may just not be loaded yet.
[20:17:23.606 UTC] Paths.setBP: No target url cached yet for client path: /Users/roblou/code/vscode-chrome-debug/testdata/columns/src/script.ts.
[20:17:23.607 UTC] → To target: "{\"id\":16,\"method\":\"DOMDebugger.setInstrumentationBreakpoint\",\"params\":{\"eventName\":\"scriptFirstStatement\"}}"
[20:17:23.607 UTC] ← From target: {"id":15,"result":{}}
[20:17:23.608 UTC] ← From target: {"id":16,"result":{}}
[20:17:23.609 UTC] To client: {"seq":0,"type":"response","request_seq":3,"command":"setBreakpoints","success":true,"body":{"breakpoints":[{"id":1000,"verified":false,"message":"Breakpoint set but not yet bound"}]}}
[20:17:23.609 UTC] To client: {"seq":0,"type":"event","event":"output","body":{"category":"telemetry","output":"ClientRequest/setBreakpoints","data":{"Versions.DebugAdapterCore":"6.8.6","Versions.DebugAdapter":"4.12.1","Versions.Target.CRDPVersion":"1.3","Versions.Target.Revision":"@a99230af311e8e646833be14a670de5322454fbe","Versions.Target.UserAgent":"Mozilla/5.0 (Macintosh; Intel Mac OS X 10_14_6) AppleWebKit/537.36 (KHTML, like Gecko) Chrome/76.0.3803.0 Safari/537.36","Versions.Target.V8":"7.6.247","Versions.Target.Project":"Chrome","Versions.Target.Version":"76.0.3803.0","successful":"true","timeTakenInMilliseconds":"4.147119","requestType":"request"}}}
[20:17:23.610 UTC] From client: configurationDone(undefined)
[20:17:23.612 UTC] → To target: "{\"id\":17,\"method\":\"Page.navigate\",\"params\":{\"url\":\"http://localhost:7890/index.html\"}}"
[20:17:23.612 UTC] To client: {"seq":0,"type":"response","request_seq":4,"command":"configurationDone","success":true}
[20:17:23.612 UTC] To client: {"seq":0,"type":"event","event":"output","body":{"category":"telemetry","output":"ClientRequest/configurationDone","data":{"Versions.DebugAdapterCore":"6.8.6","Versions.DebugAdapter":"4.12.1","Versions.Target.CRDPVersion":"1.3","Versions.Target.Revision":"@a99230af311e8e646833be14a670de5322454fbe","Versions.Target.UserAgent":"Mozilla/5.0 (Macintosh; Intel Mac OS X 10_14_6) AppleWebKit/537.36 (KHTML, like Gecko) Chrome/76.0.3803.0 Safari/537.36","Versions.Target.V8":"7.6.247","Versions.Target.Project":"Chrome","Versions.Target.Version":"76.0.3803.0","successful":"true","timeTakenInMilliseconds":"2.409757","requestType":"request"}}}
[20:17:23.632 UTC] ← From target: {"id":17,"result":{"frameId":"8ED954E138D30C6F42590476D7A2E427","loaderId":"A2B7DD00301E4598C86E96334C9BA6AE"}}
[20:17:23.647 UTC] ← From target: {"method":"Page.frameStartedLoading","params":{"frameId":"8ED954E138D30C6F42590476D7A2E427"}}
[20:17:23.648 UTC] ← From target: {"method":"Runtime.executionContextDestroyed","params":{"executionContextId":1}}
[20:17:23.649 UTC] ← From target: {"method":"Runtime.executionContextsCleared","params":{}}
[20:17:23.649 UTC] To client: {"seq":0,"type":"event","event":"loadedSource","body":{"reason":"removed","source":{"name":"VM13","path":"<eval>/VM13","sourceReference":1000}}}
[20:17:23.650 UTC] ← From target: {"method":"Page.frameNavigated","params":{"frame":{"id":"8ED954E138D30C6F42590476D7A2E427","loaderId":"A2B7DD00301E4598C86E96334C9BA6AE","url":"http://localhost:7890/index.html","securityOrigin":"http://localhost:7890","mimeType":"text/html"}}}
[20:17:23.650 UTC] To client: {"seq":0,"type":"event","event":"output","body":{"category":"telemetry","output":"report-start-up-timings","data":{"Versions.DebugAdapterCore":"6.8.6","Versions.DebugAdapter":"4.12.1","Versions.Target.CRDPVersion":"1.3","Versions.Target.Revision":"@a99230af311e8e646833be14a670de5322454fbe","Versions.Target.UserAgent":"Mozilla/5.0 (Macintosh; Intel Mac OS X 10_14_6) AppleWebKit/537.36 (KHTML, like Gecko) Chrome/76.0.3803.0 Safari/537.36","Versions.Target.V8":"7.6.247","Versions.Target.Project":"Chrome","Versions.Target.Version":"76.0.3803.0","RequestedContentWasDetected":"true","Steps":"[\"BeforeFirstStep\",\"ClientRequest/initialize\",\"ClientRequest/launch\",\"LaunchTarget.LaunchExe\",\"Attach\",\"Attach.RequestDebuggerTargetsInformation\",\"Attach.RequestDebuggerTargetsInformation\",\"Attach.RequestDebuggerTargetsInformation\",\"Attach.ProcessDebuggerTargetsInformation\",\"Attach.AttachToTargetDebuggerWebsocket\",\"Attach.ConfigureDebuggingSession.Internal\",\"Attach.ConfigureDebuggingSession.Target\",\"Attach.ConfigureDebuggingSession.End\"]","All":"1053.160209","Request.ClientRequest/setBreakpoints.startTime":"[1575058643605]","Request.ClientRequest/setBreakpoints.timeTakenInMilliseconds":"[4.147119]","Request.ClientRequest/configurationDone.startTime":"[1575058643610]","Request.ClientRequest/configurationDone.timeTakenInMilliseconds":"[2.409757]","BeforeFirstStep":"[14.302917]","WaitingAfter.ClientRequest/initialize":"[16.480186]","ClientRequest/initialize":"[2.935231]","ClientRequest/launch":"[2.875755]","LaunchTarget.LaunchExe":"[49.670204]","Attach":"[17.517683]","Attach.RequestDebuggerTargetsInformation":"[219.205687,213.10095,414.942296]","Attach.ProcessDebuggerTargetsInformation":"[1.206685]","Attach.AttachToTargetDebuggerWebsocket":"[1.811914]","Attach.ConfigureDebuggingSession.Internal":"[0.410339]","Attach.ConfigureDebuggingSession.Target":"[57.801894]","WaitingAfter.ClientRequest/launch":"[997.049857]","WaitingAfter.NotifyInitialized":"[1006.670303]","RequestedNavigateToUserPage":"[1035.324601]","Attach.ConfigureDebuggingSession.End":"[57.018163]"}}}
[20:17:23.651 UTC] ← From target: {"method":"Runtime.executionContextCreated","params":{"context":{"id":2,"origin":"http://localhost:7890","name":"","auxData":{"isDefault":true,"type":"default","frameId":"8ED954E138D30C6F42590476D7A2E427"}}}}
[20:17:23.653 UTC] ← From target: {"method":"Debugger.scriptParsed","params":{"scriptId":"14","url":"http://localhost:7890/out/script.js","startLine":0,"startColumn":0,"endLine":8,"endColumn":34,"executionContextId":2,"hash":"3f3bc1145385fb5f78864bab02b2cb0530814c35","executionContextAuxData":{"isDefault":true,"type":"default","frameId":"8ED954E138D30C6F42590476D7A2E427"},"isLiveEdit":false,"sourceMapURL":"script.js.map","hasSourceURL":false,"isModule":false,"length":161}}
[20:17:23.654 UTC] Paths.scriptParsed: resolved http://localhost:7890/out/script.js to /Users/roblou/code/vscode-chrome-debug/testdata/columns/out/script.js. pathMapping/webroot: {"/":"/Users/roblou/code/vscode-chrome-debug/testdata/columns"}
[20:17:23.654 UTC] SourceMaps.getMapForGeneratedPath: Finding SourceMap for /Users/roblou/code/vscode-chrome-debug/testdata/columns/out/script.js by URI: script.js.map and webRoot/pathMapping: {"/":"/Users/roblou/code/vscode-chrome-debug/testdata/columns"}
[20:17:23.655 UTC] SourceMaps.loadSourceMapContents: Reading local sourcemap file from /Users/roblou/code/vscode-chrome-debug/testdata/columns/out/script.js.map
[20:17:23.655 UTC] To client: {"seq":0,"type":"event","event":"loadedSource","body":{"reason":"new","source":{"name":"script.js","path":"http://localhost:7890/out/script.js","sourceReference":1001}}}
[20:17:23.656 UTC] ← From target: {"method":"Debugger.paused","params":{"callFrames":[{"callFrameId":"{\"ordinal\":0,\"injectedScriptId\":2}","functionName":"","functionLocation":{"scriptId":"14","lineNumber":0,"columnNumber":0},"location":{"scriptId":"14","lineNumber":0,"columnNumber":0},"url":"http://localhost:7890/out/script.js","scopeChain":[{"type":"global","object":{"type":"object","className":"Window","description":"Window","objectId":"{\"injectedScriptId\":2,\"id\":1}"}}],"this":{"type":"object","className":"Window","description":"Window","objectId":"{\"injectedScriptId\":2,\"id\":2}"}}],"reason":"EventListener","data":{"eventName":"instrumentation:scriptFirstStatement"},"hitBreakpoints":[]}}
[20:17:23.657 UTC] SourceMap: creating for /Users/roblou/code/vscode-chrome-debug/testdata/columns/out/script.js
[20:17:23.657 UTC] SourceMap: sourceRoot: 
[20:17:23.657 UTC] SourceMap: sources: ["../src/script.ts"]
[20:17:23.657 UTC] SourceMap: pathMapping: {"/":"/Users/roblou/code/vscode-chrome-debug/testdata/columns"}
[20:17:23.657 UTC] SourceMap: no sourceRoot specified, using script dirname: /Users/roblou/code/vscode-chrome-debug/testdata/columns/out
[20:17:23.659 UTC] SourceMaps.scriptParsed: /Users/roblou/code/vscode-chrome-debug/testdata/columns/out/script.js was just loaded and has mapped sources: ["/Users/roblou/code/vscode-chrome-debug/testdata/columns/src/script.ts"]
[20:17:23.660 UTC] OnScriptParsed.resolvePendingBPs: Resolving pending breakpoints: {"args":{"lines":[4],"breakpoints":[{"line":4,"column":19}],"source":{"path":"/Users/roblou/code/vscode-chrome-debug/testdata/columns/src/script.ts"}},"ids":[1000],"requestSeq":3,"setWithPath":""}
[20:17:23.660 UTC] SourceMaps.setBP: Mapped /Users/roblou/code/vscode-chrome-debug/testdata/columns/src/script.ts to /Users/roblou/code/vscode-chrome-debug/testdata/columns/out/script.js
[20:17:23.661 UTC] SourceMaps.setBP: Mapped /Users/roblou/code/vscode-chrome-debug/testdata/columns/src/script.ts:4:19 to /Users/roblou/code/vscode-chrome-debug/testdata/columns/out/script.js:5:12
[20:17:23.661 UTC] Paths.setBP: Resolved /Users/roblou/code/vscode-chrome-debug/testdata/columns/out/script.js to http://localhost:7890/out/script.js
[20:17:23.662 UTC] → To target: "{\"id\":18,\"method\":\"Debugger.getPossibleBreakpoints\",\"params\":{\"start\":{\"scriptId\":\"14\",\"lineNumber\":4,\"columnNumber\":0},\"end\":{\"scriptId\":\"14\",\"lineNumber\":5,\"columnNumber\":0},\"restrictToFunction\":false}}"
[20:17:23.665 UTC] ← From target: {"id":18,"result":{"locations":[{"scriptId":"14","lineNumber":4,"columnNumber":8}]}}
[20:17:23.665 UTC] → To target: "{\"id\":19,\"method\":\"Debugger.setBreakpointByUrl\",\"params\":{\"urlRegex\":\"http:\\\\/\\\\/localhost:7890\\\\/out\\\\/script\\\\.js\",\"lineNumber\":4,\"columnNumber\":8}}"
[20:17:23.666 UTC] ← From target: {"id":19,"result":{"breakpointId":"2:4:8:http:\\/\\/localhost:7890\\/out\\/script\\.js","locations":[{"scriptId":"14","lineNumber":4,"columnNumber":8}]}}
[20:17:23.667 UTC] SourceMaps.setBP: Mapped /Users/roblou/code/vscode-chrome-debug/testdata/columns/out/script.js:5:9 to /Users/roblou/code/vscode-chrome-debug/testdata/columns/src/script.ts:4
[20:17:23.667 UTC] To client: {"seq":0,"type":"event","event":"breakpoint","body":{"reason":"changed","breakpoint":{"id":1000,"verified":true,"line":4,"column":16}}}
[20:17:23.667 UTC] BreakOnLoadHelper: Finished waiting for breakpoints to get resolved.
[20:17:23.668 UTC] Paths.scriptParsed: resolved http://localhost:7890/out/script.js to /Users/roblou/code/vscode-chrome-debug/testdata/columns/out/script.js. pathMapping/webroot: {"/":"/Users/roblou/code/vscode-chrome-debug/testdata/columns"}
[20:17:23.668 UTC] → To target: "{\"id\":20,\"method\":\"Debugger.resume\"}"
[20:17:23.669 UTC] ← From target: {"id":20,"result":{}}
[20:17:23.738 UTC] ← From target: {"method":"Debugger.resumed","params":{}}
[20:17:23.738 UTC] To client: {"seq":0,"type":"event","event":"continued","body":{"threadId":1}}
[20:17:23.739 UTC] ← From target: {"method":"Page.loadEventFired","params":{"timestamp":169848.911373}}
[20:17:23.740 UTC] ← From target: {"method":"Page.frameStoppedLoading","params":{"frameId":"8ED954E138D30C6F42590476D7A2E427"}}
[20:17:23.741 UTC] ← From target: {"method":"Page.domContentEventFired","params":{"timestamp":169848.976558}}
[20:17:23.741 UTC] ← From target: {"method":"Debugger.paused","params":{"callFrames":[{"callFrameId":"{\"ordinal\":0,\"injectedScriptId\":2}","functionName":"","functionLocation":{"scriptId":"14","lineNumber":0,"columnNumber":21},"location":{"scriptId":"14","lineNumber":4,"columnNumber":8},"url":"http://localhost:7890/out/script.js","scopeChain":[{"type":"local","object":{"type":"object","className":"Object","description":"Object","objectId":"{\"injectedScriptId\":2,\"id\":3}"},"startLocation":{"scriptId":"14","lineNumber":0,"columnNumber":21},"endLocation":{"scriptId":"14","lineNumber":7,"columnNumber":1}},{"type":"global","object":{"type":"object","className":"Window","description":"Window","objectId":"{\"injectedScriptId\":2,\"id\":4}"}}],"this":{"type":"object","className":"Window","description":"Window","objectId":"{\"injectedScriptId\":2,\"id\":5}"}}],"reason":"other","hitBreakpoints":["2:4:8:http:\\/\\/localhost:7890\\/out\\/script\\.js"],"asyncStackTrace":{"description":"setInterval","callFrames":[{"functionName":"","scriptId":"14","url":"http://localhost:7890/out/script.js","lineNumber":0,"columnNumber":0}]}}}
[20:17:23.742 UTC] To client: {"seq":0,"type":"event","event":"stopped","body":{"reason":"breakpoint","threadId":1,"description":"Paused on breakpoint"}}
[20:17:23.742 UTC] → To target: "{\"id\":21,\"method\":\"Overlay.setPausedInDebuggerMessage\",\"params\":{\"message\":\"Paused in Visual Studio Code\"}}"
[20:17:23.743 UTC] From client: stackTrace({"threadId":1})
[20:17:23.745 UTC] To client: {"seq":0,"type":"response","request_seq":5,"command":"stackTrace","success":true,"body":{"stackFrames":[{"id":1000,"name":"(anonymous function)","source":{"name":"script.ts","path":"/Users/roblou/code/vscode-chrome-debug/testdata/columns/src/script.ts"},"line":4,"column":16},{"id":1002,"name":"[ setInterval ]","presentationHint":"label"},{"id":1001,"name":"(anonymous function)","source":{"name":"script.ts","path":"/Users/roblou/code/vscode-chrome-debug/testdata/columns/src/script.ts"},"line":1,"column":1}],"totalFrames":3}}
[20:17:23.745 UTC] To client: {"seq":0,"type":"event","event":"output","body":{"category":"telemetry","output":"ClientRequest/stackTrace","data":{"Versions.DebugAdapterCore":"6.8.6","Versions.DebugAdapter":"4.12.1","Versions.Target.CRDPVersion":"1.3","Versions.Target.Revision":"@a99230af311e8e646833be14a670de5322454fbe","Versions.Target.UserAgent":"Mozilla/5.0 (Macintosh; Intel Mac OS X 10_14_6) AppleWebKit/537.36 (KHTML, like Gecko) Chrome/76.0.3803.0 Safari/537.36","Versions.Target.V8":"7.6.247","Versions.Target.Project":"Chrome","Versions.Target.Version":"76.0.3803.0","successful":"true","timeTakenInMilliseconds":"2.205366","requestType":"request"}}}
[20:17:23.745 UTC] ← From target: {"method":"Page.frameResized","params":{}}
[20:17:23.746 UTC] From client: disconnect(undefined)
[20:17:23.746 UTC] To client: {"seq":0,"type":"event","event":"output","body":{"category":"telemetry","output":"FullSessionStatistics/SourceMaps/Overrides","data":{"Versions.DebugAdapterCore":"6.8.6","Versions.DebugAdapter":"4.12.1","Versions.Target.CRDPVersion":"1.3","Versions.Target.Revision":"@a99230af311e8e646833be14a670de5322454fbe","Versions.Target.UserAgent":"Mozilla/5.0 (Macintosh; Intel Mac OS X 10_14_6) AppleWebKit/537.36 (KHTML, like Gecko) Chrome/76.0.3803.0 Safari/537.36","Versions.Target.V8":"7.6.247","Versions.Target.Project":"Chrome","Versions.Target.Version":"76.0.3803.0","aspNetClientAppFallbackCount":0}}}
[20:17:23.746 UTC] To client: {"seq":0,"type":"event","event":"output","body":{"category":"telemetry","output":"target/notification/onScriptParsed","data":{"Versions.DebugAdapterCore":"6.8.6","Versions.DebugAdapter":"4.12.1","Versions.Target.CRDPVersion":"1.3","Versions.Target.Revision":"@a99230af311e8e646833be14a670de5322454fbe","Versions.Target.UserAgent":"Mozilla/5.0 (Macintosh; Intel Mac OS X 10_14_6) AppleWebKit/537.36 (KHTML, like Gecko) Chrome/76.0.3803.0 Safari/537.36","Versions.Target.V8":"7.6.247","Versions.Target.Project":"Chrome","Versions.Target.Version":"76.0.3803.0","aggregated.startTime":"[\"1575058643596\",\"1575058643653\"]","aggregated.successful":"[\"true\",\"true\"]","aggregated.timeTakenInMilliseconds":"[\"3.853641\",\"15.156656\"]"}}}
[20:17:23.746 UTC] To client: {"seq":0,"type":"event","event":"output","body":{"category":"telemetry","output":"target/notification/onPaused","data":{"Versions.DebugAdapterCore":"6.8.6","Versions.DebugAdapter":"4.12.1","Versions.Target.CRDPVersion":"1.3","Versions.Target.Revision":"@a99230af311e8e646833be14a670de5322454fbe","Versions.Target.UserAgent":"Mozilla/5.0 (Macintosh; Intel Mac OS X 10_14_6) AppleWebKit/537.36 (KHTML, like Gecko) Chrome/76.0.3803.0 Safari/537.36","Versions.Target.V8":"7.6.247","Versions.Target.Project":"Chrome","Versions.Target.Version":"76.0.3803.0","aggregated.startTime":"[\"1575058643656\",\"1575058643741\"]","aggregated.successful":"[\"true\",\"true\"]","aggregated.timeTakenInMilliseconds":"[\"12.490671\",\"0.902655\"]"}}}
[20:17:23.747 UTC] Terminated: Got disconnect request
[20:17:23.747 UTC] Waiting for any pending steps or log messages.
[20:17:23.747 UTC] Killing Chrome process
[20:17:23.748 UTC] To client: {"seq":0,"type":"response","request_seq":6,"command":"disconnect","success":true}
[20:17:23.748 UTC] To client: {"seq":0,"type":"event","event":"output","body":{"category":"telemetry","output":"ClientRequest/disconnect","data":{"Versions.DebugAdapterCore":"6.8.6","Versions.DebugAdapter":"4.12.1","Versions.Target.CRDPVersion":"1.3","Versions.Target.Revision":"@a99230af311e8e646833be14a670de5322454fbe","Versions.Target.UserAgent":"Mozilla/5.0 (Macintosh; Intel Mac OS X 10_14_6) AppleWebKit/537.36 (KHTML, like Gecko) Chrome/76.0.3803.0 Safari/537.36","Versions.Target.V8":"7.6.247","Versions.Target.Project":"Chrome","Versions.Target.Version":"76.0.3803.0","successful":"true","timeTakenInMilliseconds":"2.202854","requestType":"request"}}}
[20:17:23.748 UTC] Current step and log messages complete
[20:17:23.748 UTC] To client: {"seq":0,"type":"event","event":"output","body":{"category":"telemetry","output":"debugStopped","data":{"Versions.DebugAdapterCore":"6.8.6","Versions.DebugAdapter":"4.12.1","Versions.Target.CRDPVersion":"1.3","Versions.Target.Revision":"@a99230af311e8e646833be14a670de5322454fbe","Versions.Target.UserAgent":"Mozilla/5.0 (Macintosh; Intel Mac OS X 10_14_6) AppleWebKit/537.36 (KHTML, like Gecko) Chrome/76.0.3803.0 Safari/537.36","Versions.Target.V8":"7.6.247","Versions.Target.Project":"Chrome","Versions.Target.Version":"76.0.3803.0","reason":"Got disconnect request"}}}
[20:17:23.748 UTC] To client: {"seq":0,"type":"event","event":"terminated"}
