2019-11-29, 20:17:24.030 UTC
[20:17:24.030 UTC] OS: darwin x64
[20:17:24.031 UTC] Adapter node: v12.13.0 x64
[20:17:24.031 UTC] vscode-chrome-debug-core: 6.8.6
[20:17:24.031 UTC] debugger-for-chrome: 4.12.1
[20:17:24.031 UTC] From client: initialize({"adapterID":"chrome","linesStartAt1":true,"columnsStartAt1":true,"pathFormat":"path"})
[20:17:24.031 UTC] To client: {"seq":0,"type":"response","request_seq":1,"command":"initialize","success":true,"body":{"exceptionBreakpointFilters":[{"label":"All Exceptions","filter":"all","default":false},{"label":"Uncaught Exceptions","filter":"uncaught","default":false}],"supportsConfigurationDoneRequest":true,"supportsSetVariable":true,"supportsConditionalBreakpoints":true,"supportsCompletionsRequest":true,"supportsHitConditionalBreakpoints":true,"supportsRestartFrame":true,"supportsExceptionInfoRequest":true,"supportsDelayedStackTraceLoading":true,"supportsValueFormattingOptions":true,"supportsEvaluateForHovers":true,"supportsLoadedSourcesRequest":true,"supportsBreakpointLocationsRequest":true,"supportsRestartRequest":true,"supportsSetExpression":true,"supportsLogPoints":true}}
[20:17:24.031 UTC] To client: {"seq":0,"type":"event","event":"output","body":{"category":"telemetry","output":"ClientRequest/initialize","data":{"Versions.DebugAdapterCore":"6.8.6","Versions.DebugAdapter":"4.12.1","successful":"true","timeTakenInMilliseconds":"6.193809","requestType":"request"}}}
[20:17:24.031 UTC] From client: launch({"outFiles":["/Users/roblou/code/vscode-chrome-debug/testdata/stackTrace/out"],"sourceMaps":true,"runtimeExecutable":"/Users/roblou/code/vscode-chrome-debug/node_modules/puppeteer/.local-chromium/mac-662092/chrome-mac/Chromium.app/Contents/MacOS/Chromium","webRoot":"/Users/roblou/code/vscode-chrome-debug/testdata/stackTrace","url":"http://localhost:55223/","port":55224,"trace":"verbose","logTimestamps":true,"disableNetworkCache":true,"logFilePath":"/Users/roblou/code/vscode-chrome-debug/logs/darwin-Stack Traces Stack trace is generated with no formatting-DA.log","userDataDir":"/var/folders/tx/p0ycbfpj37786p760wwdg6y80000gn/T/chrome2-26729CZUC5XeQti7D"})
[20:17:24.031 UTC] To client: {"seq":0,"type":"event","event":"output","body":{"category":"telemetry","output":"debugStarted","data":{"Versions.DebugAdapterCore":"6.8.6","Versions.DebugAdapter":"4.12.1","request":"launch","args":["outFiles","sourceMaps","runtimeExecutable","webRoot","url","port","trace","logTimestamps","disableNetworkCache","logFilePath","userDataDir","breakOnLoadStrategy","pathMapping","sourceMapPathOverrides","skipFileRegExps","targetFilter","smartStep","showAsyncStacks"]}}}
[20:17:24.031 UTC] spawn('/Users/roblou/code/vscode-chrome-debug/node_modules/puppeteer/.local-chromium/mac-662092/chrome-mac/Chromium.app/Contents/MacOS/Chromium', ["--remote-debugging-port=55224","--no-first-run","--no-default-browser-check","--user-data-dir=/var/folders/tx/p0ycbfpj37786p760wwdg6y80000gn/T/chrome2-26729CZUC5XeQti7D","about:blank"])
[20:17:24.031 UTC] Getting browser and debug protocol version via http://127.0.0.1:55224/json/version
[20:17:24.032 UTC] Discovering targets via http://127.0.0.1:55224/json/list
[20:17:24.032 UTC] HTTP GET failed: Error: connect ECONNREFUSED 127.0.0.1:55224
[20:17:24.032 UTC] There was an error connecting to http://127.0.0.1:55224/json/version : connect ECONNREFUSED 127.0.0.1:55224
[20:17:24.032 UTC] HTTP GET failed: Error: connect ECONNREFUSED 127.0.0.1:55224
[20:17:24.032 UTC] Discovering targets via http://127.0.0.1:55224/json
[20:17:24.032 UTC] HTTP GET failed: Error: connect ECONNREFUSED 127.0.0.1:55224
[20:17:24.237 UTC] Getting browser and debug protocol version via http://127.0.0.1:55224/json/version
[20:17:24.238 UTC] Discovering targets via http://127.0.0.1:55224/json/list
[20:17:24.239 UTC] HTTP GET failed: Error: connect ECONNREFUSED 127.0.0.1:55224
[20:17:24.239 UTC] There was an error connecting to http://127.0.0.1:55224/json/version : connect ECONNREFUSED 127.0.0.1:55224
[20:17:24.242 UTC] HTTP GET failed: Error: connect ECONNREFUSED 127.0.0.1:55224
[20:17:24.242 UTC] Discovering targets via http://127.0.0.1:55224/json
[20:17:24.250 UTC] HTTP GET failed: Error: connect ECONNREFUSED 127.0.0.1:55224
[20:17:24.453 UTC] Getting browser and debug protocol version via http://127.0.0.1:55224/json/version
[20:17:24.454 UTC] Discovering targets via http://127.0.0.1:55224/json/list
[20:17:24.882 UTC] Got browser version: Chrome/76.0.3803.0
[20:17:24.882 UTC] Got debug protocol version: 1.3
[20:17:24.882 UTC] To client: {"seq":0,"type":"event","event":"output","body":{"category":"telemetry","output":"targetDebugProtocolVersion","data":{"Versions.DebugAdapterCore":"6.8.6","Versions.DebugAdapter":"4.12.1"}}}
[20:17:24.883 UTC] To client: {"seq":0,"type":"event","event":"output","body":{"category":"telemetry","output":"targetCount","data":{"Versions.DebugAdapterCore":"6.8.6","Versions.DebugAdapter":"4.12.1","numTargets":1}}}
[20:17:24.884 UTC] Attaching to target: {"description":"","devtoolsFrontendUrl":"/devtools/inspector.html?ws=localhost/devtools/page/94B8F40C7803D4930F6CFCE490297151","id":"94B8F40C7803D4930F6CFCE490297151","title":"","type":"page","url":"about:blank","webSocketDebuggerUrl":"ws://127.0.0.1:55224/devtools/page/94B8F40C7803D4930F6CFCE490297151","version":{}}
[20:17:24.884 UTC] WebSocket Url: ws://127.0.0.1:55224/devtools/page/94B8F40C7803D4930F6CFCE490297151
[20:17:24.903 UTC] → To target: "{\"id\":1,\"method\":\"Console.enable\"}"
[20:17:24.903 UTC] → To target: "{\"id\":2,\"method\":\"Debugger.enable\"}"
[20:17:24.903 UTC] → To target: "{\"id\":3,\"method\":\"Runtime.enable\"}"
[20:17:24.903 UTC] → To target: "{\"id\":4,\"method\":\"Log.enable\"}"
[20:17:24.903 UTC] → To target: "{\"id\":5,\"method\":\"Runtime.runIfWaitingForDebugger\"}"
[20:17:24.903 UTC] → To target: "{\"id\":6,\"method\":\"Runtime.run\"}"
[20:17:24.903 UTC] → To target: "{\"id\":7,\"method\":\"Page.enable\"}"
[20:17:24.904 UTC] → To target: "{\"id\":8,\"method\":\"Network.enable\",\"params\":{}}"
[20:17:24.950 UTC] ← From target: {"id":1,"result":{}}
[20:17:24.950 UTC] ← From target: {"id":2,"result":{"debuggerId":"(ECE9D0003645239A35E355D0CDCFF88F)"}}
[20:17:24.952 UTC] ← From target: {"method":"Runtime.executionContextCreated","params":{"context":{"id":1,"origin":"://","name":"","auxData":{"isDefault":true,"type":"default","frameId":"94B8F40C7803D4930F6CFCE490297151"}}}}
[20:17:24.952 UTC] ← From target: {"id":3,"result":{}}
[20:17:24.953 UTC] ← From target: {"id":4,"result":{}}
[20:17:24.953 UTC] ← From target: {"id":5,"result":{}}
[20:17:24.953 UTC] ← From target: {"error":{"code":-32601,"message":"'Runtime.run' wasn't found"},"id":6}
[20:17:24.954 UTC] ← From target: {"id":7,"result":{}}
[20:17:24.954 UTC] ← From target: {"id":8,"result":{}}
[20:17:24.954 UTC] → To target: "{\"id\":9,\"method\":\"Debugger.setBlackboxPatterns\",\"params\":{\"patterns\":[\"^chrome-extension:.*\"]}}"
[20:17:24.955 UTC] → To target: "{\"id\":10,\"method\":\"Schema.getDomains\"}"
[20:17:24.955 UTC] ← From target: {"method":"Page.frameResized","params":{}}
[20:17:24.955 UTC] ← From target: {"id":10,"result":{"domains":[{"name":"Inspector","version":"1.2"},{"name":"Memory","version":"1.2"},{"name":"Page","version":"1.2"},{"name":"Emulation","version":"1.2"},{"name":"Security","version":"1.2"},{"name":"Network","version":"1.2"},{"name":"Database","version":"1.2"},{"name":"IndexedDB","version":"1.2"},{"name":"CacheStorage","version":"1.2"},{"name":"DOMStorage","version":"1.2"},{"name":"CSS","version":"1.2"},{"name":"ApplicationCache","version":"1.2"},{"name":"DOM","version":"1.2"},{"name":"IO","version":"1.2"},{"name":"DOMDebugger","version":"1.2"},{"name":"DOMSnapshot","version":"1.2"},{"name":"ServiceWorker","version":"1.2"},{"name":"Input","version":"1.2"},{"name":"LayerTree","version":"1.2"},{"name":"DeviceOrientation","version":"1.2"},{"name":"Tracing","version":"1.2"},{"name":"Animation","version":"1.2"},{"name":"Accessibility","version":"1.2"},{"name":"Storage","version":"1.2"},{"name":"Log","version":"1.2"},{"name":"Runtime","version":"1.2"},{"name":"Debugger","version":"1.2"},{"name":"Profiler","version":"1.2"},{"name":"HeapProfiler","version":"1.2"},{"name":"Schema","version":"1.2"},{"name":"Target","version":"1.2"},{"name":"Overlay","version":"1.2"},{"name":"Performance","version":"1.2"},{"name":"Audits","version":"1.2"},{"name":"HeadlessExperimental","version":"1.2"}]}}
[20:17:24.956 UTC] → To target: "{\"id\":11,\"method\":\"Debugger.setAsyncCallStackDepth\",\"params\":{\"maxDepth\":4}}"
[20:17:24.961 UTC] ← From target: {"id":9,"result":{}}
[20:17:24.961 UTC] ← From target: {"id":11,"result":{}}
[20:17:24.962 UTC] → To target: "{\"id\":12,\"method\":\"Runtime.evaluate\",\"params\":{\"expression\":\"navigator.userAgent\",\"silent\":true}}"
[20:17:24.962 UTC] → To target: "{\"id\":13,\"method\":\"Browser.getVersion\"}"
[20:17:24.962 UTC] To client: {"seq":0,"type":"response","request_seq":2,"command":"launch","success":true}
[20:17:24.962 UTC] To client: {"seq":0,"type":"event","event":"output","body":{"category":"telemetry","output":"ClientRequest/launch","data":{"Versions.DebugAdapterCore":"6.8.6","Versions.DebugAdapter":"4.12.1","successful":"true","timeTakenInMilliseconds":"977.356069","requestType":"request"}}}
[20:17:24.963 UTC] ← From target: {"id":13,"result":{"protocolVersion":"1.3","product":"Chrome/76.0.3803.0","revision":"@a99230af311e8e646833be14a670de5322454fbe","userAgent":"Mozilla/5.0 (Macintosh; Intel Mac OS X 10_14_6) AppleWebKit/537.36 (KHTML, like Gecko) Chrome/76.0.3803.0 Safari/537.36","jsVersion":"7.6.247"}}
[20:17:24.963 UTC] To client: {"seq":0,"type":"event","event":"output","body":{"category":"telemetry","output":"target-version","data":{"Versions.DebugAdapterCore":"6.8.6","Versions.DebugAdapter":"4.12.1","Versions.Target.CRDPVersion":"1.3","Versions.Target.Revision":"@a99230af311e8e646833be14a670de5322454fbe","Versions.Target.UserAgent":"Mozilla/5.0 (Macintosh; Intel Mac OS X 10_14_6) AppleWebKit/537.36 (KHTML, like Gecko) Chrome/76.0.3803.0 Safari/537.36","Versions.Target.V8":"7.6.247","Versions.Target.Project":"Chrome","Versions.Target.Version":"76.0.3803.0"}}}
[20:17:24.963 UTC] ← From target: {"method":"Debugger.scriptParsed","params":{"scriptId":"13","url":"","startLine":0,"startColumn":0,"endLine":0,"endColumn":19,"executionContextId":1,"hash":"3a6f8cb8708878331cc2be2ec90de0ab25738855","executionContextAuxData":{"isDefault":true,"type":"default","frameId":"94B8F40C7803D4930F6CFCE490297151"},"isLiveEdit":false,"sourceMapURL":"","hasSourceURL":false,"isModule":false,"length":19}}
[20:17:24.966 UTC] → To target: "{\"id\":14,\"method\":\"Debugger.getPossibleBreakpoints\",\"params\":{\"start\":{\"scriptId\":\"13\",\"lineNumber\":0,\"columnNumber\":0},\"end\":{\"scriptId\":\"13\",\"lineNumber\":1,\"columnNumber\":0},\"restrictToFunction\":false}}"
[20:17:24.967 UTC] ← From target: {"id":12,"result":{"result":{"type":"string","value":"Mozilla/5.0 (Macintosh; Intel Mac OS X 10_14_6) AppleWebKit/537.36 (KHTML, like Gecko) Chrome/76.0.3803.0 Safari/537.36"}}}
[20:17:24.967 UTC] Target userAgent: Mozilla/5.0 (Macintosh; Intel Mac OS X 10_14_6) AppleWebKit/537.36 (KHTML, like Gecko) Chrome/76.0.3803.0 Safari/537.36
[20:17:24.967 UTC] → To target: "{\"id\":15,\"method\":\"Network.setCacheDisabled\",\"params\":{\"cacheDisabled\":true}}"
[20:17:24.971 UTC] ← From target: {"id":14,"result":{"locations":[{"scriptId":"13","lineNumber":0,"columnNumber":0}]}}
[20:17:24.972 UTC] To client: {"seq":0,"type":"event","event":"initialized"}
[20:17:24.973 UTC] To client: {"seq":0,"type":"event","event":"loadedSource","body":{"reason":"new","source":{"name":"VM13","path":"<eval>/VM13","sourceReference":1000}}}
[20:17:24.973 UTC] From client: configurationDone(undefined)
[20:17:24.973 UTC] → To target: "{\"id\":16,\"method\":\"Page.navigate\",\"params\":{\"url\":\"http://localhost:55223/\"}}"
[20:17:24.973 UTC] To client: {"seq":0,"type":"response","request_seq":3,"command":"configurationDone","success":true}
[20:17:24.974 UTC] To client: {"seq":0,"type":"event","event":"output","body":{"category":"telemetry","output":"ClientRequest/configurationDone","data":{"Versions.DebugAdapterCore":"6.8.6","Versions.DebugAdapter":"4.12.1","Versions.Target.CRDPVersion":"1.3","Versions.Target.Revision":"@a99230af311e8e646833be14a670de5322454fbe","Versions.Target.UserAgent":"Mozilla/5.0 (Macintosh; Intel Mac OS X 10_14_6) AppleWebKit/537.36 (KHTML, like Gecko) Chrome/76.0.3803.0 Safari/537.36","Versions.Target.V8":"7.6.247","Versions.Target.Project":"Chrome","Versions.Target.Version":"76.0.3803.0","successful":"true","timeTakenInMilliseconds":"0.522628","requestType":"request"}}}
[20:17:24.974 UTC] ← From target: {"id":15,"result":{}}
[20:17:24.984 UTC] ← From target: {"id":16,"result":{"frameId":"94B8F40C7803D4930F6CFCE490297151","loaderId":"90D5D590737C55B2B92FFB5F1006AAD7"}}
[20:17:25.009 UTC] ← From target: {"method":"Page.frameStartedLoading","params":{"frameId":"94B8F40C7803D4930F6CFCE490297151"}}
[20:17:25.010 UTC] ← From target: {"method":"Runtime.executionContextDestroyed","params":{"executionContextId":1}}
[20:17:25.011 UTC] ← From target: {"method":"Runtime.executionContextsCleared","params":{}}
[20:17:25.013 UTC] To client: {"seq":0,"type":"event","event":"loadedSource","body":{"reason":"removed","source":{"name":"VM13","path":"<eval>/VM13","sourceReference":1000}}}
[20:17:25.013 UTC] ← From target: {"method":"Page.frameNavigated","params":{"frame":{"id":"94B8F40C7803D4930F6CFCE490297151","loaderId":"90D5D590737C55B2B92FFB5F1006AAD7","url":"http://localhost:55223/","securityOrigin":"http://localhost:55223","mimeType":"text/html"}}}
[20:17:25.014 UTC] To client: {"seq":0,"type":"event","event":"output","body":{"category":"telemetry","output":"report-start-up-timings","data":{"Versions.DebugAdapterCore":"6.8.6","Versions.DebugAdapter":"4.12.1","Versions.Target.CRDPVersion":"1.3","Versions.Target.Revision":"@a99230af311e8e646833be14a670de5322454fbe","Versions.Target.UserAgent":"Mozilla/5.0 (Macintosh; Intel Mac OS X 10_14_6) AppleWebKit/537.36 (KHTML, like Gecko) Chrome/76.0.3803.0 Safari/537.36","Versions.Target.V8":"7.6.247","Versions.Target.Project":"Chrome","Versions.Target.Version":"76.0.3803.0","RequestedContentWasDetected":"true","Steps":"[\"BeforeFirstStep\",\"ClientRequest/initialize\",\"ClientRequest/launch\",\"LaunchTarget.LaunchExe\",\"Attach\",\"Attach.RequestDebuggerTargetsInformation\",\"Attach.RequestDebuggerTargetsInformation\",\"Attach.RequestDebuggerTargetsInformation\",\"Attach.ProcessDebuggerTargetsInformation\",\"Attach.AttachToTargetDebuggerWebsocket\",\"Attach.ConfigureDebuggingSession.Internal\",\"Attach.ConfigureDebuggingSession.Target\",\"Attach.ConfigureDebuggingSession.End\"]","All":"1084.613236","Request.ClientRequest/configurationDone.startTime":"[1575058644973]","Request.ClientRequest/configurationDone.timeTakenInMilliseconds":"[0.522628]","BeforeFirstStep":"[49.684165]","WaitingAfter.ClientRequest/initialize":"[55.468949]","ClientRequest/initialize":"[6.361173]","ClientRequest/launch":"[10.85281]","LaunchTarget.LaunchExe":"[15.335942]","Attach":"[8.735334]","Attach.RequestDebuggerTargetsInformation":"[217.863657,216.479063,428.523877]","Attach.ProcessDebuggerTargetsInformation":"[1.115917]","Attach.AttachToTargetDebuggerWebsocket":"[2.006318]","Attach.ConfigureDebuggingSession.Internal":"[0.390565]","Attach.ConfigureDebuggingSession.Target":"[75.125661]","WaitingAfter.ClientRequest/launch":"[1033.499721]","WaitingAfter.NotifyInitialized":"[1043.213927]","RequestedNavigateToUserPage":"[1055.911399]","Attach.ConfigureDebuggingSession.End":"[51.767317]"}}}
[20:17:25.014 UTC] ← From target: {"method":"Runtime.executionContextCreated","params":{"context":{"id":2,"origin":"http://localhost:55223","name":"","auxData":{"isDefault":true,"type":"default","frameId":"94B8F40C7803D4930F6CFCE490297151"}}}}
[20:17:25.111 UTC] ← From target: {"method":"Debugger.scriptParsed","params":{"scriptId":"14","url":"http://localhost:55223/app.js","startLine":0,"startColumn":0,"endLine":12,"endColumn":1,"executionContextId":2,"hash":"1722cb7e7f7d6af46f879a0d2371b3a7325385e4","executionContextAuxData":{"isDefault":true,"type":"default","frameId":"94B8F40C7803D4930F6CFCE490297151"},"isLiveEdit":false,"sourceMapURL":"","hasSourceURL":false,"isModule":false,"length":228}}
[20:17:25.112 UTC] Paths.scriptParsed: resolved http://localhost:55223/app.js to /Users/roblou/code/vscode-chrome-debug/testdata/stackTrace/app.js. pathMapping/webroot: {"/":"/Users/roblou/code/vscode-chrome-debug/testdata/stackTrace"}
[20:17:25.112 UTC] To client: {"seq":0,"type":"event","event":"loadedSource","body":{"reason":"new","source":{"name":"app.js","path":"http://localhost:55223/app.js","sourceReference":1001}}}
[20:17:25.112 UTC] ← From target: {"method":"Page.loadEventFired","params":{"timestamp":169850.260693}}
[20:17:25.113 UTC] ← From target: {"method":"Page.frameStoppedLoading","params":{"frameId":"94B8F40C7803D4930F6CFCE490297151"}}
[20:17:25.113 UTC] ← From target: {"method":"Page.domContentEventFired","params":{"timestamp":169850.351485}}
[20:17:25.123 UTC] ← From target: {"method":"Page.frameResized","params":{}}
[20:17:25.126 UTC] ← From target: {"method":"Page.frameResized","params":{}}
[20:17:25.129 UTC] ← From target: {"method":"Runtime.executionContextCreated","params":{"context":{"id":3,"origin":"","name":"__puppeteer_utility_world__","auxData":{"isDefault":false,"type":"isolated","frameId":"94B8F40C7803D4930F6CFCE490297151"}}}}
[20:17:25.132 UTC] ← From target: {"method":"Log.entryAdded","params":{"entry":{"source":"network","level":"error","text":"Failed to load resource: the server responded with a status of 404 (Not Found)","timestamp":1575058645131.5662,"url":"http://localhost:55223/favicon.ico","networkRequestId":"1000027199.4"}}}
[20:17:25.133 UTC] To client: {"seq":0,"type":"event","event":"output","body":{"category":"stderr","output":"Failed to load resource: the server responded with a status of 404 (Not Found) [http://localhost:55223/favicon.ico]\n"}}
[20:17:25.647 UTC] ← From target: {"method":"Debugger.scriptParsed","params":{"scriptId":"22","url":"__puppeteer_evaluation_script__","startLine":0,"startColumn":0,"endLine":87,"endColumn":1,"executionContextId":3,"hash":"1367f4ae4d6dfa997636a71c2060d401142f3d35","executionContextAuxData":{"isDefault":false,"type":"isolated","frameId":"94B8F40C7803D4930F6CFCE490297151"},"isLiveEdit":false,"sourceMapURL":"","hasSourceURL":true,"isModule":false,"length":2008}}
[20:17:25.648 UTC] Paths.scriptParsed: could not resolve __puppeteer_evaluation_script__ to a file with pathMapping/webRoot: {"/":"/Users/roblou/code/vscode-chrome-debug/testdata/stackTrace"}. It may be external or served directly from the server's memory (and that's OK).
[20:17:25.648 UTC] To client: {"seq":0,"type":"event","event":"loadedSource","body":{"reason":"new","source":{"name":"__puppeteer_evaluation_script__","path":"__puppeteer_evaluation_script__","sourceReference":1002}}}
[20:17:25.649 UTC] ← From target: {"method":"Debugger.scriptParsed","params":{"scriptId":"23","url":"","startLine":0,"startColumn":0,"endLine":25,"endColumn":2,"executionContextId":3,"hash":"1f868032500c2e3e8032539564c0bd223ce092a0","executionContextAuxData":{"isDefault":false,"type":"isolated","frameId":"94B8F40C7803D4930F6CFCE490297151"},"isLiveEdit":false,"sourceMapURL":"","hasSourceURL":false,"isModule":false,"length":1048,"stackTrace":{"callFrames":[{"functionName":"waitForPredicatePageFunction","scriptId":"22","url":"__puppeteer_evaluation_script__","lineNumber":1,"columnNumber":20}]}}}
[20:17:25.649 UTC] To client: {"seq":0,"type":"event","event":"loadedSource","body":{"reason":"new","source":{"name":"VM23","path":"<eval>/VM23","sourceReference":1003}}}
[20:17:25.649 UTC] ← From target: {"method":"Debugger.scriptParsed","params":{"scriptId":"24","url":"__puppeteer_evaluation_script__","startLine":0,"startColumn":0,"endLine":2,"endColumn":1,"executionContextId":3,"hash":"20c82ab795ef77ca761fea3949a6c645249be1aa","executionContextAuxData":{"isDefault":false,"type":"isolated","frameId":"94B8F40C7803D4930F6CFCE490297151"},"isLiveEdit":false,"sourceMapURL":"","hasSourceURL":true,"isModule":false,"length":56}}
[20:17:25.650 UTC] Paths.scriptParsed: could not resolve __puppeteer_evaluation_script__ to a file with pathMapping/webRoot: {"/":"/Users/roblou/code/vscode-chrome-debug/testdata/stackTrace"}. It may be external or served directly from the server's memory (and that's OK).
[20:17:25.650 UTC] To client: {"seq":0,"type":"event","event":"loadedSource","body":{"reason":"new","source":{"name":"__puppeteer_evaluation_script__","path":"__puppeteer_evaluation_script__","sourceReference":1004}}}
[20:17:25.657 UTC] From client: setBreakpoints({"breakpoints":[{"line":11,"column":9}],"source":{"path":"/Users/roblou/code/vscode-chrome-debug/testdata/stackTrace/app.js"}})
[20:17:25.658 UTC] To client: {"seq":0,"type":"event","event":"output","body":{"category":"telemetry","output":"setBreakpointsRequest","data":{"Versions.DebugAdapterCore":"6.8.6","Versions.DebugAdapter":"4.12.1","Versions.Target.CRDPVersion":"1.3","Versions.Target.Revision":"@a99230af311e8e646833be14a670de5322454fbe","Versions.Target.UserAgent":"Mozilla/5.0 (Macintosh; Intel Mac OS X 10_14_6) AppleWebKit/537.36 (KHTML, like Gecko) Chrome/76.0.3803.0 Safari/537.36","Versions.Target.V8":"7.6.247","Versions.Target.Project":"Chrome","Versions.Target.Version":"76.0.3803.0","fileExt":".js"}}}
[20:17:25.658 UTC] SourceMaps.setBP: SourceMaps are enabled but /Users/roblou/code/vscode-chrome-debug/testdata/stackTrace/app.js is a runtime script
[20:17:25.659 UTC] Paths.setBP: Resolved /Users/roblou/code/vscode-chrome-debug/testdata/stackTrace/app.js to http://localhost:55223/app.js
[20:17:25.660 UTC] → To target: "{\"id\":17,\"method\":\"Debugger.getPossibleBreakpoints\",\"params\":{\"start\":{\"scriptId\":\"14\",\"lineNumber\":10,\"columnNumber\":0},\"end\":{\"scriptId\":\"14\",\"lineNumber\":11,\"columnNumber\":0},\"restrictToFunction\":false}}"
[20:17:25.668 UTC] ← From target: {"id":17,"result":{"locations":[{"scriptId":"14","lineNumber":10,"columnNumber":8},{"scriptId":"14","lineNumber":10,"columnNumber":16,"type":"call"}]}}
[20:17:25.668 UTC] → To target: "{\"id\":18,\"method\":\"Debugger.setBreakpointByUrl\",\"params\":{\"urlRegex\":\"http:\\\\/\\\\/localhost:55223\\\\/app\\\\.js\",\"lineNumber\":10,\"columnNumber\":8}}"
[20:17:25.669 UTC] ← From target: {"id":18,"result":{"breakpointId":"2:10:8:http:\\/\\/localhost:55223\\/app\\.js","locations":[{"scriptId":"14","lineNumber":10,"columnNumber":8}]}}
[20:17:25.670 UTC] To client: {"seq":0,"type":"response","request_seq":4,"command":"setBreakpoints","success":true,"body":{"breakpoints":[{"id":1000,"verified":true,"line":11,"column":9}]}}
[20:17:25.670 UTC] To client: {"seq":0,"type":"event","event":"output","body":{"category":"telemetry","output":"ClientRequest/setBreakpoints","data":{"Versions.DebugAdapterCore":"6.8.6","Versions.DebugAdapter":"4.12.1","Versions.Target.CRDPVersion":"1.3","Versions.Target.Revision":"@a99230af311e8e646833be14a670de5322454fbe","Versions.Target.UserAgent":"Mozilla/5.0 (Macintosh; Intel Mac OS X 10_14_6) AppleWebKit/537.36 (KHTML, like Gecko) Chrome/76.0.3803.0 Safari/537.36","Versions.Target.V8":"7.6.247","Versions.Target.Project":"Chrome","Versions.Target.Version":"76.0.3803.0","successful":"true","timeTakenInMilliseconds":"12.61048","requestType":"request"}}}
[20:17:25.677 UTC] ← From target: {"method":"Debugger.scriptParsed","params":{"scriptId":"26","url":"__puppeteer_evaluation_script__","startLine":0,"startColumn":0,"endLine":22,"endColumn":1,"executionContextId":2,"hash":"25b8f39e3f57e0282696e47b8a0bd3b1077f2290","executionContextAuxData":{"isDefault":true,"type":"default","frameId":"94B8F40C7803D4930F6CFCE490297151"},"isLiveEdit":false,"sourceMapURL":"","hasSourceURL":true,"isModule":false,"length":892}}
[20:17:25.677 UTC] Paths.scriptParsed: could not resolve __puppeteer_evaluation_script__ to a file with pathMapping/webRoot: {"/":"/Users/roblou/code/vscode-chrome-debug/testdata/stackTrace"}. It may be external or served directly from the server's memory (and that's OK).
[20:17:25.678 UTC] To client: {"seq":0,"type":"event","event":"loadedSource","body":{"reason":"new","source":{"name":"__puppeteer_evaluation_script__","path":"__puppeteer_evaluation_script__","sourceReference":1005}}}
[20:17:25.687 UTC] ← From target: {"method":"Debugger.scriptParsed","params":{"scriptId":"27","url":"http://localhost:55223/","startLine":6,"startColumn":48,"endLine":6,"endColumn":61,"executionContextId":2,"hash":"3d7057b0648337ce2ce585ba4eedd6216100b6e1","executionContextAuxData":{"isDefault":true,"type":"default","frameId":"94B8F40C7803D4930F6CFCE490297151"},"isLiveEdit":false,"sourceMapURL":"","hasSourceURL":false,"isModule":false,"length":13}}
[20:17:25.687 UTC] Paths.scriptParsed: could not resolve http://localhost:55223/ to a file with pathMapping/webRoot: {"/":"/Users/roblou/code/vscode-chrome-debug/testdata/stackTrace"}. It may be external or served directly from the server's memory (and that's OK).
[20:17:25.687 UTC] To client: {"seq":0,"type":"event","event":"loadedSource","body":{"reason":"new","source":{"name":"localhost:55223","path":"http://localhost:55223","sourceReference":1006}}}
[20:17:25.789 UTC] ← From target: {"method":"Debugger.scriptParsed","params":{"scriptId":"28","url":"","startLine":0,"startColumn":0,"endLine":0,"endColumn":15,"executionContextId":2,"hash":"2496514713dec82d08f27f6f2c75a3c6225bb537","executionContextAuxData":{"isDefault":true,"type":"default","frameId":"94B8F40C7803D4930F6CFCE490297151"},"isLiveEdit":false,"sourceMapURL":"","hasSourceURL":false,"isModule":false,"length":15,"stackTrace":{"callFrames":[{"functionName":"timeoutCallback","scriptId":"14","url":"http://localhost:55223/app.js","lineNumber":5,"columnNumber":4}],"parentId":{"id":"1"}}}}
[20:17:25.790 UTC] To client: {"seq":0,"type":"event","event":"loadedSource","body":{"reason":"new","source":{"name":"VM28","path":"<eval>/VM28","sourceReference":1007}}}
[20:17:25.791 UTC] ← From target: {"method":"Debugger.paused","params":{"callFrames":[{"callFrameId":"{\"ordinal\":0,\"injectedScriptId\":2}","functionName":"","functionLocation":{"scriptId":"14","lineNumber":9,"columnNumber":13},"location":{"scriptId":"14","lineNumber":10,"columnNumber":8},"url":"http://localhost:55223/app.js","scopeChain":[{"type":"local","object":{"type":"object","className":"Object","description":"Object","objectId":"{\"injectedScriptId\":2,\"id\":1}"},"startLocation":{"scriptId":"14","lineNumber":9,"columnNumber":13},"endLocation":{"scriptId":"14","lineNumber":11,"columnNumber":5}},{"type":"global","object":{"type":"object","className":"Window","description":"Window","objectId":"{\"injectedScriptId\":2,\"id\":2}"}}],"this":{"type":"object","className":"Window","description":"Window","objectId":"{\"injectedScriptId\":2,\"id\":3}"}},{"callFrameId":"{\"ordinal\":1,\"injectedScriptId\":2}","functionName":"evalCallback","functionLocation":{"scriptId":"14","lineNumber":8,"columnNumber":21},"location":{"scriptId":"14","lineNumber":11,"columnNumber":6},"url":"http://localhost:55223/app.js","scopeChain":[{"type":"local","object":{"type":"object","className":"Object","description":"Object","objectId":"{\"injectedScriptId\":2,\"id\":4}"},"name":"evalCallback","startLocation":{"scriptId":"14","lineNumber":8,"columnNumber":21},"endLocation":{"scriptId":"14","lineNumber":12,"columnNumber":1}},{"type":"global","object":{"type":"object","className":"Window","description":"Window","objectId":"{\"injectedScriptId\":2,\"id\":5}"}}],"this":{"type":"object","className":"Window","description":"Window","objectId":"{\"injectedScriptId\":2,\"id\":6}"}},{"callFrameId":"{\"ordinal\":2,\"injectedScriptId\":2}","functionName":"","functionLocation":{"scriptId":"28","lineNumber":0,"columnNumber":0},"location":{"scriptId":"28","lineNumber":0,"columnNumber":0},"url":"","scopeChain":[{"type":"closure","object":{"type":"object","className":"Object","description":"Object","objectId":"{\"injectedScriptId\":2,\"id\":7}"},"name":"timeoutCallback","startLocation":{"scriptId":"28","lineNumber":-1,"columnNumber":-1},"endLocation":{"scriptId":"28","lineNumber":-1,"columnNumber":-1}},{"type":"global","object":{"type":"object","className":"Window","description":"Window","objectId":"{\"injectedScriptId\":2,\"id\":8}"}}],"this":{"type":"object","className":"Window","description":"Window","objectId":"{\"injectedScriptId\":2,\"id\":9}"}},{"callFrameId":"{\"ordinal\":3,\"injectedScriptId\":2}","functionName":"timeoutCallback","functionLocation":{"scriptId":"14","lineNumber":4,"columnNumber":24},"location":{"scriptId":"14","lineNumber":5,"columnNumber":4},"url":"http://localhost:55223/app.js","scopeChain":[{"type":"local","object":{"type":"object","className":"Object","description":"Object","objectId":"{\"injectedScriptId\":2,\"id\":10}"},"name":"timeoutCallback","startLocation":{"scriptId":"14","lineNumber":4,"columnNumber":24},"endLocation":{"scriptId":"14","lineNumber":6,"columnNumber":1}},{"type":"global","object":{"type":"object","className":"Window","description":"Window","objectId":"{\"injectedScriptId\":2,\"id\":11}"}}],"this":{"type":"object","className":"Window","description":"Window","objectId":"{\"injectedScriptId\":2,\"id\":12}"}}],"reason":"other","hitBreakpoints":["2:10:8:http:\\/\\/localhost:55223\\/app\\.js"],"asyncStackTrace":{"description":"setTimeout","callFrames":[{"functionName":"buttonClick","scriptId":"14","url":"http://localhost:55223/app.js","lineNumber":1,"columnNumber":4},{"functionName":"onclick","scriptId":"27","url":"http://localhost:55223/","lineNumber":6,"columnNumber":48}]}}}
[20:17:25.792 UTC] To client: {"seq":0,"type":"event","event":"stopped","body":{"reason":"breakpoint","threadId":1,"description":"Paused on breakpoint"}}
[20:17:25.793 UTC] → To target: "{\"id\":19,\"method\":\"Overlay.setPausedInDebuggerMessage\",\"params\":{\"message\":\"Paused in Visual Studio Code\"}}"
[20:17:25.799 UTC] ← From target: {"id":19,"result":{}}
[20:17:25.800 UTC] From client: stackTrace({"threadId":1,"format":{}})
[20:17:25.803 UTC] To client: {"seq":0,"type":"response","request_seq":5,"command":"stackTrace","success":true,"body":{"stackFrames":[{"id":1000,"name":"(anonymous function)","source":{"name":"app.js","path":"/Users/roblou/code/vscode-chrome-debug/testdata/stackTrace/app.js"},"line":11,"column":9},{"id":1001,"name":"evalCallback","source":{"name":"app.js","path":"/Users/roblou/code/vscode-chrome-debug/testdata/stackTrace/app.js"},"line":12,"column":7},{"id":1002,"name":"(anonymous function)","source":{"name":"VM28","path":"<eval>/VM28","sourceReference":1007},"line":1,"column":1},{"id":1003,"name":"timeoutCallback","source":{"name":"app.js","path":"/Users/roblou/code/vscode-chrome-debug/testdata/stackTrace/app.js"},"line":6,"column":5},{"id":1006,"name":"[ setTimeout ]","presentationHint":"label"},{"id":1004,"name":"buttonClick","source":{"name":"app.js","path":"/Users/roblou/code/vscode-chrome-debug/testdata/stackTrace/app.js"},"line":2,"column":5},{"id":1005,"name":"onclick","source":{"name":"localhost:55223","path":"http://localhost:55223/","sourceReference":1006},"line":7,"column":49}],"totalFrames":7}}
[20:17:25.803 UTC] To client: {"seq":0,"type":"event","event":"output","body":{"category":"telemetry","output":"ClientRequest/stackTrace","data":{"Versions.DebugAdapterCore":"6.8.6","Versions.DebugAdapter":"4.12.1","Versions.Target.CRDPVersion":"1.3","Versions.Target.Revision":"@a99230af311e8e646833be14a670de5322454fbe","Versions.Target.UserAgent":"Mozilla/5.0 (Macintosh; Intel Mac OS X 10_14_6) AppleWebKit/537.36 (KHTML, like Gecko) Chrome/76.0.3803.0 Safari/537.36","Versions.Target.V8":"7.6.247","Versions.Target.Project":"Chrome","Versions.Target.Version":"76.0.3803.0","successful":"true","timeTakenInMilliseconds":"3.174126","requestType":"request"}}}
[20:17:25.807 UTC] From client: continue({"threadId":1})
[20:17:25.807 UTC] → To target: "{\"id\":20,\"method\":\"Debugger.resume\"}"
[20:17:25.817 UTC] ← From target: {"id":20,"result":{}}
[20:17:25.818 UTC] To client: {"seq":0,"type":"response","request_seq":6,"command":"continue","success":true}
[20:17:25.818 UTC] To client: {"seq":0,"type":"event","event":"output","body":{"category":"telemetry","output":"ClientRequest/continue","data":{"Versions.DebugAdapterCore":"6.8.6","Versions.DebugAdapter":"4.12.1","Versions.Target.CRDPVersion":"1.3","Versions.Target.Revision":"@a99230af311e8e646833be14a670de5322454fbe","Versions.Target.UserAgent":"Mozilla/5.0 (Macintosh; Intel Mac OS X 10_14_6) AppleWebKit/537.36 (KHTML, like Gecko) Chrome/76.0.3803.0 Safari/537.36","Versions.Target.V8":"7.6.247","Versions.Target.Project":"Chrome","Versions.Target.Version":"76.0.3803.0","successful":"true","timeTakenInMilliseconds":"10.797458","requestType":"request"}}}
[20:17:25.818 UTC] ← From target: {"method":"Debugger.resumed","params":{}}
[20:17:25.819 UTC] ← From target: {"method":"Console.messageAdded","params":{"message":{"source":"console-api","level":"log","text":"Test stack trace here","url":"http://localhost:55223/app.js","line":11,"column":17}}}
[20:17:25.819 UTC] From client: disconnect(undefined)
[20:17:25.819 UTC] To client: {"seq":0,"type":"event","event":"output","body":{"category":"telemetry","output":"FullSessionStatistics/SourceMaps/Overrides","data":{"Versions.DebugAdapterCore":"6.8.6","Versions.DebugAdapter":"4.12.1","Versions.Target.CRDPVersion":"1.3","Versions.Target.Revision":"@a99230af311e8e646833be14a670de5322454fbe","Versions.Target.UserAgent":"Mozilla/5.0 (Macintosh; Intel Mac OS X 10_14_6) AppleWebKit/537.36 (KHTML, like Gecko) Chrome/76.0.3803.0 Safari/537.36","Versions.Target.V8":"7.6.247","Versions.Target.Project":"Chrome","Versions.Target.Version":"76.0.3803.0","aspNetClientAppFallbackCount":0}}}
[20:17:25.820 UTC] To client: {"seq":0,"type":"event","event":"output","body":{"category":"telemetry","output":"target/notification/onScriptParsed","data":{"Versions.DebugAdapterCore":"6.8.6","Versions.DebugAdapter":"4.12.1","Versions.Target.CRDPVersion":"1.3","Versions.Target.Revision":"@a99230af311e8e646833be14a670de5322454fbe","Versions.Target.UserAgent":"Mozilla/5.0 (Macintosh; Intel Mac OS X 10_14_6) AppleWebKit/537.36 (KHTML, like Gecko) Chrome/76.0.3803.0 Safari/537.36","Versions.Target.V8":"7.6.247","Versions.Target.Project":"Chrome","Versions.Target.Version":"76.0.3803.0","aggregated.startTime":"[\"1575058644963\",\"1575058645111\",\"1575058645648\",\"1575058645649\",\"1575058645649\",\"1575058645677\",\"1575058645687\",\"1575058645789\"]","aggregated.successful":"[\"true\",\"true\",\"true\",\"true\",\"true\",\"true\",\"true\",\"true\"]","aggregated.timeTakenInMilliseconds":"[\"3.347994\",\"0.693716\",\"0.622738\",\"0.339407\",\"0.422615\",\"0.56406\",\"0.364681\",\"0.655118\"]"}}}
[20:17:25.820 UTC] To client: {"seq":0,"type":"event","event":"output","body":{"category":"telemetry","output":"target/notification/onPaused","data":{"Versions.DebugAdapterCore":"6.8.6","Versions.DebugAdapter":"4.12.1","Versions.Target.CRDPVersion":"1.3","Versions.Target.Revision":"@a99230af311e8e646833be14a670de5322454fbe","Versions.Target.UserAgent":"Mozilla/5.0 (Macintosh; Intel Mac OS X 10_14_6) AppleWebKit/537.36 (KHTML, like Gecko) Chrome/76.0.3803.0 Safari/537.36","Versions.Target.V8":"7.6.247","Versions.Target.Project":"Chrome","Versions.Target.Version":"76.0.3803.0","aggregated.startTime":"[\"1575058645791\"]","aggregated.successful":"[\"true\"]","aggregated.timeTakenInMilliseconds":"[\"1.715487\"]"}}}
[20:17:25.820 UTC] Terminated: Got disconnect request
[20:17:25.820 UTC] Waiting for any pending steps or log messages.
[20:17:25.820 UTC] Killing Chrome process
[20:17:25.821 UTC] To client: {"seq":0,"type":"response","request_seq":7,"command":"disconnect","success":true}
[20:17:25.821 UTC] To client: {"seq":0,"type":"event","event":"output","body":{"category":"telemetry","output":"ClientRequest/disconnect","data":{"Versions.DebugAdapterCore":"6.8.6","Versions.DebugAdapter":"4.12.1","Versions.Target.CRDPVersion":"1.3","Versions.Target.Revision":"@a99230af311e8e646833be14a670de5322454fbe","Versions.Target.UserAgent":"Mozilla/5.0 (Macintosh; Intel Mac OS X 10_14_6) AppleWebKit/537.36 (KHTML, like Gecko) Chrome/76.0.3803.0 Safari/537.36","Versions.Target.V8":"7.6.247","Versions.Target.Project":"Chrome","Versions.Target.Version":"76.0.3803.0","successful":"true","timeTakenInMilliseconds":"1.898028","requestType":"request"}}}
[20:17:25.821 UTC] Current step and log messages complete
[20:17:25.821 UTC] To client: {"seq":0,"type":"event","event":"output","body":{"category":"telemetry","output":"debugStopped","data":{"Versions.DebugAdapterCore":"6.8.6","Versions.DebugAdapter":"4.12.1","Versions.Target.CRDPVersion":"1.3","Versions.Target.Revision":"@a99230af311e8e646833be14a670de5322454fbe","Versions.Target.UserAgent":"Mozilla/5.0 (Macintosh; Intel Mac OS X 10_14_6) AppleWebKit/537.36 (KHTML, like Gecko) Chrome/76.0.3803.0 Safari/537.36","Versions.Target.V8":"7.6.247","Versions.Target.Project":"Chrome","Versions.Target.Version":"76.0.3803.0","reason":"Got disconnect request"}}}
[20:17:25.821 UTC] To client: {"seq":0,"type":"event","event":"terminated"}
[20:17:25.822 UTC] ← From target: {"method":"Runtime.consoleAPICalled","params":{"type":"log","args":[{"type":"string","value":"Test stack trace here"}],"executionContextId":2,"timestamp":1575058645817.2532,"stackTrace":{"callFrames":[{"functionName":"","scriptId":"14","url":"http://localhost:55223/app.js","lineNumber":10,"columnNumber":16},{"functionName":"evalCallback","scriptId":"14","url":"http://localhost:55223/app.js","lineNumber":11,"columnNumber":6},{"functionName":"","scriptId":"28","url":"","lineNumber":0,"columnNumber":0},{"functionName":"timeoutCallback","scriptId":"14","url":"http://localhost:55223/app.js","lineNumber":5,"columnNumber":4}],"parentId":{"id":"1"}}}}
[20:17:25.822 UTC] To client: {"seq":0,"type":"event","event":"output","body":{"category":"stdout","output":"Test stack trace here\n","source":{"name":"app.js","path":"/Users/roblou/code/vscode-chrome-debug/testdata/stackTrace/app.js"},"line":11,"column":17}}
