2019-11-29, 20:17:21.329 UTC
[20:17:21.331 UTC] OS: darwin x64
[20:17:21.331 UTC] Adapter node: v12.13.0 x64
[20:17:21.331 UTC] vscode-chrome-debug-core: 6.8.6
[20:17:21.331 UTC] debugger-for-chrome: 4.12.1
[20:17:21.331 UTC] From client: initialize({"adapterID":"chrome","linesStartAt1":true,"columnsStartAt1":true,"pathFormat":"path"})
[20:17:21.331 UTC] To client: {"seq":0,"type":"response","request_seq":1,"command":"initialize","success":true,"body":{"exceptionBreakpointFilters":[{"label":"All Exceptions","filter":"all","default":false},{"label":"Uncaught Exceptions","filter":"uncaught","default":false}],"supportsConfigurationDoneRequest":true,"supportsSetVariable":true,"supportsConditionalBreakpoints":true,"supportsCompletionsRequest":true,"supportsHitConditionalBreakpoints":true,"supportsRestartFrame":true,"supportsExceptionInfoRequest":true,"supportsDelayedStackTraceLoading":true,"supportsValueFormattingOptions":true,"supportsEvaluateForHovers":true,"supportsLoadedSourcesRequest":true,"supportsBreakpointLocationsRequest":true,"supportsRestartRequest":true,"supportsSetExpression":true,"supportsLogPoints":true}}
[20:17:21.332 UTC] To client: {"seq":0,"type":"event","event":"output","body":{"category":"telemetry","output":"ClientRequest/initialize","data":{"Versions.DebugAdapterCore":"6.8.6","Versions.DebugAdapter":"4.12.1","successful":"true","timeTakenInMilliseconds":"1.653849","requestType":"request"}}}
[20:17:21.332 UTC] From client: launch({"url":"http://localhost:7890/index.html","webRoot":"/Users/roblou/code/vscode-chrome-debug/testdata/columns","trace":"verbose","logTimestamps":true,"disableNetworkCache":true,"logFilePath":"/Users/roblou/code/vscode-chrome-debug/logs/darwin-Breakpoints Column BPs Multiple column BPs are hit on correct columns-DA.log","runtimeExecutable":"/Users/roblou/code/vscode-chrome-debug/node_modules/puppeteer/.local-chromium/mac-662092/chrome-mac/Chromium.app/Contents/MacOS/Chromium","userDataDir":"/var/folders/tx/p0ycbfpj37786p760wwdg6y80000gn/T/chrome2-26729N9RF5SCONOoQ"})
[20:17:21.332 UTC] To client: {"seq":0,"type":"event","event":"output","body":{"category":"telemetry","output":"debugStarted","data":{"Versions.DebugAdapterCore":"6.8.6","Versions.DebugAdapter":"4.12.1","request":"launch","args":["url","webRoot","trace","logTimestamps","disableNetworkCache","logFilePath","runtimeExecutable","userDataDir","breakOnLoadStrategy","pathMapping","sourceMaps","sourceMapPathOverrides","skipFileRegExps","targetFilter","smartStep","showAsyncStacks"]}}}
[20:17:21.332 UTC] spawn('/Users/roblou/code/vscode-chrome-debug/node_modules/puppeteer/.local-chromium/mac-662092/chrome-mac/Chromium.app/Contents/MacOS/Chromium', ["--remote-debugging-port=9222","--no-first-run","--no-default-browser-check","--user-data-dir=/var/folders/tx/p0ycbfpj37786p760wwdg6y80000gn/T/chrome2-26729N9RF5SCONOoQ","about:blank"])
[20:17:21.332 UTC] Getting browser and debug protocol version via http://127.0.0.1:9222/json/version
[20:17:21.332 UTC] Discovering targets via http://127.0.0.1:9222/json/list
[20:17:21.332 UTC] HTTP GET failed: Error: connect ECONNREFUSED 127.0.0.1:9222
[20:17:21.332 UTC] There was an error connecting to http://127.0.0.1:9222/json/version : connect ECONNREFUSED 127.0.0.1:9222
[20:17:21.332 UTC] HTTP GET failed: Error: connect ECONNREFUSED 127.0.0.1:9222
[20:17:21.332 UTC] Discovering targets via http://127.0.0.1:9222/json
[20:17:21.332 UTC] HTTP GET failed: Error: connect ECONNREFUSED 127.0.0.1:9222
[20:17:21.538 UTC] Getting browser and debug protocol version via http://127.0.0.1:9222/json/version
[20:17:21.539 UTC] Discovering targets via http://127.0.0.1:9222/json/list
[20:17:21.539 UTC] HTTP GET failed: Error: connect ECONNREFUSED 127.0.0.1:9222
[20:17:21.539 UTC] There was an error connecting to http://127.0.0.1:9222/json/version : connect ECONNREFUSED 127.0.0.1:9222
[20:17:21.540 UTC] HTTP GET failed: Error: connect ECONNREFUSED 127.0.0.1:9222
[20:17:21.540 UTC] Discovering targets via http://127.0.0.1:9222/json
[20:17:21.540 UTC] HTTP GET failed: Error: connect ECONNREFUSED 127.0.0.1:9222
[20:17:21.744 UTC] Getting browser and debug protocol version via http://127.0.0.1:9222/json/version
[20:17:21.745 UTC] Discovering targets via http://127.0.0.1:9222/json/list
[20:17:22.172 UTC] Got browser version: Chrome/76.0.3803.0
[20:17:22.172 UTC] Got debug protocol version: 1.3
[20:17:22.173 UTC] To client: {"seq":0,"type":"event","event":"output","body":{"category":"telemetry","output":"targetDebugProtocolVersion","data":{"Versions.DebugAdapterCore":"6.8.6","Versions.DebugAdapter":"4.12.1"}}}
[20:17:22.173 UTC] To client: {"seq":0,"type":"event","event":"output","body":{"category":"telemetry","output":"targetCount","data":{"Versions.DebugAdapterCore":"6.8.6","Versions.DebugAdapter":"4.12.1","numTargets":1}}}
[20:17:22.174 UTC] Attaching to target: {"description":"","devtoolsFrontendUrl":"/devtools/inspector.html?ws=localhost/devtools/page/1ED107F410EAA0343E406BC3C385D91E","id":"1ED107F410EAA0343E406BC3C385D91E","title":"","type":"page","url":"about:blank","webSocketDebuggerUrl":"ws://127.0.0.1:9222/devtools/page/1ED107F410EAA0343E406BC3C385D91E","version":{}}
[20:17:22.174 UTC] WebSocket Url: ws://127.0.0.1:9222/devtools/page/1ED107F410EAA0343E406BC3C385D91E
[20:17:22.220 UTC] → To target: "{\"id\":1,\"method\":\"Console.enable\"}"
[20:17:22.220 UTC] → To target: "{\"id\":2,\"method\":\"Debugger.enable\"}"
[20:17:22.220 UTC] → To target: "{\"id\":3,\"method\":\"Runtime.enable\"}"
[20:17:22.221 UTC] → To target: "{\"id\":4,\"method\":\"Log.enable\"}"
[20:17:22.221 UTC] → To target: "{\"id\":5,\"method\":\"Runtime.runIfWaitingForDebugger\"}"
[20:17:22.221 UTC] → To target: "{\"id\":6,\"method\":\"Runtime.run\"}"
[20:17:22.221 UTC] → To target: "{\"id\":7,\"method\":\"Page.enable\"}"
[20:17:22.221 UTC] → To target: "{\"id\":8,\"method\":\"Network.enable\",\"params\":{}}"
[20:17:22.243 UTC] ← From target: {"id":1,"result":{}}
[20:17:22.243 UTC] ← From target: {"id":2,"result":{"debuggerId":"(7A6A36C5ED0BA1E015395B794BC56DDB)"}}
[20:17:22.244 UTC] ← From target: {"method":"Runtime.executionContextCreated","params":{"context":{"id":1,"origin":"://","name":"","auxData":{"isDefault":true,"type":"default","frameId":"1ED107F410EAA0343E406BC3C385D91E"}}}}
[20:17:22.244 UTC] ← From target: {"id":3,"result":{}}
[20:17:22.245 UTC] ← From target: {"id":4,"result":{}}
[20:17:22.245 UTC] ← From target: {"id":5,"result":{}}
[20:17:22.245 UTC] ← From target: {"error":{"code":-32601,"message":"'Runtime.run' wasn't found"},"id":6}
[20:17:22.246 UTC] ← From target: {"id":7,"result":{}}
[20:17:22.246 UTC] ← From target: {"id":8,"result":{}}
[20:17:22.246 UTC] → To target: "{\"id\":9,\"method\":\"Debugger.setBlackboxPatterns\",\"params\":{\"patterns\":[\"^chrome-extension:.*\"]}}"
[20:17:22.247 UTC] → To target: "{\"id\":10,\"method\":\"Schema.getDomains\"}"
[20:17:22.247 UTC] ← From target: {"method":"Page.frameResized","params":{}}
[20:17:22.247 UTC] ← From target: {"id":10,"result":{"domains":[{"name":"Inspector","version":"1.2"},{"name":"Memory","version":"1.2"},{"name":"Page","version":"1.2"},{"name":"Emulation","version":"1.2"},{"name":"Security","version":"1.2"},{"name":"Network","version":"1.2"},{"name":"Database","version":"1.2"},{"name":"IndexedDB","version":"1.2"},{"name":"CacheStorage","version":"1.2"},{"name":"DOMStorage","version":"1.2"},{"name":"CSS","version":"1.2"},{"name":"ApplicationCache","version":"1.2"},{"name":"DOM","version":"1.2"},{"name":"IO","version":"1.2"},{"name":"DOMDebugger","version":"1.2"},{"name":"DOMSnapshot","version":"1.2"},{"name":"ServiceWorker","version":"1.2"},{"name":"Input","version":"1.2"},{"name":"LayerTree","version":"1.2"},{"name":"DeviceOrientation","version":"1.2"},{"name":"Tracing","version":"1.2"},{"name":"Animation","version":"1.2"},{"name":"Accessibility","version":"1.2"},{"name":"Storage","version":"1.2"},{"name":"Log","version":"1.2"},{"name":"Runtime","version":"1.2"},{"name":"Debugger","version":"1.2"},{"name":"Profiler","version":"1.2"},{"name":"HeapProfiler","version":"1.2"},{"name":"Schema","version":"1.2"},{"name":"Target","version":"1.2"},{"name":"Overlay","version":"1.2"},{"name":"Performance","version":"1.2"},{"name":"Audits","version":"1.2"},{"name":"HeadlessExperimental","version":"1.2"}]}}
[20:17:22.248 UTC] → To target: "{\"id\":11,\"method\":\"Debugger.setAsyncCallStackDepth\",\"params\":{\"maxDepth\":4}}"
[20:17:22.251 UTC] ← From target: {"id":9,"result":{}}
[20:17:22.252 UTC] ← From target: {"id":11,"result":{}}
[20:17:22.252 UTC] → To target: "{\"id\":12,\"method\":\"Runtime.evaluate\",\"params\":{\"expression\":\"navigator.userAgent\",\"silent\":true}}"
[20:17:22.253 UTC] → To target: "{\"id\":13,\"method\":\"Browser.getVersion\"}"
[20:17:22.253 UTC] To client: {"seq":0,"type":"response","request_seq":2,"command":"launch","success":true}
[20:17:22.253 UTC] To client: {"seq":0,"type":"event","event":"output","body":{"category":"telemetry","output":"ClientRequest/launch","data":{"Versions.DebugAdapterCore":"6.8.6","Versions.DebugAdapter":"4.12.1","successful":"true","timeTakenInMilliseconds":"953.445247","requestType":"request"}}}
[20:17:22.253 UTC] ← From target: {"id":13,"result":{"protocolVersion":"1.3","product":"Chrome/76.0.3803.0","revision":"@a99230af311e8e646833be14a670de5322454fbe","userAgent":"Mozilla/5.0 (Macintosh; Intel Mac OS X 10_14_6) AppleWebKit/537.36 (KHTML, like Gecko) Chrome/76.0.3803.0 Safari/537.36","jsVersion":"7.6.247"}}
[20:17:22.253 UTC] To client: {"seq":0,"type":"event","event":"output","body":{"category":"telemetry","output":"target-version","data":{"Versions.DebugAdapterCore":"6.8.6","Versions.DebugAdapter":"4.12.1","Versions.Target.CRDPVersion":"1.3","Versions.Target.Revision":"@a99230af311e8e646833be14a670de5322454fbe","Versions.Target.UserAgent":"Mozilla/5.0 (Macintosh; Intel Mac OS X 10_14_6) AppleWebKit/537.36 (KHTML, like Gecko) Chrome/76.0.3803.0 Safari/537.36","Versions.Target.V8":"7.6.247","Versions.Target.Project":"Chrome","Versions.Target.Version":"76.0.3803.0"}}}
[20:17:22.255 UTC] ← From target: {"method":"Debugger.scriptParsed","params":{"scriptId":"13","url":"","startLine":0,"startColumn":0,"endLine":0,"endColumn":19,"executionContextId":1,"hash":"3a6f8cb8708878331cc2be2ec90de0ab25738855","executionContextAuxData":{"isDefault":true,"type":"default","frameId":"1ED107F410EAA0343E406BC3C385D91E"},"isLiveEdit":false,"sourceMapURL":"","hasSourceURL":false,"isModule":false,"length":19}}
[20:17:22.258 UTC] → To target: "{\"id\":14,\"method\":\"Debugger.getPossibleBreakpoints\",\"params\":{\"start\":{\"scriptId\":\"13\",\"lineNumber\":0,\"columnNumber\":0},\"end\":{\"scriptId\":\"13\",\"lineNumber\":1,\"columnNumber\":0},\"restrictToFunction\":false}}"
[20:17:22.259 UTC] ← From target: {"id":12,"result":{"result":{"type":"string","value":"Mozilla/5.0 (Macintosh; Intel Mac OS X 10_14_6) AppleWebKit/537.36 (KHTML, like Gecko) Chrome/76.0.3803.0 Safari/537.36"}}}
[20:17:22.260 UTC] Target userAgent: Mozilla/5.0 (Macintosh; Intel Mac OS X 10_14_6) AppleWebKit/537.36 (KHTML, like Gecko) Chrome/76.0.3803.0 Safari/537.36
[20:17:22.260 UTC] → To target: "{\"id\":15,\"method\":\"Network.setCacheDisabled\",\"params\":{\"cacheDisabled\":true}}"
[20:17:22.263 UTC] ← From target: {"id":14,"result":{"locations":[{"scriptId":"13","lineNumber":0,"columnNumber":0}]}}
[20:17:22.263 UTC] To client: {"seq":0,"type":"event","event":"initialized"}
[20:17:22.264 UTC] To client: {"seq":0,"type":"event","event":"loadedSource","body":{"reason":"new","source":{"name":"VM13","path":"<eval>/VM13","sourceReference":1000}}}
[20:17:22.265 UTC] From client: setBreakpoints({"lines":[4],"breakpoints":[{"line":4,"column":16}],"source":{"path":"/Users/roblou/code/vscode-chrome-debug/testdata/columns/src/script.ts"}})
[20:17:22.265 UTC] To client: {"seq":0,"type":"event","event":"output","body":{"category":"telemetry","output":"setBreakpointsRequest","data":{"Versions.DebugAdapterCore":"6.8.6","Versions.DebugAdapter":"4.12.1","Versions.Target.CRDPVersion":"1.3","Versions.Target.Revision":"@a99230af311e8e646833be14a670de5322454fbe","Versions.Target.UserAgent":"Mozilla/5.0 (Macintosh; Intel Mac OS X 10_14_6) AppleWebKit/537.36 (KHTML, like Gecko) Chrome/76.0.3803.0 Safari/537.36","Versions.Target.V8":"7.6.247","Versions.Target.Project":"Chrome","Versions.Target.Version":"76.0.3803.0","fileExt":".ts"}}}
[20:17:22.266 UTC] SourceMaps.setBP: /Users/roblou/code/vscode-chrome-debug/testdata/columns/src/script.ts can't be resolved to a loaded script. It may just not be loaded yet.
[20:17:22.266 UTC] Paths.setBP: No target url cached yet for client path: /Users/roblou/code/vscode-chrome-debug/testdata/columns/src/script.ts.
[20:17:22.267 UTC] → To target: "{\"id\":16,\"method\":\"DOMDebugger.setInstrumentationBreakpoint\",\"params\":{\"eventName\":\"scriptFirstStatement\"}}"
[20:17:22.267 UTC] ← From target: {"id":15,"result":{}}
[20:17:22.268 UTC] ← From target: {"id":16,"result":{}}
[20:17:22.268 UTC] To client: {"seq":0,"type":"response","request_seq":3,"command":"setBreakpoints","success":true,"body":{"breakpoints":[{"id":1000,"verified":false,"message":"Breakpoint set but not yet bound"}]}}
[20:17:22.269 UTC] To client: {"seq":0,"type":"event","event":"output","body":{"category":"telemetry","output":"ClientRequest/setBreakpoints","data":{"Versions.DebugAdapterCore":"6.8.6","Versions.DebugAdapter":"4.12.1","Versions.Target.CRDPVersion":"1.3","Versions.Target.Revision":"@a99230af311e8e646833be14a670de5322454fbe","Versions.Target.UserAgent":"Mozilla/5.0 (Macintosh; Intel Mac OS X 10_14_6) AppleWebKit/537.36 (KHTML, like Gecko) Chrome/76.0.3803.0 Safari/537.36","Versions.Target.V8":"7.6.247","Versions.Target.Project":"Chrome","Versions.Target.Version":"76.0.3803.0","successful":"true","timeTakenInMilliseconds":"3.851839","requestType":"request"}}}
[20:17:22.270 UTC] From client: configurationDone(undefined)
[20:17:22.271 UTC] → To target: "{\"id\":17,\"method\":\"Page.navigate\",\"params\":{\"url\":\"http://localhost:7890/index.html\"}}"
[20:17:22.271 UTC] To client: {"seq":0,"type":"response","request_seq":4,"command":"configurationDone","success":true}
[20:17:22.271 UTC] To client: {"seq":0,"type":"event","event":"output","body":{"category":"telemetry","output":"ClientRequest/configurationDone","data":{"Versions.DebugAdapterCore":"6.8.6","Versions.DebugAdapter":"4.12.1","Versions.Target.CRDPVersion":"1.3","Versions.Target.Revision":"@a99230af311e8e646833be14a670de5322454fbe","Versions.Target.UserAgent":"Mozilla/5.0 (Macintosh; Intel Mac OS X 10_14_6) AppleWebKit/537.36 (KHTML, like Gecko) Chrome/76.0.3803.0 Safari/537.36","Versions.Target.V8":"7.6.247","Versions.Target.Project":"Chrome","Versions.Target.Version":"76.0.3803.0","successful":"true","timeTakenInMilliseconds":"0.631913","requestType":"request"}}}
[20:17:22.277 UTC] ← From target: {"id":17,"result":{"frameId":"1ED107F410EAA0343E406BC3C385D91E","loaderId":"B47349A926369DACFCAB650FB2FF1F01"}}
[20:17:22.290 UTC] ← From target: {"method":"Page.frameStartedLoading","params":{"frameId":"1ED107F410EAA0343E406BC3C385D91E"}}
[20:17:22.290 UTC] ← From target: {"method":"Runtime.executionContextDestroyed","params":{"executionContextId":1}}
[20:17:22.290 UTC] ← From target: {"method":"Runtime.executionContextsCleared","params":{}}
[20:17:22.291 UTC] To client: {"seq":0,"type":"event","event":"loadedSource","body":{"reason":"removed","source":{"name":"VM13","path":"<eval>/VM13","sourceReference":1000}}}
[20:17:22.291 UTC] ← From target: {"method":"Page.frameNavigated","params":{"frame":{"id":"1ED107F410EAA0343E406BC3C385D91E","loaderId":"B47349A926369DACFCAB650FB2FF1F01","url":"http://localhost:7890/index.html","securityOrigin":"http://localhost:7890","mimeType":"text/html"}}}
[20:17:22.292 UTC] To client: {"seq":0,"type":"event","event":"output","body":{"category":"telemetry","output":"report-start-up-timings","data":{"Versions.DebugAdapterCore":"6.8.6","Versions.DebugAdapter":"4.12.1","Versions.Target.CRDPVersion":"1.3","Versions.Target.Revision":"@a99230af311e8e646833be14a670de5322454fbe","Versions.Target.UserAgent":"Mozilla/5.0 (Macintosh; Intel Mac OS X 10_14_6) AppleWebKit/537.36 (KHTML, like Gecko) Chrome/76.0.3803.0 Safari/537.36","Versions.Target.V8":"7.6.247","Versions.Target.Project":"Chrome","Versions.Target.Version":"76.0.3803.0","RequestedContentWasDetected":"true","Steps":"[\"BeforeFirstStep\",\"ClientRequest/initialize\",\"ClientRequest/launch\",\"LaunchTarget.LaunchExe\",\"Attach\",\"Attach.RequestDebuggerTargetsInformation\",\"Attach.RequestDebuggerTargetsInformation\",\"Attach.RequestDebuggerTargetsInformation\",\"Attach.ProcessDebuggerTargetsInformation\",\"Attach.AttachToTargetDebuggerWebsocket\",\"Attach.ConfigureDebuggingSession.Internal\",\"Attach.ConfigureDebuggingSession.Target\",\"Attach.ConfigureDebuggingSession.End\"]","All":"1006.552466","Request.ClientRequest/setBreakpoints.startTime":"[1575058642265]","Request.ClientRequest/setBreakpoints.timeTakenInMilliseconds":"[3.851839]","Request.ClientRequest/configurationDone.startTime":"[1575058642270]","Request.ClientRequest/configurationDone.timeTakenInMilliseconds":"[0.631913]","BeforeFirstStep":"[12.028466]","WaitingAfter.ClientRequest/initialize":"[13.623798]","ClientRequest/initialize":"[2.081138]","ClientRequest/launch":"[2.513227]","LaunchTarget.LaunchExe":"[11.939266]","Attach":"[6.405926]","Attach.RequestDebuggerTargetsInformation":"[218.194151,206.685352,427.757222]","Attach.ProcessDebuggerTargetsInformation":"[1.303414]","Attach.AttachToTargetDebuggerWebsocket":"[2.517257]","Attach.ConfigureDebuggingSession.Internal":"[0.526422]","Attach.ConfigureDebuggingSession.Target":"[74.655296]","WaitingAfter.ClientRequest/launch":"[967.60303]","WaitingAfter.NotifyInitialized":"[978.384653]","RequestedNavigateToUserPage":"[992.407758]","Attach.ConfigureDebuggingSession.End":"[39.524226]"}}}
[20:17:22.293 UTC] ← From target: {"method":"Runtime.executionContextCreated","params":{"context":{"id":2,"origin":"http://localhost:7890","name":"","auxData":{"isDefault":true,"type":"default","frameId":"1ED107F410EAA0343E406BC3C385D91E"}}}}
[20:17:22.295 UTC] ← From target: {"method":"Debugger.scriptParsed","params":{"scriptId":"14","url":"http://localhost:7890/out/script.js","startLine":0,"startColumn":0,"endLine":8,"endColumn":34,"executionContextId":2,"hash":"3f3bc1145385fb5f78864bab02b2cb0530814c35","executionContextAuxData":{"isDefault":true,"type":"default","frameId":"1ED107F410EAA0343E406BC3C385D91E"},"isLiveEdit":false,"sourceMapURL":"script.js.map","hasSourceURL":false,"isModule":false,"length":161}}
[20:17:22.296 UTC] Paths.scriptParsed: resolved http://localhost:7890/out/script.js to /Users/roblou/code/vscode-chrome-debug/testdata/columns/out/script.js. pathMapping/webroot: {"/":"/Users/roblou/code/vscode-chrome-debug/testdata/columns"}
[20:17:22.296 UTC] SourceMaps.getMapForGeneratedPath: Finding SourceMap for /Users/roblou/code/vscode-chrome-debug/testdata/columns/out/script.js by URI: script.js.map and webRoot/pathMapping: {"/":"/Users/roblou/code/vscode-chrome-debug/testdata/columns"}
[20:17:22.296 UTC] SourceMaps.loadSourceMapContents: Reading local sourcemap file from /Users/roblou/code/vscode-chrome-debug/testdata/columns/out/script.js.map
[20:17:22.297 UTC] To client: {"seq":0,"type":"event","event":"loadedSource","body":{"reason":"new","source":{"name":"script.js","path":"http://localhost:7890/out/script.js","sourceReference":1001}}}
[20:17:22.297 UTC] ← From target: {"method":"Debugger.paused","params":{"callFrames":[{"callFrameId":"{\"ordinal\":0,\"injectedScriptId\":2}","functionName":"","functionLocation":{"scriptId":"14","lineNumber":0,"columnNumber":0},"location":{"scriptId":"14","lineNumber":0,"columnNumber":0},"url":"http://localhost:7890/out/script.js","scopeChain":[{"type":"global","object":{"type":"object","className":"Window","description":"Window","objectId":"{\"injectedScriptId\":2,\"id\":1}"}}],"this":{"type":"object","className":"Window","description":"Window","objectId":"{\"injectedScriptId\":2,\"id\":2}"}}],"reason":"EventListener","data":{"eventName":"instrumentation:scriptFirstStatement"},"hitBreakpoints":[]}}
[20:17:22.299 UTC] SourceMap: creating for /Users/roblou/code/vscode-chrome-debug/testdata/columns/out/script.js
[20:17:22.299 UTC] SourceMap: sourceRoot: 
[20:17:22.299 UTC] SourceMap: sources: ["../src/script.ts"]
[20:17:22.299 UTC] SourceMap: pathMapping: {"/":"/Users/roblou/code/vscode-chrome-debug/testdata/columns"}
[20:17:22.299 UTC] SourceMap: no sourceRoot specified, using script dirname: /Users/roblou/code/vscode-chrome-debug/testdata/columns/out
[20:17:22.301 UTC] SourceMaps.scriptParsed: /Users/roblou/code/vscode-chrome-debug/testdata/columns/out/script.js was just loaded and has mapped sources: ["/Users/roblou/code/vscode-chrome-debug/testdata/columns/src/script.ts"]
[20:17:22.301 UTC] OnScriptParsed.resolvePendingBPs: Resolving pending breakpoints: {"args":{"lines":[4],"breakpoints":[{"line":4,"column":16}],"source":{"path":"/Users/roblou/code/vscode-chrome-debug/testdata/columns/src/script.ts"}},"ids":[1000],"requestSeq":3,"setWithPath":""}
[20:17:22.301 UTC] SourceMaps.setBP: Mapped /Users/roblou/code/vscode-chrome-debug/testdata/columns/src/script.ts to /Users/roblou/code/vscode-chrome-debug/testdata/columns/out/script.js
[20:17:22.303 UTC] SourceMaps.setBP: Mapped /Users/roblou/code/vscode-chrome-debug/testdata/columns/src/script.ts:4:16 to /Users/roblou/code/vscode-chrome-debug/testdata/columns/out/script.js:5:9
[20:17:22.303 UTC] Paths.setBP: Resolved /Users/roblou/code/vscode-chrome-debug/testdata/columns/out/script.js to http://localhost:7890/out/script.js
[20:17:22.304 UTC] → To target: "{\"id\":18,\"method\":\"Debugger.getPossibleBreakpoints\",\"params\":{\"start\":{\"scriptId\":\"14\",\"lineNumber\":4,\"columnNumber\":0},\"end\":{\"scriptId\":\"14\",\"lineNumber\":5,\"columnNumber\":0},\"restrictToFunction\":false}}"
[20:17:22.310 UTC] ← From target: {"id":18,"result":{"locations":[{"scriptId":"14","lineNumber":4,"columnNumber":8}]}}
[20:17:22.311 UTC] → To target: "{\"id\":19,\"method\":\"Debugger.setBreakpointByUrl\",\"params\":{\"urlRegex\":\"http:\\\\/\\\\/localhost:7890\\\\/out\\\\/script\\\\.js\",\"lineNumber\":4,\"columnNumber\":8}}"
[20:17:22.312 UTC] ← From target: {"id":19,"result":{"breakpointId":"2:4:8:http:\\/\\/localhost:7890\\/out\\/script\\.js","locations":[{"scriptId":"14","lineNumber":4,"columnNumber":8}]}}
[20:17:22.313 UTC] SourceMaps.setBP: Mapped /Users/roblou/code/vscode-chrome-debug/testdata/columns/out/script.js:5:9 to /Users/roblou/code/vscode-chrome-debug/testdata/columns/src/script.ts:4
[20:17:22.313 UTC] To client: {"seq":0,"type":"event","event":"breakpoint","body":{"reason":"changed","breakpoint":{"id":1000,"verified":true,"line":4,"column":16}}}
[20:17:22.313 UTC] BreakOnLoadHelper: Finished waiting for breakpoints to get resolved.
[20:17:22.314 UTC] Paths.scriptParsed: resolved http://localhost:7890/out/script.js to /Users/roblou/code/vscode-chrome-debug/testdata/columns/out/script.js. pathMapping/webroot: {"/":"/Users/roblou/code/vscode-chrome-debug/testdata/columns"}
[20:17:22.314 UTC] → To target: "{\"id\":20,\"method\":\"Debugger.resume\"}"
[20:17:22.315 UTC] ← From target: {"id":20,"result":{}}
[20:17:22.392 UTC] ← From target: {"method":"Debugger.resumed","params":{}}
[20:17:22.392 UTC] To client: {"seq":0,"type":"event","event":"continued","body":{"threadId":1}}
[20:17:22.393 UTC] ← From target: {"method":"Page.loadEventFired","params":{"timestamp":169847.55746}}
[20:17:22.393 UTC] ← From target: {"method":"Page.frameStoppedLoading","params":{"frameId":"1ED107F410EAA0343E406BC3C385D91E"}}
[20:17:22.393 UTC] ← From target: {"method":"Page.domContentEventFired","params":{"timestamp":169847.627466}}
[20:17:22.394 UTC] ← From target: {"method":"Debugger.paused","params":{"callFrames":[{"callFrameId":"{\"ordinal\":0,\"injectedScriptId\":2}","functionName":"","functionLocation":{"scriptId":"14","lineNumber":0,"columnNumber":21},"location":{"scriptId":"14","lineNumber":4,"columnNumber":8},"url":"http://localhost:7890/out/script.js","scopeChain":[{"type":"local","object":{"type":"object","className":"Object","description":"Object","objectId":"{\"injectedScriptId\":2,\"id\":3}"},"startLocation":{"scriptId":"14","lineNumber":0,"columnNumber":21},"endLocation":{"scriptId":"14","lineNumber":7,"columnNumber":1}},{"type":"global","object":{"type":"object","className":"Window","description":"Window","objectId":"{\"injectedScriptId\":2,\"id\":4}"}}],"this":{"type":"object","className":"Window","description":"Window","objectId":"{\"injectedScriptId\":2,\"id\":5}"}}],"reason":"other","hitBreakpoints":["2:4:8:http:\\/\\/localhost:7890\\/out\\/script\\.js"],"asyncStackTrace":{"description":"setInterval","callFrames":[{"functionName":"","scriptId":"14","url":"http://localhost:7890/out/script.js","lineNumber":0,"columnNumber":0}]}}}
[20:17:22.395 UTC] To client: {"seq":0,"type":"event","event":"stopped","body":{"reason":"breakpoint","threadId":1,"description":"Paused on breakpoint"}}
[20:17:22.395 UTC] → To target: "{\"id\":21,\"method\":\"Overlay.setPausedInDebuggerMessage\",\"params\":{\"message\":\"Paused in Visual Studio Code\"}}"
[20:17:22.396 UTC] From client: stackTrace({"threadId":1})
[20:17:22.398 UTC] To client: {"seq":0,"type":"response","request_seq":5,"command":"stackTrace","success":true,"body":{"stackFrames":[{"id":1000,"name":"(anonymous function)","source":{"name":"script.ts","path":"/Users/roblou/code/vscode-chrome-debug/testdata/columns/src/script.ts"},"line":4,"column":16},{"id":1002,"name":"[ setInterval ]","presentationHint":"label"},{"id":1001,"name":"(anonymous function)","source":{"name":"script.ts","path":"/Users/roblou/code/vscode-chrome-debug/testdata/columns/src/script.ts"},"line":1,"column":1}],"totalFrames":3}}
[20:17:22.398 UTC] To client: {"seq":0,"type":"event","event":"output","body":{"category":"telemetry","output":"ClientRequest/stackTrace","data":{"Versions.DebugAdapterCore":"6.8.6","Versions.DebugAdapter":"4.12.1","Versions.Target.CRDPVersion":"1.3","Versions.Target.Revision":"@a99230af311e8e646833be14a670de5322454fbe","Versions.Target.UserAgent":"Mozilla/5.0 (Macintosh; Intel Mac OS X 10_14_6) AppleWebKit/537.36 (KHTML, like Gecko) Chrome/76.0.3803.0 Safari/537.36","Versions.Target.V8":"7.6.247","Versions.Target.Project":"Chrome","Versions.Target.Version":"76.0.3803.0","successful":"true","timeTakenInMilliseconds":"2.38639","requestType":"request"}}}
[20:17:22.399 UTC] From client: setBreakpoints({"source":{"path":"/Users/roblou/code/vscode-chrome-debug/testdata/columns/src/script.ts"},"breakpoints":[{"line":4,"column":24}]})
[20:17:22.399 UTC] To client: {"seq":0,"type":"event","event":"output","body":{"category":"telemetry","output":"setBreakpointsRequest","data":{"Versions.DebugAdapterCore":"6.8.6","Versions.DebugAdapter":"4.12.1","Versions.Target.CRDPVersion":"1.3","Versions.Target.Revision":"@a99230af311e8e646833be14a670de5322454fbe","Versions.Target.UserAgent":"Mozilla/5.0 (Macintosh; Intel Mac OS X 10_14_6) AppleWebKit/537.36 (KHTML, like Gecko) Chrome/76.0.3803.0 Safari/537.36","Versions.Target.V8":"7.6.247","Versions.Target.Project":"Chrome","Versions.Target.Version":"76.0.3803.0","fileExt":".ts"}}}
[20:17:22.399 UTC] SourceMaps.setBP: Mapped /Users/roblou/code/vscode-chrome-debug/testdata/columns/src/script.ts to /Users/roblou/code/vscode-chrome-debug/testdata/columns/out/script.js
[20:17:22.399 UTC] SourceMaps.setBP: Mapped /Users/roblou/code/vscode-chrome-debug/testdata/columns/src/script.ts:4:24 to /Users/roblou/code/vscode-chrome-debug/testdata/columns/out/script.js:6:9
[20:17:22.399 UTC] Paths.setBP: Resolved /Users/roblou/code/vscode-chrome-debug/testdata/columns/out/script.js to http://localhost:7890/out/script.js
[20:17:22.400 UTC] → To target: "{\"id\":22,\"method\":\"Debugger.removeBreakpoint\",\"params\":{\"breakpointId\":\"2:4:8:http:\\\\/\\\\/localhost:7890\\\\/out\\\\/script\\\\.js\"}}"
[20:17:22.400 UTC] ← From target: {"method":"Page.frameResized","params":{}}
[20:17:22.405 UTC] ← From target: {"id":21,"result":{}}
[20:17:22.405 UTC] ← From target: {"id":22,"result":{}}
[20:17:22.406 UTC] → To target: "{\"id\":23,\"method\":\"Debugger.getPossibleBreakpoints\",\"params\":{\"start\":{\"scriptId\":\"14\",\"lineNumber\":5,\"columnNumber\":0},\"end\":{\"scriptId\":\"14\",\"lineNumber\":6,\"columnNumber\":0},\"restrictToFunction\":false}}"
[20:17:22.431 UTC] ← From target: {"id":23,"result":{"locations":[{"scriptId":"14","lineNumber":5,"columnNumber":8}]}}
[20:17:22.431 UTC] → To target: "{\"id\":24,\"method\":\"Debugger.setBreakpointByUrl\",\"params\":{\"urlRegex\":\"http:\\\\/\\\\/localhost:7890\\\\/out\\\\/script\\\\.js\",\"lineNumber\":5,\"columnNumber\":8}}"
[20:17:22.432 UTC] ← From target: {"method":"Page.frameResized","params":{}}
[20:17:22.432 UTC] ← From target: {"id":24,"result":{"breakpointId":"2:5:8:http:\\/\\/localhost:7890\\/out\\/script\\.js","locations":[{"scriptId":"14","lineNumber":5,"columnNumber":8}]}}
[20:17:22.433 UTC] SourceMaps.setBP: Mapped /Users/roblou/code/vscode-chrome-debug/testdata/columns/out/script.js:6:9 to /Users/roblou/code/vscode-chrome-debug/testdata/columns/src/script.ts:4
[20:17:22.433 UTC] To client: {"seq":0,"type":"response","request_seq":6,"command":"setBreakpoints","success":true,"body":{"breakpoints":[{"id":1001,"verified":true,"line":4,"column":24}]}}
[20:17:22.433 UTC] To client: {"seq":0,"type":"event","event":"output","body":{"category":"telemetry","output":"ClientRequest/setBreakpoints","data":{"Versions.DebugAdapterCore":"6.8.6","Versions.DebugAdapter":"4.12.1","Versions.Target.CRDPVersion":"1.3","Versions.Target.Revision":"@a99230af311e8e646833be14a670de5322454fbe","Versions.Target.UserAgent":"Mozilla/5.0 (Macintosh; Intel Mac OS X 10_14_6) AppleWebKit/537.36 (KHTML, like Gecko) Chrome/76.0.3803.0 Safari/537.36","Versions.Target.V8":"7.6.247","Versions.Target.Project":"Chrome","Versions.Target.Version":"76.0.3803.0","successful":"true","timeTakenInMilliseconds":"34.042008","requestType":"request"}}}
[20:17:22.433 UTC] From client: continue({"threadId":1})
[20:17:22.433 UTC] → To target: "{\"id\":25,\"method\":\"Debugger.resume\"}"
[20:17:22.434 UTC] ← From target: {"id":25,"result":{}}
[20:17:22.434 UTC] To client: {"seq":0,"type":"response","request_seq":7,"command":"continue","success":true}
[20:17:22.434 UTC] To client: {"seq":0,"type":"event","event":"output","body":{"category":"telemetry","output":"ClientRequest/continue","data":{"Versions.DebugAdapterCore":"6.8.6","Versions.DebugAdapter":"4.12.1","Versions.Target.CRDPVersion":"1.3","Versions.Target.Revision":"@a99230af311e8e646833be14a670de5322454fbe","Versions.Target.UserAgent":"Mozilla/5.0 (Macintosh; Intel Mac OS X 10_14_6) AppleWebKit/537.36 (KHTML, like Gecko) Chrome/76.0.3803.0 Safari/537.36","Versions.Target.V8":"7.6.247","Versions.Target.Project":"Chrome","Versions.Target.Version":"76.0.3803.0","successful":"true","timeTakenInMilliseconds":"1.216913","requestType":"request"}}}
[20:17:22.435 UTC] ← From target: {"method":"Debugger.resumed","params":{}}
[20:17:22.435 UTC] ← From target: {"method":"Debugger.paused","params":{"callFrames":[{"callFrameId":"{\"ordinal\":0,\"injectedScriptId\":2}","functionName":"","functionLocation":{"scriptId":"14","lineNumber":0,"columnNumber":21},"location":{"scriptId":"14","lineNumber":5,"columnNumber":8},"url":"http://localhost:7890/out/script.js","scopeChain":[{"type":"local","object":{"type":"object","className":"Object","description":"Object","objectId":"{\"injectedScriptId\":2,\"id\":6}"},"startLocation":{"scriptId":"14","lineNumber":0,"columnNumber":21},"endLocation":{"scriptId":"14","lineNumber":7,"columnNumber":1}},{"type":"global","object":{"type":"object","className":"Window","description":"Window","objectId":"{\"injectedScriptId\":2,\"id\":7}"}}],"this":{"type":"object","className":"Window","description":"Window","objectId":"{\"injectedScriptId\":2,\"id\":8}"}}],"reason":"other","hitBreakpoints":["2:5:8:http:\\/\\/localhost:7890\\/out\\/script\\.js"],"asyncStackTrace":{"description":"setInterval","callFrames":[{"functionName":"","scriptId":"14","url":"http://localhost:7890/out/script.js","lineNumber":0,"columnNumber":0}]}}}
[20:17:22.435 UTC] To client: {"seq":0,"type":"event","event":"stopped","body":{"reason":"breakpoint","threadId":1,"description":"Paused on breakpoint"}}
[20:17:22.435 UTC] → To target: "{\"id\":26,\"method\":\"Overlay.setPausedInDebuggerMessage\",\"params\":{\"message\":\"Paused in Visual Studio Code\"}}"
[20:17:22.436 UTC] From client: stackTrace({"threadId":1})
[20:17:22.436 UTC] To client: {"seq":0,"type":"response","request_seq":8,"command":"stackTrace","success":true,"body":{"stackFrames":[{"id":1000,"name":"(anonymous function)","source":{"name":"script.ts","path":"/Users/roblou/code/vscode-chrome-debug/testdata/columns/src/script.ts"},"line":4,"column":24},{"id":1002,"name":"[ setInterval ]","presentationHint":"label"},{"id":1001,"name":"(anonymous function)","source":{"name":"script.ts","path":"/Users/roblou/code/vscode-chrome-debug/testdata/columns/src/script.ts"},"line":1,"column":1}],"totalFrames":3}}
[20:17:22.436 UTC] To client: {"seq":0,"type":"event","event":"output","body":{"category":"telemetry","output":"ClientRequest/stackTrace","data":{"Versions.DebugAdapterCore":"6.8.6","Versions.DebugAdapter":"4.12.1","Versions.Target.CRDPVersion":"1.3","Versions.Target.Revision":"@a99230af311e8e646833be14a670de5322454fbe","Versions.Target.UserAgent":"Mozilla/5.0 (Macintosh; Intel Mac OS X 10_14_6) AppleWebKit/537.36 (KHTML, like Gecko) Chrome/76.0.3803.0 Safari/537.36","Versions.Target.V8":"7.6.247","Versions.Target.Project":"Chrome","Versions.Target.Version":"76.0.3803.0","successful":"true","timeTakenInMilliseconds":"0.597589","requestType":"request"}}}
[20:17:22.437 UTC] ← From target: {"id":26,"result":{}}
[20:17:22.437 UTC] From client: disconnect(undefined)
[20:17:22.437 UTC] To client: {"seq":0,"type":"event","event":"output","body":{"category":"telemetry","output":"FullSessionStatistics/SourceMaps/Overrides","data":{"Versions.DebugAdapterCore":"6.8.6","Versions.DebugAdapter":"4.12.1","Versions.Target.CRDPVersion":"1.3","Versions.Target.Revision":"@a99230af311e8e646833be14a670de5322454fbe","Versions.Target.UserAgent":"Mozilla/5.0 (Macintosh; Intel Mac OS X 10_14_6) AppleWebKit/537.36 (KHTML, like Gecko) Chrome/76.0.3803.0 Safari/537.36","Versions.Target.V8":"7.6.247","Versions.Target.Project":"Chrome","Versions.Target.Version":"76.0.3803.0","aspNetClientAppFallbackCount":0}}}
[20:17:22.438 UTC] To client: {"seq":0,"type":"event","event":"output","body":{"category":"telemetry","output":"target/notification/onScriptParsed","data":{"Versions.DebugAdapterCore":"6.8.6","Versions.DebugAdapter":"4.12.1","Versions.Target.CRDPVersion":"1.3","Versions.Target.Revision":"@a99230af311e8e646833be14a670de5322454fbe","Versions.Target.UserAgent":"Mozilla/5.0 (Macintosh; Intel Mac OS X 10_14_6) AppleWebKit/537.36 (KHTML, like Gecko) Chrome/76.0.3803.0 Safari/537.36","Versions.Target.V8":"7.6.247","Versions.Target.Project":"Chrome","Versions.Target.Version":"76.0.3803.0","aggregated.startTime":"[\"1575058642256\",\"1575058642295\"]","aggregated.successful":"[\"true\",\"true\"]","aggregated.timeTakenInMilliseconds":"[\"3.461613\",\"19.003821\"]"}}}
[20:17:22.438 UTC] To client: {"seq":0,"type":"event","event":"output","body":{"category":"telemetry","output":"target/notification/onPaused","data":{"Versions.DebugAdapterCore":"6.8.6","Versions.DebugAdapter":"4.12.1","Versions.Target.CRDPVersion":"1.3","Versions.Target.Revision":"@a99230af311e8e646833be14a670de5322454fbe","Versions.Target.UserAgent":"Mozilla/5.0 (Macintosh; Intel Mac OS X 10_14_6) AppleWebKit/537.36 (KHTML, like Gecko) Chrome/76.0.3803.0 Safari/537.36","Versions.Target.V8":"7.6.247","Versions.Target.Project":"Chrome","Versions.Target.Version":"76.0.3803.0","aggregated.startTime":"[\"1575058642297\",\"1575058642394\",\"1575058642435\"]","aggregated.successful":"[\"true\",\"true\",\"true\"]","aggregated.timeTakenInMilliseconds":"[\"16.907931\",\"1.271586\",\"0.513054\"]"}}}
[20:17:22.438 UTC] Terminated: Got disconnect request
[20:17:22.439 UTC] Waiting for any pending steps or log messages.
[20:17:22.439 UTC] Killing Chrome process
[20:17:22.440 UTC] To client: {"seq":0,"type":"response","request_seq":9,"command":"disconnect","success":true}
[20:17:22.440 UTC] To client: {"seq":0,"type":"event","event":"output","body":{"category":"telemetry","output":"ClientRequest/disconnect","data":{"Versions.DebugAdapterCore":"6.8.6","Versions.DebugAdapter":"4.12.1","Versions.Target.CRDPVersion":"1.3","Versions.Target.Revision":"@a99230af311e8e646833be14a670de5322454fbe","Versions.Target.UserAgent":"Mozilla/5.0 (Macintosh; Intel Mac OS X 10_14_6) AppleWebKit/537.36 (KHTML, like Gecko) Chrome/76.0.3803.0 Safari/537.36","Versions.Target.V8":"7.6.247","Versions.Target.Project":"Chrome","Versions.Target.Version":"76.0.3803.0","successful":"true","timeTakenInMilliseconds":"3.333257","requestType":"request"}}}
[20:17:22.440 UTC] Current step and log messages complete
[20:17:22.440 UTC] To client: {"seq":0,"type":"event","event":"output","body":{"category":"telemetry","output":"debugStopped","data":{"Versions.DebugAdapterCore":"6.8.6","Versions.DebugAdapter":"4.12.1","Versions.Target.CRDPVersion":"1.3","Versions.Target.Revision":"@a99230af311e8e646833be14a670de5322454fbe","Versions.Target.UserAgent":"Mozilla/5.0 (Macintosh; Intel Mac OS X 10_14_6) AppleWebKit/537.36 (KHTML, like Gecko) Chrome/76.0.3803.0 Safari/537.36","Versions.Target.V8":"7.6.247","Versions.Target.Project":"Chrome","Versions.Target.Version":"76.0.3803.0","reason":"Got disconnect request"}}}
[20:17:22.441 UTC] To client: {"seq":0,"type":"event","event":"terminated"}
