2019-11-29, 20:17:30.465 UTC
[20:17:30.465 UTC] OS: darwin x64
[20:17:30.465 UTC] Adapter node: v12.13.0 x64
[20:17:30.465 UTC] vscode-chrome-debug-core: 6.8.6
[20:17:30.465 UTC] debugger-for-chrome: 4.12.1
[20:17:30.465 UTC] From client: initialize({"adapterID":"chrome","linesStartAt1":true,"columnsStartAt1":true,"pathFormat":"path"})
[20:17:30.466 UTC] To client: {"seq":0,"type":"response","request_seq":1,"command":"initialize","success":true,"body":{"exceptionBreakpointFilters":[{"label":"All Exceptions","filter":"all","default":false},{"label":"Uncaught Exceptions","filter":"uncaught","default":false}],"supportsConfigurationDoneRequest":true,"supportsSetVariable":true,"supportsConditionalBreakpoints":true,"supportsCompletionsRequest":true,"supportsHitConditionalBreakpoints":true,"supportsRestartFrame":true,"supportsExceptionInfoRequest":true,"supportsDelayedStackTraceLoading":true,"supportsValueFormattingOptions":true,"supportsEvaluateForHovers":true,"supportsLoadedSourcesRequest":true,"supportsBreakpointLocationsRequest":true,"supportsRestartRequest":true,"supportsSetExpression":true,"supportsLogPoints":true}}
[20:17:30.466 UTC] To client: {"seq":0,"type":"event","event":"output","body":{"category":"telemetry","output":"ClientRequest/initialize","data":{"Versions.DebugAdapterCore":"6.8.6","Versions.DebugAdapter":"4.12.1","successful":"true","timeTakenInMilliseconds":"3.580914","requestType":"request"}}}
[20:17:30.466 UTC] From client: launch({"outFiles":["/Users/roblou/code/vscode-chrome-debug/testdata/stackTrace/out"],"sourceMaps":true,"runtimeExecutable":"/Users/roblou/code/vscode-chrome-debug/node_modules/puppeteer/.local-chromium/mac-662092/chrome-mac/Chromium.app/Contents/MacOS/Chromium","webRoot":"/Users/roblou/code/vscode-chrome-debug/testdata/stackTrace","url":"http://localhost:55278/","port":55279,"trace":"verbose","logTimestamps":true,"disableNetworkCache":true,"logFilePath":"/Users/roblou/code/vscode-chrome-debug/logs/darwin-Stack Traces Stack trace is generated with all formatting-DA.log","userDataDir":"/var/folders/tx/p0ycbfpj37786p760wwdg6y80000gn/T/chrome2-26729nmfTjLlvY8b7"})
[20:17:30.466 UTC] To client: {"seq":0,"type":"event","event":"output","body":{"category":"telemetry","output":"debugStarted","data":{"Versions.DebugAdapterCore":"6.8.6","Versions.DebugAdapter":"4.12.1","request":"launch","args":["outFiles","sourceMaps","runtimeExecutable","webRoot","url","port","trace","logTimestamps","disableNetworkCache","logFilePath","userDataDir","breakOnLoadStrategy","pathMapping","sourceMapPathOverrides","skipFileRegExps","targetFilter","smartStep","showAsyncStacks"]}}}
[20:17:30.466 UTC] spawn('/Users/roblou/code/vscode-chrome-debug/node_modules/puppeteer/.local-chromium/mac-662092/chrome-mac/Chromium.app/Contents/MacOS/Chromium', ["--remote-debugging-port=55279","--no-first-run","--no-default-browser-check","--user-data-dir=/var/folders/tx/p0ycbfpj37786p760wwdg6y80000gn/T/chrome2-26729nmfTjLlvY8b7","about:blank"])
[20:17:30.466 UTC] Getting browser and debug protocol version via http://127.0.0.1:55279/json/version
[20:17:30.466 UTC] Discovering targets via http://127.0.0.1:55279/json/list
[20:17:30.466 UTC] HTTP GET failed: Error: connect ECONNREFUSED 127.0.0.1:55279
[20:17:30.466 UTC] There was an error connecting to http://127.0.0.1:55279/json/version : connect ECONNREFUSED 127.0.0.1:55279
[20:17:30.466 UTC] HTTP GET failed: Error: connect ECONNREFUSED 127.0.0.1:55279
[20:17:30.466 UTC] Discovering targets via http://127.0.0.1:55279/json
[20:17:30.466 UTC] HTTP GET failed: Error: connect ECONNREFUSED 127.0.0.1:55279
[20:17:30.673 UTC] Getting browser and debug protocol version via http://127.0.0.1:55279/json/version
[20:17:30.674 UTC] Discovering targets via http://127.0.0.1:55279/json/list
[20:17:30.675 UTC] HTTP GET failed: Error: connect ECONNREFUSED 127.0.0.1:55279
[20:17:30.675 UTC] There was an error connecting to http://127.0.0.1:55279/json/version : connect ECONNREFUSED 127.0.0.1:55279
[20:17:30.675 UTC] HTTP GET failed: Error: connect ECONNREFUSED 127.0.0.1:55279
[20:17:30.676 UTC] Discovering targets via http://127.0.0.1:55279/json
[20:17:30.678 UTC] HTTP GET failed: Error: connect ECONNREFUSED 127.0.0.1:55279
[20:17:30.881 UTC] Getting browser and debug protocol version via http://127.0.0.1:55279/json/version
[20:17:30.882 UTC] Discovering targets via http://127.0.0.1:55279/json/list
[20:17:31.292 UTC] Got browser version: Chrome/76.0.3803.0
[20:17:31.292 UTC] Got debug protocol version: 1.3
[20:17:31.292 UTC] To client: {"seq":0,"type":"event","event":"output","body":{"category":"telemetry","output":"targetDebugProtocolVersion","data":{"Versions.DebugAdapterCore":"6.8.6","Versions.DebugAdapter":"4.12.1"}}}
[20:17:31.293 UTC] To client: {"seq":0,"type":"event","event":"output","body":{"category":"telemetry","output":"targetCount","data":{"Versions.DebugAdapterCore":"6.8.6","Versions.DebugAdapter":"4.12.1","numTargets":1}}}
[20:17:31.293 UTC] Attaching to target: {"description":"","devtoolsFrontendUrl":"/devtools/inspector.html?ws=localhost/devtools/page/E45E6C934F2771A262515265A1A3A2DE","id":"E45E6C934F2771A262515265A1A3A2DE","title":"","type":"page","url":"about:blank","webSocketDebuggerUrl":"ws://127.0.0.1:55279/devtools/page/E45E6C934F2771A262515265A1A3A2DE","version":{}}
[20:17:31.294 UTC] WebSocket Url: ws://127.0.0.1:55279/devtools/page/E45E6C934F2771A262515265A1A3A2DE
[20:17:31.318 UTC] → To target: "{\"id\":1,\"method\":\"Console.enable\"}"
[20:17:31.318 UTC] → To target: "{\"id\":2,\"method\":\"Debugger.enable\"}"
[20:17:31.318 UTC] → To target: "{\"id\":3,\"method\":\"Runtime.enable\"}"
[20:17:31.318 UTC] → To target: "{\"id\":4,\"method\":\"Log.enable\"}"
[20:17:31.318 UTC] → To target: "{\"id\":5,\"method\":\"Runtime.runIfWaitingForDebugger\"}"
[20:17:31.318 UTC] → To target: "{\"id\":6,\"method\":\"Runtime.run\"}"
[20:17:31.319 UTC] → To target: "{\"id\":7,\"method\":\"Page.enable\"}"
[20:17:31.319 UTC] → To target: "{\"id\":8,\"method\":\"Network.enable\",\"params\":{}}"
[20:17:31.344 UTC] ← From target: {"id":1,"result":{}}
[20:17:31.346 UTC] ← From target: {"id":2,"result":{"debuggerId":"(6F9537C2DDC91C20EE5A30F4B0E1994A)"}}
[20:17:31.346 UTC] ← From target: {"method":"Runtime.executionContextCreated","params":{"context":{"id":1,"origin":"://","name":"","auxData":{"isDefault":true,"type":"default","frameId":"E45E6C934F2771A262515265A1A3A2DE"}}}}
[20:17:31.347 UTC] ← From target: {"id":3,"result":{}}
[20:17:31.347 UTC] ← From target: {"id":4,"result":{}}
[20:17:31.348 UTC] ← From target: {"id":5,"result":{}}
[20:17:31.348 UTC] ← From target: {"error":{"code":-32601,"message":"'Runtime.run' wasn't found"},"id":6}
[20:17:31.349 UTC] ← From target: {"id":7,"result":{}}
[20:17:31.349 UTC] ← From target: {"id":8,"result":{}}
[20:17:31.350 UTC] → To target: "{\"id\":9,\"method\":\"Debugger.setBlackboxPatterns\",\"params\":{\"patterns\":[\"^chrome-extension:.*\"]}}"
[20:17:31.350 UTC] → To target: "{\"id\":10,\"method\":\"Schema.getDomains\"}"
[20:17:31.351 UTC] ← From target: {"method":"Page.frameResized","params":{}}
[20:17:31.351 UTC] ← From target: {"id":10,"result":{"domains":[{"name":"Inspector","version":"1.2"},{"name":"Memory","version":"1.2"},{"name":"Page","version":"1.2"},{"name":"Emulation","version":"1.2"},{"name":"Security","version":"1.2"},{"name":"Network","version":"1.2"},{"name":"Database","version":"1.2"},{"name":"IndexedDB","version":"1.2"},{"name":"CacheStorage","version":"1.2"},{"name":"DOMStorage","version":"1.2"},{"name":"CSS","version":"1.2"},{"name":"ApplicationCache","version":"1.2"},{"name":"DOM","version":"1.2"},{"name":"IO","version":"1.2"},{"name":"DOMDebugger","version":"1.2"},{"name":"DOMSnapshot","version":"1.2"},{"name":"ServiceWorker","version":"1.2"},{"name":"Input","version":"1.2"},{"name":"LayerTree","version":"1.2"},{"name":"DeviceOrientation","version":"1.2"},{"name":"Tracing","version":"1.2"},{"name":"Animation","version":"1.2"},{"name":"Accessibility","version":"1.2"},{"name":"Storage","version":"1.2"},{"name":"Log","version":"1.2"},{"name":"Runtime","version":"1.2"},{"name":"Debugger","version":"1.2"},{"name":"Profiler","version":"1.2"},{"name":"HeapProfiler","version":"1.2"},{"name":"Schema","version":"1.2"},{"name":"Target","version":"1.2"},{"name":"Overlay","version":"1.2"},{"name":"Performance","version":"1.2"},{"name":"Audits","version":"1.2"},{"name":"HeadlessExperimental","version":"1.2"}]}}
[20:17:31.352 UTC] → To target: "{\"id\":11,\"method\":\"Debugger.setAsyncCallStackDepth\",\"params\":{\"maxDepth\":4}}"
[20:17:31.352 UTC] ← From target: {"id":9,"result":{}}
[20:17:31.352 UTC] ← From target: {"id":11,"result":{}}
[20:17:31.353 UTC] → To target: "{\"id\":12,\"method\":\"Runtime.evaluate\",\"params\":{\"expression\":\"navigator.userAgent\",\"silent\":true}}"
[20:17:31.353 UTC] → To target: "{\"id\":13,\"method\":\"Browser.getVersion\"}"
[20:17:31.353 UTC] To client: {"seq":0,"type":"response","request_seq":2,"command":"launch","success":true}
[20:17:31.354 UTC] To client: {"seq":0,"type":"event","event":"output","body":{"category":"telemetry","output":"ClientRequest/launch","data":{"Versions.DebugAdapterCore":"6.8.6","Versions.DebugAdapter":"4.12.1","successful":"true","timeTakenInMilliseconds":"925.201607","requestType":"request"}}}
[20:17:31.355 UTC] ← From target: {"id":13,"result":{"protocolVersion":"1.3","product":"Chrome/76.0.3803.0","revision":"@a99230af311e8e646833be14a670de5322454fbe","userAgent":"Mozilla/5.0 (Macintosh; Intel Mac OS X 10_14_6) AppleWebKit/537.36 (KHTML, like Gecko) Chrome/76.0.3803.0 Safari/537.36","jsVersion":"7.6.247"}}
[20:17:31.355 UTC] To client: {"seq":0,"type":"event","event":"output","body":{"category":"telemetry","output":"target-version","data":{"Versions.DebugAdapterCore":"6.8.6","Versions.DebugAdapter":"4.12.1","Versions.Target.CRDPVersion":"1.3","Versions.Target.Revision":"@a99230af311e8e646833be14a670de5322454fbe","Versions.Target.UserAgent":"Mozilla/5.0 (Macintosh; Intel Mac OS X 10_14_6) AppleWebKit/537.36 (KHTML, like Gecko) Chrome/76.0.3803.0 Safari/537.36","Versions.Target.V8":"7.6.247","Versions.Target.Project":"Chrome","Versions.Target.Version":"76.0.3803.0"}}}
[20:17:31.356 UTC] ← From target: {"method":"Debugger.scriptParsed","params":{"scriptId":"13","url":"","startLine":0,"startColumn":0,"endLine":0,"endColumn":19,"executionContextId":1,"hash":"3a6f8cb8708878331cc2be2ec90de0ab25738855","executionContextAuxData":{"isDefault":true,"type":"default","frameId":"E45E6C934F2771A262515265A1A3A2DE"},"isLiveEdit":false,"sourceMapURL":"","hasSourceURL":false,"isModule":false,"length":19}}
[20:17:31.358 UTC] → To target: "{\"id\":14,\"method\":\"Debugger.getPossibleBreakpoints\",\"params\":{\"start\":{\"scriptId\":\"13\",\"lineNumber\":0,\"columnNumber\":0},\"end\":{\"scriptId\":\"13\",\"lineNumber\":1,\"columnNumber\":0},\"restrictToFunction\":false}}"
[20:17:31.361 UTC] ← From target: {"id":12,"result":{"result":{"type":"string","value":"Mozilla/5.0 (Macintosh; Intel Mac OS X 10_14_6) AppleWebKit/537.36 (KHTML, like Gecko) Chrome/76.0.3803.0 Safari/537.36"}}}
[20:17:31.361 UTC] Target userAgent: Mozilla/5.0 (Macintosh; Intel Mac OS X 10_14_6) AppleWebKit/537.36 (KHTML, like Gecko) Chrome/76.0.3803.0 Safari/537.36
[20:17:31.361 UTC] → To target: "{\"id\":15,\"method\":\"Network.setCacheDisabled\",\"params\":{\"cacheDisabled\":true}}"
[20:17:31.363 UTC] ← From target: {"id":14,"result":{"locations":[{"scriptId":"13","lineNumber":0,"columnNumber":0}]}}
[20:17:31.364 UTC] To client: {"seq":0,"type":"event","event":"initialized"}
[20:17:31.365 UTC] To client: {"seq":0,"type":"event","event":"loadedSource","body":{"reason":"new","source":{"name":"VM13","path":"<eval>/VM13","sourceReference":1000}}}
[20:17:31.366 UTC] From client: configurationDone(undefined)
[20:17:31.366 UTC] → To target: "{\"id\":16,\"method\":\"Page.navigate\",\"params\":{\"url\":\"http://localhost:55278/\"}}"
[20:17:31.366 UTC] To client: {"seq":0,"type":"response","request_seq":3,"command":"configurationDone","success":true}
[20:17:31.366 UTC] To client: {"seq":0,"type":"event","event":"output","body":{"category":"telemetry","output":"ClientRequest/configurationDone","data":{"Versions.DebugAdapterCore":"6.8.6","Versions.DebugAdapter":"4.12.1","Versions.Target.CRDPVersion":"1.3","Versions.Target.Revision":"@a99230af311e8e646833be14a670de5322454fbe","Versions.Target.UserAgent":"Mozilla/5.0 (Macintosh; Intel Mac OS X 10_14_6) AppleWebKit/537.36 (KHTML, like Gecko) Chrome/76.0.3803.0 Safari/537.36","Versions.Target.V8":"7.6.247","Versions.Target.Project":"Chrome","Versions.Target.Version":"76.0.3803.0","successful":"true","timeTakenInMilliseconds":"0.530222","requestType":"request"}}}
[20:17:31.366 UTC] ← From target: {"id":15,"result":{}}
[20:17:31.382 UTC] ← From target: {"id":16,"result":{"frameId":"E45E6C934F2771A262515265A1A3A2DE","loaderId":"0E01D80374086A10266D049065FFBD60"}}
[20:17:31.383 UTC] ← From target: {"method":"Runtime.executionContextCreated","params":{"context":{"id":2,"origin":"","name":"__puppeteer_utility_world__","auxData":{"isDefault":false,"type":"isolated","frameId":"E45E6C934F2771A262515265A1A3A2DE"}}}}
[20:17:31.397 UTC] ← From target: {"method":"Page.frameStartedLoading","params":{"frameId":"E45E6C934F2771A262515265A1A3A2DE"}}
[20:17:31.398 UTC] ← From target: {"method":"Runtime.executionContextDestroyed","params":{"executionContextId":1}}
[20:17:31.399 UTC] ← From target: {"method":"Runtime.executionContextDestroyed","params":{"executionContextId":2}}
[20:17:31.399 UTC] ← From target: {"method":"Runtime.executionContextsCleared","params":{}}
[20:17:31.400 UTC] To client: {"seq":0,"type":"event","event":"loadedSource","body":{"reason":"removed","source":{"name":"VM13","path":"<eval>/VM13","sourceReference":1000}}}
[20:17:31.402 UTC] ← From target: {"method":"Page.frameNavigated","params":{"frame":{"id":"E45E6C934F2771A262515265A1A3A2DE","loaderId":"0E01D80374086A10266D049065FFBD60","url":"http://localhost:55278/","securityOrigin":"http://localhost:55278","mimeType":"text/html"}}}
[20:17:31.403 UTC] To client: {"seq":0,"type":"event","event":"output","body":{"category":"telemetry","output":"report-start-up-timings","data":{"Versions.DebugAdapterCore":"6.8.6","Versions.DebugAdapter":"4.12.1","Versions.Target.CRDPVersion":"1.3","Versions.Target.Revision":"@a99230af311e8e646833be14a670de5322454fbe","Versions.Target.UserAgent":"Mozilla/5.0 (Macintosh; Intel Mac OS X 10_14_6) AppleWebKit/537.36 (KHTML, like Gecko) Chrome/76.0.3803.0 Safari/537.36","Versions.Target.V8":"7.6.247","Versions.Target.Project":"Chrome","Versions.Target.Version":"76.0.3803.0","RequestedContentWasDetected":"true","Steps":"[\"BeforeFirstStep\",\"ClientRequest/initialize\",\"ClientRequest/launch\",\"LaunchTarget.LaunchExe\",\"Attach\",\"Attach.RequestDebuggerTargetsInformation\",\"Attach.RequestDebuggerTargetsInformation\",\"Attach.RequestDebuggerTargetsInformation\",\"Attach.ProcessDebuggerTargetsInformation\",\"Attach.AttachToTargetDebuggerWebsocket\",\"Attach.ConfigureDebuggingSession.Internal\",\"Attach.ConfigureDebuggingSession.Target\",\"Attach.ConfigureDebuggingSession.End\"]","All":"995.73124","Request.ClientRequest/configurationDone.startTime":"[1575058651366]","Request.ClientRequest/configurationDone.timeTakenInMilliseconds":"[0.530222]","BeforeFirstStep":"[17.092573]","WaitingAfter.ClientRequest/initialize":"[20.543175]","ClientRequest/initialize":"[4.341978]","ClientRequest/launch":"[5.89801]","LaunchTarget.LaunchExe":"[13.222839]","Attach":"[7.447196]","Attach.RequestDebuggerTargetsInformation":"[218.289083,209.044048,409.900354]","Attach.ProcessDebuggerTargetsInformation":"[1.418482]","Attach.AttachToTargetDebuggerWebsocket":"[2.252229]","Attach.ConfigureDebuggingSession.Internal":"[0.403769]","Attach.ConfigureDebuggingSession.Target":"[56.333907]","WaitingAfter.ClientRequest/launch":"[946.682014]","WaitingAfter.NotifyInitialized":"[957.114813]","RequestedNavigateToUserPage":"[975.310109]","Attach.ConfigureDebuggingSession.End":"[49.762817]"}}}
[20:17:31.404 UTC] ← From target: {"method":"Runtime.executionContextCreated","params":{"context":{"id":3,"origin":"http://localhost:55278","name":"","auxData":{"isDefault":true,"type":"default","frameId":"E45E6C934F2771A262515265A1A3A2DE"}}}}
[20:17:31.405 UTC] ← From target: {"method":"Runtime.executionContextCreated","params":{"context":{"id":4,"origin":"","name":"__puppeteer_utility_world__","auxData":{"isDefault":false,"type":"isolated","frameId":"E45E6C934F2771A262515265A1A3A2DE"}}}}
[20:17:31.405 UTC] ← From target: {"method":"Debugger.scriptParsed","params":{"scriptId":"14","url":"__puppeteer_evaluation_script__","startLine":0,"startColumn":0,"endLine":0,"endColumn":45,"executionContextId":4,"hash":"07c6ed5f5c6e0ebf35b2813d126609433838e661","executionContextAuxData":{"isDefault":false,"type":"isolated","frameId":"E45E6C934F2771A262515265A1A3A2DE"},"isLiveEdit":false,"sourceMapURL":"","hasSourceURL":true,"isModule":false,"length":45}}
[20:17:31.406 UTC] Paths.scriptParsed: could not resolve __puppeteer_evaluation_script__ to a file with pathMapping/webRoot: {"/":"/Users/roblou/code/vscode-chrome-debug/testdata/stackTrace"}. It may be external or served directly from the server's memory (and that's OK).
[20:17:31.406 UTC] To client: {"seq":0,"type":"event","event":"loadedSource","body":{"reason":"new","source":{"name":"__puppeteer_evaluation_script__","path":"__puppeteer_evaluation_script__","sourceReference":1001}}}
[20:17:31.469 UTC] ← From target: {"method":"Debugger.scriptParsed","params":{"scriptId":"15","url":"http://localhost:55278/app.js","startLine":0,"startColumn":0,"endLine":12,"endColumn":1,"executionContextId":3,"hash":"1722cb7e7f7d6af46f879a0d2371b3a7325385e4","executionContextAuxData":{"isDefault":true,"type":"default","frameId":"E45E6C934F2771A262515265A1A3A2DE"},"isLiveEdit":false,"sourceMapURL":"","hasSourceURL":false,"isModule":false,"length":228}}
[20:17:31.470 UTC] Paths.scriptParsed: resolved http://localhost:55278/app.js to /Users/roblou/code/vscode-chrome-debug/testdata/stackTrace/app.js. pathMapping/webroot: {"/":"/Users/roblou/code/vscode-chrome-debug/testdata/stackTrace"}
[20:17:31.470 UTC] To client: {"seq":0,"type":"event","event":"loadedSource","body":{"reason":"new","source":{"name":"app.js","path":"http://localhost:55278/app.js","sourceReference":1002}}}
[20:17:31.470 UTC] ← From target: {"method":"Page.loadEventFired","params":{"timestamp":169856.638611}}
[20:17:31.471 UTC] ← From target: {"method":"Page.frameStoppedLoading","params":{"frameId":"E45E6C934F2771A262515265A1A3A2DE"}}
[20:17:31.472 UTC] ← From target: {"method":"Page.domContentEventFired","params":{"timestamp":169856.707474}}
[20:17:31.484 UTC] ← From target: {"method":"Page.frameResized","params":{}}
[20:17:31.488 UTC] ← From target: {"method":"Log.entryAdded","params":{"entry":{"source":"network","level":"error","text":"Failed to load resource: the server responded with a status of 404 (Not Found)","timestamp":1575058651481.6538,"url":"http://localhost:55278/favicon.ico","networkRequestId":"1000027238.4"}}}
[20:17:31.489 UTC] To client: {"seq":0,"type":"event","event":"output","body":{"category":"stderr","output":"Failed to load resource: the server responded with a status of 404 (Not Found) [http://localhost:55278/favicon.ico]\n"}}
[20:17:31.491 UTC] ← From target: {"method":"Page.frameResized","params":{}}
[20:17:31.499 UTC] ← From target: {"method":"Page.frameResized","params":{}}
[20:17:31.516 UTC] ← From target: {"method":"Page.frameResized","params":{}}
[20:17:32.394 UTC] ← From target: {"method":"Debugger.scriptParsed","params":{"scriptId":"23","url":"__puppeteer_evaluation_script__","startLine":0,"startColumn":0,"endLine":87,"endColumn":1,"executionContextId":4,"hash":"1367f4ae4d6dfa997636a71c2060d401142f3d35","executionContextAuxData":{"isDefault":false,"type":"isolated","frameId":"E45E6C934F2771A262515265A1A3A2DE"},"isLiveEdit":false,"sourceMapURL":"","hasSourceURL":true,"isModule":false,"length":2008}}
[20:17:32.394 UTC] Paths.scriptParsed: could not resolve __puppeteer_evaluation_script__ to a file with pathMapping/webRoot: {"/":"/Users/roblou/code/vscode-chrome-debug/testdata/stackTrace"}. It may be external or served directly from the server's memory (and that's OK).
[20:17:32.395 UTC] To client: {"seq":0,"type":"event","event":"loadedSource","body":{"reason":"new","source":{"name":"__puppeteer_evaluation_script__","path":"__puppeteer_evaluation_script__","sourceReference":1003}}}
[20:17:32.395 UTC] ← From target: {"method":"Debugger.scriptParsed","params":{"scriptId":"24","url":"","startLine":0,"startColumn":0,"endLine":25,"endColumn":2,"executionContextId":4,"hash":"1f868032500c2e3e8032539564c0bd223ce092a0","executionContextAuxData":{"isDefault":false,"type":"isolated","frameId":"E45E6C934F2771A262515265A1A3A2DE"},"isLiveEdit":false,"sourceMapURL":"","hasSourceURL":false,"isModule":false,"length":1048,"stackTrace":{"callFrames":[{"functionName":"waitForPredicatePageFunction","scriptId":"23","url":"__puppeteer_evaluation_script__","lineNumber":1,"columnNumber":20}]}}}
[20:17:32.395 UTC] To client: {"seq":0,"type":"event","event":"loadedSource","body":{"reason":"new","source":{"name":"VM24","path":"<eval>/VM24","sourceReference":1004}}}
[20:17:32.396 UTC] ← From target: {"method":"Debugger.scriptParsed","params":{"scriptId":"25","url":"__puppeteer_evaluation_script__","startLine":0,"startColumn":0,"endLine":2,"endColumn":1,"executionContextId":4,"hash":"20c82ab795ef77ca761fea3949a6c645249be1aa","executionContextAuxData":{"isDefault":false,"type":"isolated","frameId":"E45E6C934F2771A262515265A1A3A2DE"},"isLiveEdit":false,"sourceMapURL":"","hasSourceURL":true,"isModule":false,"length":56}}
[20:17:32.396 UTC] Paths.scriptParsed: could not resolve __puppeteer_evaluation_script__ to a file with pathMapping/webRoot: {"/":"/Users/roblou/code/vscode-chrome-debug/testdata/stackTrace"}. It may be external or served directly from the server's memory (and that's OK).
[20:17:32.396 UTC] To client: {"seq":0,"type":"event","event":"loadedSource","body":{"reason":"new","source":{"name":"__puppeteer_evaluation_script__","path":"__puppeteer_evaluation_script__","sourceReference":1005}}}
[20:17:32.399 UTC] From client: setBreakpoints({"breakpoints":[{"line":11,"column":9}],"source":{"path":"/Users/roblou/code/vscode-chrome-debug/testdata/stackTrace/app.js"}})
[20:17:32.399 UTC] To client: {"seq":0,"type":"event","event":"output","body":{"category":"telemetry","output":"setBreakpointsRequest","data":{"Versions.DebugAdapterCore":"6.8.6","Versions.DebugAdapter":"4.12.1","Versions.Target.CRDPVersion":"1.3","Versions.Target.Revision":"@a99230af311e8e646833be14a670de5322454fbe","Versions.Target.UserAgent":"Mozilla/5.0 (Macintosh; Intel Mac OS X 10_14_6) AppleWebKit/537.36 (KHTML, like Gecko) Chrome/76.0.3803.0 Safari/537.36","Versions.Target.V8":"7.6.247","Versions.Target.Project":"Chrome","Versions.Target.Version":"76.0.3803.0","fileExt":".js"}}}
[20:17:32.400 UTC] SourceMaps.setBP: SourceMaps are enabled but /Users/roblou/code/vscode-chrome-debug/testdata/stackTrace/app.js is a runtime script
[20:17:32.400 UTC] Paths.setBP: Resolved /Users/roblou/code/vscode-chrome-debug/testdata/stackTrace/app.js to http://localhost:55278/app.js
[20:17:32.401 UTC] → To target: "{\"id\":17,\"method\":\"Debugger.getPossibleBreakpoints\",\"params\":{\"start\":{\"scriptId\":\"15\",\"lineNumber\":10,\"columnNumber\":0},\"end\":{\"scriptId\":\"15\",\"lineNumber\":11,\"columnNumber\":0},\"restrictToFunction\":false}}"
[20:17:32.409 UTC] ← From target: {"id":17,"result":{"locations":[{"scriptId":"15","lineNumber":10,"columnNumber":8},{"scriptId":"15","lineNumber":10,"columnNumber":16,"type":"call"}]}}
[20:17:32.409 UTC] → To target: "{\"id\":18,\"method\":\"Debugger.setBreakpointByUrl\",\"params\":{\"urlRegex\":\"http:\\\\/\\\\/localhost:55278\\\\/app\\\\.js\",\"lineNumber\":10,\"columnNumber\":8}}"
[20:17:32.410 UTC] ← From target: {"id":18,"result":{"breakpointId":"2:10:8:http:\\/\\/localhost:55278\\/app\\.js","locations":[{"scriptId":"15","lineNumber":10,"columnNumber":8}]}}
[20:17:32.411 UTC] To client: {"seq":0,"type":"response","request_seq":4,"command":"setBreakpoints","success":true,"body":{"breakpoints":[{"id":1000,"verified":true,"line":11,"column":9}]}}
[20:17:32.411 UTC] To client: {"seq":0,"type":"event","event":"output","body":{"category":"telemetry","output":"ClientRequest/setBreakpoints","data":{"Versions.DebugAdapterCore":"6.8.6","Versions.DebugAdapter":"4.12.1","Versions.Target.CRDPVersion":"1.3","Versions.Target.Revision":"@a99230af311e8e646833be14a670de5322454fbe","Versions.Target.UserAgent":"Mozilla/5.0 (Macintosh; Intel Mac OS X 10_14_6) AppleWebKit/537.36 (KHTML, like Gecko) Chrome/76.0.3803.0 Safari/537.36","Versions.Target.V8":"7.6.247","Versions.Target.Project":"Chrome","Versions.Target.Version":"76.0.3803.0","successful":"true","timeTakenInMilliseconds":"12.584944","requestType":"request"}}}
[20:17:32.414 UTC] ← From target: {"method":"Debugger.scriptParsed","params":{"scriptId":"27","url":"__puppeteer_evaluation_script__","startLine":0,"startColumn":0,"endLine":22,"endColumn":1,"executionContextId":3,"hash":"25b8f39e3f57e0282696e47b8a0bd3b1077f2290","executionContextAuxData":{"isDefault":true,"type":"default","frameId":"E45E6C934F2771A262515265A1A3A2DE"},"isLiveEdit":false,"sourceMapURL":"","hasSourceURL":true,"isModule":false,"length":892}}
[20:17:32.414 UTC] Paths.scriptParsed: could not resolve __puppeteer_evaluation_script__ to a file with pathMapping/webRoot: {"/":"/Users/roblou/code/vscode-chrome-debug/testdata/stackTrace"}. It may be external or served directly from the server's memory (and that's OK).
[20:17:32.414 UTC] To client: {"seq":0,"type":"event","event":"loadedSource","body":{"reason":"new","source":{"name":"__puppeteer_evaluation_script__","path":"__puppeteer_evaluation_script__","sourceReference":1006}}}
[20:17:32.417 UTC] ← From target: {"method":"Debugger.scriptParsed","params":{"scriptId":"28","url":"http://localhost:55278/","startLine":6,"startColumn":48,"endLine":6,"endColumn":61,"executionContextId":3,"hash":"3d7057b0648337ce2ce585ba4eedd6216100b6e1","executionContextAuxData":{"isDefault":true,"type":"default","frameId":"E45E6C934F2771A262515265A1A3A2DE"},"isLiveEdit":false,"sourceMapURL":"","hasSourceURL":false,"isModule":false,"length":13}}
[20:17:32.417 UTC] Paths.scriptParsed: could not resolve http://localhost:55278/ to a file with pathMapping/webRoot: {"/":"/Users/roblou/code/vscode-chrome-debug/testdata/stackTrace"}. It may be external or served directly from the server's memory (and that's OK).
[20:17:32.418 UTC] To client: {"seq":0,"type":"event","event":"loadedSource","body":{"reason":"new","source":{"name":"localhost:55278","path":"http://localhost:55278","sourceReference":1007}}}
[20:17:32.520 UTC] ← From target: {"method":"Debugger.scriptParsed","params":{"scriptId":"29","url":"","startLine":0,"startColumn":0,"endLine":0,"endColumn":15,"executionContextId":3,"hash":"2496514713dec82d08f27f6f2c75a3c6225bb537","executionContextAuxData":{"isDefault":true,"type":"default","frameId":"E45E6C934F2771A262515265A1A3A2DE"},"isLiveEdit":false,"sourceMapURL":"","hasSourceURL":false,"isModule":false,"length":15,"stackTrace":{"callFrames":[{"functionName":"timeoutCallback","scriptId":"15","url":"http://localhost:55278/app.js","lineNumber":5,"columnNumber":4}],"parentId":{"id":"1"}}}}
[20:17:32.521 UTC] To client: {"seq":0,"type":"event","event":"loadedSource","body":{"reason":"new","source":{"name":"VM29","path":"<eval>/VM29","sourceReference":1008}}}
[20:17:32.521 UTC] ← From target: {"method":"Debugger.paused","params":{"callFrames":[{"callFrameId":"{\"ordinal\":0,\"injectedScriptId\":3}","functionName":"","functionLocation":{"scriptId":"15","lineNumber":9,"columnNumber":13},"location":{"scriptId":"15","lineNumber":10,"columnNumber":8},"url":"http://localhost:55278/app.js","scopeChain":[{"type":"local","object":{"type":"object","className":"Object","description":"Object","objectId":"{\"injectedScriptId\":3,\"id\":1}"},"startLocation":{"scriptId":"15","lineNumber":9,"columnNumber":13},"endLocation":{"scriptId":"15","lineNumber":11,"columnNumber":5}},{"type":"global","object":{"type":"object","className":"Window","description":"Window","objectId":"{\"injectedScriptId\":3,\"id\":2}"}}],"this":{"type":"object","className":"Window","description":"Window","objectId":"{\"injectedScriptId\":3,\"id\":3}"}},{"callFrameId":"{\"ordinal\":1,\"injectedScriptId\":3}","functionName":"evalCallback","functionLocation":{"scriptId":"15","lineNumber":8,"columnNumber":21},"location":{"scriptId":"15","lineNumber":11,"columnNumber":6},"url":"http://localhost:55278/app.js","scopeChain":[{"type":"local","object":{"type":"object","className":"Object","description":"Object","objectId":"{\"injectedScriptId\":3,\"id\":4}"},"name":"evalCallback","startLocation":{"scriptId":"15","lineNumber":8,"columnNumber":21},"endLocation":{"scriptId":"15","lineNumber":12,"columnNumber":1}},{"type":"global","object":{"type":"object","className":"Window","description":"Window","objectId":"{\"injectedScriptId\":3,\"id\":5}"}}],"this":{"type":"object","className":"Window","description":"Window","objectId":"{\"injectedScriptId\":3,\"id\":6}"}},{"callFrameId":"{\"ordinal\":2,\"injectedScriptId\":3}","functionName":"","functionLocation":{"scriptId":"29","lineNumber":0,"columnNumber":0},"location":{"scriptId":"29","lineNumber":0,"columnNumber":0},"url":"","scopeChain":[{"type":"closure","object":{"type":"object","className":"Object","description":"Object","objectId":"{\"injectedScriptId\":3,\"id\":7}"},"name":"timeoutCallback","startLocation":{"scriptId":"29","lineNumber":-1,"columnNumber":-1},"endLocation":{"scriptId":"29","lineNumber":-1,"columnNumber":-1}},{"type":"global","object":{"type":"object","className":"Window","description":"Window","objectId":"{\"injectedScriptId\":3,\"id\":8}"}}],"this":{"type":"object","className":"Window","description":"Window","objectId":"{\"injectedScriptId\":3,\"id\":9}"}},{"callFrameId":"{\"ordinal\":3,\"injectedScriptId\":3}","functionName":"timeoutCallback","functionLocation":{"scriptId":"15","lineNumber":4,"columnNumber":24},"location":{"scriptId":"15","lineNumber":5,"columnNumber":4},"url":"http://localhost:55278/app.js","scopeChain":[{"type":"local","object":{"type":"object","className":"Object","description":"Object","objectId":"{\"injectedScriptId\":3,\"id\":10}"},"name":"timeoutCallback","startLocation":{"scriptId":"15","lineNumber":4,"columnNumber":24},"endLocation":{"scriptId":"15","lineNumber":6,"columnNumber":1}},{"type":"global","object":{"type":"object","className":"Window","description":"Window","objectId":"{\"injectedScriptId\":3,\"id\":11}"}}],"this":{"type":"object","className":"Window","description":"Window","objectId":"{\"injectedScriptId\":3,\"id\":12}"}}],"reason":"other","hitBreakpoints":["2:10:8:http:\\/\\/localhost:55278\\/app\\.js"],"asyncStackTrace":{"description":"setTimeout","callFrames":[{"functionName":"buttonClick","scriptId":"15","url":"http://localhost:55278/app.js","lineNumber":1,"columnNumber":4},{"functionName":"onclick","scriptId":"28","url":"http://localhost:55278/","lineNumber":6,"columnNumber":48}]}}}
[20:17:32.522 UTC] To client: {"seq":0,"type":"event","event":"stopped","body":{"reason":"breakpoint","threadId":1,"description":"Paused on breakpoint"}}
[20:17:32.523 UTC] → To target: "{\"id\":19,\"method\":\"Overlay.setPausedInDebuggerMessage\",\"params\":{\"message\":\"Paused in Visual Studio Code\"}}"
[20:17:32.529 UTC] ← From target: {"id":19,"result":{}}
[20:17:32.534 UTC] From client: stackTrace({"threadId":1,"format":{"parameters":true,"parameterTypes":true,"parameterNames":true,"line":true,"module":true}})
[20:17:32.537 UTC] To client: {"seq":0,"type":"response","request_seq":5,"command":"stackTrace","success":true,"body":{"stackFrames":[{"id":1000,"name":"(anonymous function) [app.js] Line 11","source":{"name":"app.js","path":"/Users/roblou/code/vscode-chrome-debug/testdata/stackTrace/app.js"},"line":11,"column":9},{"id":1001,"name":"evalCallback [app.js] Line 12","source":{"name":"app.js","path":"/Users/roblou/code/vscode-chrome-debug/testdata/stackTrace/app.js"},"line":12,"column":7},{"id":1002,"name":"(anonymous function) [VM29] Line 1","source":{"name":"VM29","path":"<eval>/VM29","sourceReference":1008},"line":1,"column":1},{"id":1003,"name":"timeoutCallback [app.js] Line 6","source":{"name":"app.js","path":"/Users/roblou/code/vscode-chrome-debug/testdata/stackTrace/app.js"},"line":6,"column":5},{"id":1006,"name":"[ setTimeout ]","presentationHint":"label"},{"id":1004,"name":"buttonClick [app.js] Line 2","source":{"name":"app.js","path":"/Users/roblou/code/vscode-chrome-debug/testdata/stackTrace/app.js"},"line":2,"column":5},{"id":1005,"name":"onclick [localhost:55278] Line 7","source":{"name":"localhost:55278","path":"http://localhost:55278/","sourceReference":1007},"line":7,"column":49}],"totalFrames":7}}
[20:17:32.537 UTC] To client: {"seq":0,"type":"event","event":"output","body":{"category":"telemetry","output":"ClientRequest/stackTrace","data":{"Versions.DebugAdapterCore":"6.8.6","Versions.DebugAdapter":"4.12.1","Versions.Target.CRDPVersion":"1.3","Versions.Target.Revision":"@a99230af311e8e646833be14a670de5322454fbe","Versions.Target.UserAgent":"Mozilla/5.0 (Macintosh; Intel Mac OS X 10_14_6) AppleWebKit/537.36 (KHTML, like Gecko) Chrome/76.0.3803.0 Safari/537.36","Versions.Target.V8":"7.6.247","Versions.Target.Project":"Chrome","Versions.Target.Version":"76.0.3803.0","successful":"true","timeTakenInMilliseconds":"3.046586","requestType":"request"}}}
[20:17:32.539 UTC] From client: continue({"threadId":1})
[20:17:32.539 UTC] → To target: "{\"id\":20,\"method\":\"Debugger.resume\"}"
[20:17:32.546 UTC] ← From target: {"id":20,"result":{}}
[20:17:32.546 UTC] To client: {"seq":0,"type":"response","request_seq":6,"command":"continue","success":true}
[20:17:32.546 UTC] To client: {"seq":0,"type":"event","event":"output","body":{"category":"telemetry","output":"ClientRequest/continue","data":{"Versions.DebugAdapterCore":"6.8.6","Versions.DebugAdapter":"4.12.1","Versions.Target.CRDPVersion":"1.3","Versions.Target.Revision":"@a99230af311e8e646833be14a670de5322454fbe","Versions.Target.UserAgent":"Mozilla/5.0 (Macintosh; Intel Mac OS X 10_14_6) AppleWebKit/537.36 (KHTML, like Gecko) Chrome/76.0.3803.0 Safari/537.36","Versions.Target.V8":"7.6.247","Versions.Target.Project":"Chrome","Versions.Target.Version":"76.0.3803.0","successful":"true","timeTakenInMilliseconds":"7.468761","requestType":"request"}}}
[20:17:32.547 UTC] ← From target: {"method":"Debugger.resumed","params":{}}
[20:17:32.547 UTC] From client: disconnect(undefined)
[20:17:32.547 UTC] To client: {"seq":0,"type":"event","event":"output","body":{"category":"telemetry","output":"FullSessionStatistics/SourceMaps/Overrides","data":{"Versions.DebugAdapterCore":"6.8.6","Versions.DebugAdapter":"4.12.1","Versions.Target.CRDPVersion":"1.3","Versions.Target.Revision":"@a99230af311e8e646833be14a670de5322454fbe","Versions.Target.UserAgent":"Mozilla/5.0 (Macintosh; Intel Mac OS X 10_14_6) AppleWebKit/537.36 (KHTML, like Gecko) Chrome/76.0.3803.0 Safari/537.36","Versions.Target.V8":"7.6.247","Versions.Target.Project":"Chrome","Versions.Target.Version":"76.0.3803.0","aspNetClientAppFallbackCount":0}}}
[20:17:32.548 UTC] To client: {"seq":0,"type":"event","event":"output","body":{"category":"telemetry","output":"target/notification/onScriptParsed","data":{"Versions.DebugAdapterCore":"6.8.6","Versions.DebugAdapter":"4.12.1","Versions.Target.CRDPVersion":"1.3","Versions.Target.Revision":"@a99230af311e8e646833be14a670de5322454fbe","Versions.Target.UserAgent":"Mozilla/5.0 (Macintosh; Intel Mac OS X 10_14_6) AppleWebKit/537.36 (KHTML, like Gecko) Chrome/76.0.3803.0 Safari/537.36","Versions.Target.V8":"7.6.247","Versions.Target.Project":"Chrome","Versions.Target.Version":"76.0.3803.0","aggregated.startTime":"[\"1575058651356\",\"1575058651405\",\"1575058651469\",\"1575058652394\",\"1575058652395\",\"1575058652396\",\"1575058652414\",\"1575058652417\",\"1575058652520\"]","aggregated.successful":"[\"true\",\"true\",\"true\",\"true\",\"true\",\"true\",\"true\",\"true\",\"true\"]","aggregated.timeTakenInMilliseconds":"[\"3.775382\",\"0.77126\",\"1.000945\",\"0.590207\",\"0.377889\",\"0.457991\",\"0.584833\",\"0.413532\",\"0.524494\"]"}}}
[20:17:32.548 UTC] To client: {"seq":0,"type":"event","event":"output","body":{"category":"telemetry","output":"target/notification/onPaused","data":{"Versions.DebugAdapterCore":"6.8.6","Versions.DebugAdapter":"4.12.1","Versions.Target.CRDPVersion":"1.3","Versions.Target.Revision":"@a99230af311e8e646833be14a670de5322454fbe","Versions.Target.UserAgent":"Mozilla/5.0 (Macintosh; Intel Mac OS X 10_14_6) AppleWebKit/537.36 (KHTML, like Gecko) Chrome/76.0.3803.0 Safari/537.36","Versions.Target.V8":"7.6.247","Versions.Target.Project":"Chrome","Versions.Target.Version":"76.0.3803.0","aggregated.startTime":"[\"1575058652521\"]","aggregated.successful":"[\"true\"]","aggregated.timeTakenInMilliseconds":"[\"1.4226\"]"}}}
[20:17:32.549 UTC] Terminated: Got disconnect request
[20:17:32.549 UTC] Waiting for any pending steps or log messages.
[20:17:32.549 UTC] Killing Chrome process
[20:17:32.549 UTC] To client: {"seq":0,"type":"response","request_seq":7,"command":"disconnect","success":true}
[20:17:32.549 UTC] To client: {"seq":0,"type":"event","event":"output","body":{"category":"telemetry","output":"ClientRequest/disconnect","data":{"Versions.DebugAdapterCore":"6.8.6","Versions.DebugAdapter":"4.12.1","Versions.Target.CRDPVersion":"1.3","Versions.Target.Revision":"@a99230af311e8e646833be14a670de5322454fbe","Versions.Target.UserAgent":"Mozilla/5.0 (Macintosh; Intel Mac OS X 10_14_6) AppleWebKit/537.36 (KHTML, like Gecko) Chrome/76.0.3803.0 Safari/537.36","Versions.Target.V8":"7.6.247","Versions.Target.Project":"Chrome","Versions.Target.Version":"76.0.3803.0","successful":"true","timeTakenInMilliseconds":"1.850149","requestType":"request"}}}
[20:17:32.549 UTC] Current step and log messages complete
[20:17:32.549 UTC] To client: {"seq":0,"type":"event","event":"output","body":{"category":"telemetry","output":"debugStopped","data":{"Versions.DebugAdapterCore":"6.8.6","Versions.DebugAdapter":"4.12.1","Versions.Target.CRDPVersion":"1.3","Versions.Target.Revision":"@a99230af311e8e646833be14a670de5322454fbe","Versions.Target.UserAgent":"Mozilla/5.0 (Macintosh; Intel Mac OS X 10_14_6) AppleWebKit/537.36 (KHTML, like Gecko) Chrome/76.0.3803.0 Safari/537.36","Versions.Target.V8":"7.6.247","Versions.Target.Project":"Chrome","Versions.Target.Version":"76.0.3803.0","reason":"Got disconnect request"}}}
[20:17:32.549 UTC] To client: {"seq":0,"type":"event","event":"terminated"}
