2019-11-29, 20:17:28.454 UTC
[20:17:28.455 UTC] OS: darwin x64
[20:17:28.455 UTC] Adapter node: v12.13.0 x64
[20:17:28.455 UTC] vscode-chrome-debug-core: 6.8.6
[20:17:28.455 UTC] debugger-for-chrome: 4.12.1
[20:17:28.455 UTC] From client: initialize({"adapterID":"chrome","linesStartAt1":true,"columnsStartAt1":true,"pathFormat":"path"})
[20:17:28.455 UTC] To client: {"seq":0,"type":"response","request_seq":1,"command":"initialize","success":true,"body":{"exceptionBreakpointFilters":[{"label":"All Exceptions","filter":"all","default":false},{"label":"Uncaught Exceptions","filter":"uncaught","default":false}],"supportsConfigurationDoneRequest":true,"supportsSetVariable":true,"supportsConditionalBreakpoints":true,"supportsCompletionsRequest":true,"supportsHitConditionalBreakpoints":true,"supportsRestartFrame":true,"supportsExceptionInfoRequest":true,"supportsDelayedStackTraceLoading":true,"supportsValueFormattingOptions":true,"supportsEvaluateForHovers":true,"supportsLoadedSourcesRequest":true,"supportsBreakpointLocationsRequest":true,"supportsRestartRequest":true,"supportsSetExpression":true,"supportsLogPoints":true}}
[20:17:28.455 UTC] To client: {"seq":0,"type":"event","event":"output","body":{"category":"telemetry","output":"ClientRequest/initialize","data":{"Versions.DebugAdapterCore":"6.8.6","Versions.DebugAdapter":"4.12.1","successful":"true","timeTakenInMilliseconds":"1.825098","requestType":"request"}}}
[20:17:28.455 UTC] From client: launch({"outFiles":["/Users/roblou/code/vscode-chrome-debug/testdata/stackTrace/out"],"sourceMaps":true,"runtimeExecutable":"/Users/roblou/code/vscode-chrome-debug/node_modules/puppeteer/.local-chromium/mac-662092/chrome-mac/Chromium.app/Contents/MacOS/Chromium","webRoot":"/Users/roblou/code/vscode-chrome-debug/testdata/stackTrace","url":"http://localhost:55259/","port":55260,"trace":"verbose","logTimestamps":true,"disableNetworkCache":true,"logFilePath":"/Users/roblou/code/vscode-chrome-debug/logs/darwin-Stack Traces Stack trace is generated with line formatting-DA.log","userDataDir":"/var/folders/tx/p0ycbfpj37786p760wwdg6y80000gn/T/chrome2-267297r6OUlgwwBY4"})
[20:17:28.455 UTC] To client: {"seq":0,"type":"event","event":"output","body":{"category":"telemetry","output":"debugStarted","data":{"Versions.DebugAdapterCore":"6.8.6","Versions.DebugAdapter":"4.12.1","request":"launch","args":["outFiles","sourceMaps","runtimeExecutable","webRoot","url","port","trace","logTimestamps","disableNetworkCache","logFilePath","userDataDir","breakOnLoadStrategy","pathMapping","sourceMapPathOverrides","skipFileRegExps","targetFilter","smartStep","showAsyncStacks"]}}}
[20:17:28.455 UTC] spawn('/Users/roblou/code/vscode-chrome-debug/node_modules/puppeteer/.local-chromium/mac-662092/chrome-mac/Chromium.app/Contents/MacOS/Chromium', ["--remote-debugging-port=55260","--no-first-run","--no-default-browser-check","--user-data-dir=/var/folders/tx/p0ycbfpj37786p760wwdg6y80000gn/T/chrome2-267297r6OUlgwwBY4","about:blank"])
[20:17:28.455 UTC] Getting browser and debug protocol version via http://127.0.0.1:55260/json/version
[20:17:28.455 UTC] Discovering targets via http://127.0.0.1:55260/json/list
[20:17:28.455 UTC] HTTP GET failed: Error: connect ECONNREFUSED 127.0.0.1:55260
[20:17:28.455 UTC] There was an error connecting to http://127.0.0.1:55260/json/version : connect ECONNREFUSED 127.0.0.1:55260
[20:17:28.455 UTC] HTTP GET failed: Error: connect ECONNREFUSED 127.0.0.1:55260
[20:17:28.455 UTC] Discovering targets via http://127.0.0.1:55260/json
[20:17:28.455 UTC] HTTP GET failed: Error: connect ECONNREFUSED 127.0.0.1:55260
[20:17:28.660 UTC] Getting browser and debug protocol version via http://127.0.0.1:55260/json/version
[20:17:28.661 UTC] Discovering targets via http://127.0.0.1:55260/json/list
[20:17:28.661 UTC] HTTP GET failed: Error: connect ECONNREFUSED 127.0.0.1:55260
[20:17:28.662 UTC] There was an error connecting to http://127.0.0.1:55260/json/version : connect ECONNREFUSED 127.0.0.1:55260
[20:17:28.662 UTC] HTTP GET failed: Error: connect ECONNREFUSED 127.0.0.1:55260
[20:17:28.662 UTC] Discovering targets via http://127.0.0.1:55260/json
[20:17:28.662 UTC] HTTP GET failed: Error: connect ECONNREFUSED 127.0.0.1:55260
[20:17:28.869 UTC] Getting browser and debug protocol version via http://127.0.0.1:55260/json/version
[20:17:28.869 UTC] Discovering targets via http://127.0.0.1:55260/json/list
[20:17:29.275 UTC] Got browser version: Chrome/76.0.3803.0
[20:17:29.275 UTC] Got debug protocol version: 1.3
[20:17:29.275 UTC] To client: {"seq":0,"type":"event","event":"output","body":{"category":"telemetry","output":"targetDebugProtocolVersion","data":{"Versions.DebugAdapterCore":"6.8.6","Versions.DebugAdapter":"4.12.1"}}}
[20:17:29.276 UTC] To client: {"seq":0,"type":"event","event":"output","body":{"category":"telemetry","output":"targetCount","data":{"Versions.DebugAdapterCore":"6.8.6","Versions.DebugAdapter":"4.12.1","numTargets":1}}}
[20:17:29.277 UTC] Attaching to target: {"description":"","devtoolsFrontendUrl":"/devtools/inspector.html?ws=localhost/devtools/page/C5CAF740207D2D5CC6138F3F52CF318E","id":"C5CAF740207D2D5CC6138F3F52CF318E","title":"","type":"page","url":"about:blank","webSocketDebuggerUrl":"ws://127.0.0.1:55260/devtools/page/C5CAF740207D2D5CC6138F3F52CF318E","version":{}}
[20:17:29.277 UTC] WebSocket Url: ws://127.0.0.1:55260/devtools/page/C5CAF740207D2D5CC6138F3F52CF318E
[20:17:29.298 UTC] → To target: "{\"id\":1,\"method\":\"Console.enable\"}"
[20:17:29.299 UTC] → To target: "{\"id\":2,\"method\":\"Debugger.enable\"}"
[20:17:29.299 UTC] → To target: "{\"id\":3,\"method\":\"Runtime.enable\"}"
[20:17:29.299 UTC] → To target: "{\"id\":4,\"method\":\"Log.enable\"}"
[20:17:29.299 UTC] → To target: "{\"id\":5,\"method\":\"Runtime.runIfWaitingForDebugger\"}"
[20:17:29.299 UTC] → To target: "{\"id\":6,\"method\":\"Runtime.run\"}"
[20:17:29.299 UTC] → To target: "{\"id\":7,\"method\":\"Page.enable\"}"
[20:17:29.299 UTC] → To target: "{\"id\":8,\"method\":\"Network.enable\",\"params\":{}}"
[20:17:29.366 UTC] ← From target: {"id":1,"result":{}}
[20:17:29.367 UTC] ← From target: {"id":2,"result":{"debuggerId":"(8D50E0C75FC4C8DD18E6B9289333251B)"}}
[20:17:29.368 UTC] ← From target: {"method":"Runtime.executionContextCreated","params":{"context":{"id":1,"origin":"://","name":"","auxData":{"isDefault":true,"type":"default","frameId":"C5CAF740207D2D5CC6138F3F52CF318E"}}}}
[20:17:29.369 UTC] ← From target: {"id":3,"result":{}}
[20:17:29.369 UTC] ← From target: {"id":4,"result":{}}
[20:17:29.369 UTC] ← From target: {"id":5,"result":{}}
[20:17:29.370 UTC] ← From target: {"error":{"code":-32601,"message":"'Runtime.run' wasn't found"},"id":6}
[20:17:29.370 UTC] ← From target: {"id":7,"result":{}}
[20:17:29.370 UTC] ← From target: {"id":8,"result":{}}
[20:17:29.371 UTC] → To target: "{\"id\":9,\"method\":\"Debugger.setBlackboxPatterns\",\"params\":{\"patterns\":[\"^chrome-extension:.*\"]}}"
[20:17:29.371 UTC] → To target: "{\"id\":10,\"method\":\"Schema.getDomains\"}"
[20:17:29.371 UTC] ← From target: {"method":"Page.frameResized","params":{}}
[20:17:29.372 UTC] ← From target: {"id":10,"result":{"domains":[{"name":"Inspector","version":"1.2"},{"name":"Memory","version":"1.2"},{"name":"Page","version":"1.2"},{"name":"Emulation","version":"1.2"},{"name":"Security","version":"1.2"},{"name":"Network","version":"1.2"},{"name":"Database","version":"1.2"},{"name":"IndexedDB","version":"1.2"},{"name":"CacheStorage","version":"1.2"},{"name":"DOMStorage","version":"1.2"},{"name":"CSS","version":"1.2"},{"name":"ApplicationCache","version":"1.2"},{"name":"DOM","version":"1.2"},{"name":"IO","version":"1.2"},{"name":"DOMDebugger","version":"1.2"},{"name":"DOMSnapshot","version":"1.2"},{"name":"ServiceWorker","version":"1.2"},{"name":"Input","version":"1.2"},{"name":"LayerTree","version":"1.2"},{"name":"DeviceOrientation","version":"1.2"},{"name":"Tracing","version":"1.2"},{"name":"Animation","version":"1.2"},{"name":"Accessibility","version":"1.2"},{"name":"Storage","version":"1.2"},{"name":"Log","version":"1.2"},{"name":"Runtime","version":"1.2"},{"name":"Debugger","version":"1.2"},{"name":"Profiler","version":"1.2"},{"name":"HeapProfiler","version":"1.2"},{"name":"Schema","version":"1.2"},{"name":"Target","version":"1.2"},{"name":"Overlay","version":"1.2"},{"name":"Performance","version":"1.2"},{"name":"Audits","version":"1.2"},{"name":"HeadlessExperimental","version":"1.2"}]}}
[20:17:29.372 UTC] → To target: "{\"id\":11,\"method\":\"Debugger.setAsyncCallStackDepth\",\"params\":{\"maxDepth\":4}}"
[20:17:29.379 UTC] ← From target: {"id":9,"result":{}}
[20:17:29.379 UTC] ← From target: {"id":11,"result":{}}
[20:17:29.380 UTC] → To target: "{\"id\":12,\"method\":\"Runtime.evaluate\",\"params\":{\"expression\":\"navigator.userAgent\",\"silent\":true}}"
[20:17:29.380 UTC] → To target: "{\"id\":13,\"method\":\"Browser.getVersion\"}"
[20:17:29.380 UTC] To client: {"seq":0,"type":"response","request_seq":2,"command":"launch","success":true}
[20:17:29.381 UTC] To client: {"seq":0,"type":"event","event":"output","body":{"category":"telemetry","output":"ClientRequest/launch","data":{"Versions.DebugAdapterCore":"6.8.6","Versions.DebugAdapter":"4.12.1","successful":"true","timeTakenInMilliseconds":"952.897269","requestType":"request"}}}
[20:17:29.381 UTC] ← From target: {"id":13,"result":{"protocolVersion":"1.3","product":"Chrome/76.0.3803.0","revision":"@a99230af311e8e646833be14a670de5322454fbe","userAgent":"Mozilla/5.0 (Macintosh; Intel Mac OS X 10_14_6) AppleWebKit/537.36 (KHTML, like Gecko) Chrome/76.0.3803.0 Safari/537.36","jsVersion":"7.6.247"}}
[20:17:29.381 UTC] To client: {"seq":0,"type":"event","event":"output","body":{"category":"telemetry","output":"target-version","data":{"Versions.DebugAdapterCore":"6.8.6","Versions.DebugAdapter":"4.12.1","Versions.Target.CRDPVersion":"1.3","Versions.Target.Revision":"@a99230af311e8e646833be14a670de5322454fbe","Versions.Target.UserAgent":"Mozilla/5.0 (Macintosh; Intel Mac OS X 10_14_6) AppleWebKit/537.36 (KHTML, like Gecko) Chrome/76.0.3803.0 Safari/537.36","Versions.Target.V8":"7.6.247","Versions.Target.Project":"Chrome","Versions.Target.Version":"76.0.3803.0"}}}
[20:17:29.384 UTC] ← From target: {"method":"Debugger.scriptParsed","params":{"scriptId":"13","url":"","startLine":0,"startColumn":0,"endLine":0,"endColumn":19,"executionContextId":1,"hash":"3a6f8cb8708878331cc2be2ec90de0ab25738855","executionContextAuxData":{"isDefault":true,"type":"default","frameId":"C5CAF740207D2D5CC6138F3F52CF318E"},"isLiveEdit":false,"sourceMapURL":"","hasSourceURL":false,"isModule":false,"length":19}}
[20:17:29.386 UTC] → To target: "{\"id\":14,\"method\":\"Debugger.getPossibleBreakpoints\",\"params\":{\"start\":{\"scriptId\":\"13\",\"lineNumber\":0,\"columnNumber\":0},\"end\":{\"scriptId\":\"13\",\"lineNumber\":1,\"columnNumber\":0},\"restrictToFunction\":false}}"
[20:17:29.388 UTC] ← From target: {"id":12,"result":{"result":{"type":"string","value":"Mozilla/5.0 (Macintosh; Intel Mac OS X 10_14_6) AppleWebKit/537.36 (KHTML, like Gecko) Chrome/76.0.3803.0 Safari/537.36"}}}
[20:17:29.388 UTC] Target userAgent: Mozilla/5.0 (Macintosh; Intel Mac OS X 10_14_6) AppleWebKit/537.36 (KHTML, like Gecko) Chrome/76.0.3803.0 Safari/537.36
[20:17:29.388 UTC] → To target: "{\"id\":15,\"method\":\"Network.setCacheDisabled\",\"params\":{\"cacheDisabled\":true}}"
[20:17:29.394 UTC] ← From target: {"id":14,"result":{"locations":[{"scriptId":"13","lineNumber":0,"columnNumber":0}]}}
[20:17:29.395 UTC] To client: {"seq":0,"type":"event","event":"initialized"}
[20:17:29.396 UTC] To client: {"seq":0,"type":"event","event":"loadedSource","body":{"reason":"new","source":{"name":"VM13","path":"<eval>/VM13","sourceReference":1000}}}
[20:17:29.396 UTC] From client: configurationDone(undefined)
[20:17:29.396 UTC] → To target: "{\"id\":16,\"method\":\"Page.navigate\",\"params\":{\"url\":\"http://localhost:55259/\"}}"
[20:17:29.397 UTC] To client: {"seq":0,"type":"response","request_seq":3,"command":"configurationDone","success":true}
[20:17:29.397 UTC] To client: {"seq":0,"type":"event","event":"output","body":{"category":"telemetry","output":"ClientRequest/configurationDone","data":{"Versions.DebugAdapterCore":"6.8.6","Versions.DebugAdapter":"4.12.1","Versions.Target.CRDPVersion":"1.3","Versions.Target.Revision":"@a99230af311e8e646833be14a670de5322454fbe","Versions.Target.UserAgent":"Mozilla/5.0 (Macintosh; Intel Mac OS X 10_14_6) AppleWebKit/537.36 (KHTML, like Gecko) Chrome/76.0.3803.0 Safari/537.36","Versions.Target.V8":"7.6.247","Versions.Target.Project":"Chrome","Versions.Target.Version":"76.0.3803.0","successful":"true","timeTakenInMilliseconds":"0.680542","requestType":"request"}}}
[20:17:29.397 UTC] ← From target: {"id":15,"result":{}}
[20:17:29.404 UTC] ← From target: {"id":16,"result":{"frameId":"C5CAF740207D2D5CC6138F3F52CF318E","loaderId":"045D4DE576E842D4C246CF9CAD9735F4"}}
[20:17:29.428 UTC] ← From target: {"method":"Page.frameStartedLoading","params":{"frameId":"C5CAF740207D2D5CC6138F3F52CF318E"}}
[20:17:29.428 UTC] ← From target: {"method":"Runtime.executionContextDestroyed","params":{"executionContextId":1}}
[20:17:29.429 UTC] ← From target: {"method":"Runtime.executionContextsCleared","params":{}}
[20:17:29.430 UTC] To client: {"seq":0,"type":"event","event":"loadedSource","body":{"reason":"removed","source":{"name":"VM13","path":"<eval>/VM13","sourceReference":1000}}}
[20:17:29.430 UTC] ← From target: {"method":"Page.frameNavigated","params":{"frame":{"id":"C5CAF740207D2D5CC6138F3F52CF318E","loaderId":"045D4DE576E842D4C246CF9CAD9735F4","url":"http://localhost:55259/","securityOrigin":"http://localhost:55259","mimeType":"text/html"}}}
[20:17:29.432 UTC] To client: {"seq":0,"type":"event","event":"output","body":{"category":"telemetry","output":"report-start-up-timings","data":{"Versions.DebugAdapterCore":"6.8.6","Versions.DebugAdapter":"4.12.1","Versions.Target.CRDPVersion":"1.3","Versions.Target.Revision":"@a99230af311e8e646833be14a670de5322454fbe","Versions.Target.UserAgent":"Mozilla/5.0 (Macintosh; Intel Mac OS X 10_14_6) AppleWebKit/537.36 (KHTML, like Gecko) Chrome/76.0.3803.0 Safari/537.36","Versions.Target.V8":"7.6.247","Versions.Target.Project":"Chrome","Versions.Target.Version":"76.0.3803.0","RequestedContentWasDetected":"true","Steps":"[\"BeforeFirstStep\",\"ClientRequest/initialize\",\"ClientRequest/launch\",\"LaunchTarget.LaunchExe\",\"Attach\",\"Attach.RequestDebuggerTargetsInformation\",\"Attach.RequestDebuggerTargetsInformation\",\"Attach.RequestDebuggerTargetsInformation\",\"Attach.ProcessDebuggerTargetsInformation\",\"Attach.AttachToTargetDebuggerWebsocket\",\"Attach.ConfigureDebuggingSession.Internal\",\"Attach.ConfigureDebuggingSession.Target\",\"Attach.ConfigureDebuggingSession.End\"]","All":"1019.739742","Request.ClientRequest/configurationDone.startTime":"[1575058649396]","Request.ClientRequest/configurationDone.timeTakenInMilliseconds":"[0.680542]","BeforeFirstStep":"[14.359246]","WaitingAfter.ClientRequest/initialize":"[16.09485]","ClientRequest/initialize":"[2.49568]","ClientRequest/launch":"[4.690759]","LaunchTarget.LaunchExe":"[9.197545]","Attach":"[7.288748]","Attach.RequestDebuggerTargetsInformation":"[211.700324,208.651745,406.613522]","Attach.ProcessDebuggerTargetsInformation":"[1.317945]","Attach.AttachToTargetDebuggerWebsocket":"[2.321769]","Attach.ConfigureDebuggingSession.Internal":"[0.469218]","Attach.ConfigureDebuggingSession.Target":"[99.679847]","WaitingAfter.ClientRequest/launch":"[969.786192]","WaitingAfter.NotifyInitialized":"[984.136523]","RequestedNavigateToUserPage":"[993.362519]","Attach.ConfigureDebuggingSession.End":"[50.62185]"}}}
[20:17:29.433 UTC] ← From target: {"method":"Runtime.executionContextCreated","params":{"context":{"id":2,"origin":"http://localhost:55259","name":"","auxData":{"isDefault":true,"type":"default","frameId":"C5CAF740207D2D5CC6138F3F52CF318E"}}}}
[20:17:29.516 UTC] ← From target: {"method":"Debugger.scriptParsed","params":{"scriptId":"14","url":"http://localhost:55259/app.js","startLine":0,"startColumn":0,"endLine":12,"endColumn":1,"executionContextId":2,"hash":"1722cb7e7f7d6af46f879a0d2371b3a7325385e4","executionContextAuxData":{"isDefault":true,"type":"default","frameId":"C5CAF740207D2D5CC6138F3F52CF318E"},"isLiveEdit":false,"sourceMapURL":"","hasSourceURL":false,"isModule":false,"length":228}}
[20:17:29.517 UTC] Paths.scriptParsed: resolved http://localhost:55259/app.js to /Users/roblou/code/vscode-chrome-debug/testdata/stackTrace/app.js. pathMapping/webroot: {"/":"/Users/roblou/code/vscode-chrome-debug/testdata/stackTrace"}
[20:17:29.517 UTC] To client: {"seq":0,"type":"event","event":"loadedSource","body":{"reason":"new","source":{"name":"app.js","path":"http://localhost:55259/app.js","sourceReference":1001}}}
[20:17:29.517 UTC] ← From target: {"method":"Page.loadEventFired","params":{"timestamp":169854.685524}}
[20:17:29.517 UTC] ← From target: {"method":"Page.frameStoppedLoading","params":{"frameId":"C5CAF740207D2D5CC6138F3F52CF318E"}}
[20:17:29.518 UTC] ← From target: {"method":"Page.domContentEventFired","params":{"timestamp":169854.75618}}
[20:17:29.525 UTC] ← From target: {"method":"Page.frameResized","params":{}}
[20:17:29.529 UTC] ← From target: {"method":"Runtime.executionContextCreated","params":{"context":{"id":3,"origin":"","name":"__puppeteer_utility_world__","auxData":{"isDefault":false,"type":"isolated","frameId":"C5CAF740207D2D5CC6138F3F52CF318E"}}}}
[20:17:29.531 UTC] ← From target: {"method":"Page.frameResized","params":{}}
[20:17:29.535 UTC] ← From target: {"method":"Log.entryAdded","params":{"entry":{"source":"network","level":"error","text":"Failed to load resource: the server responded with a status of 404 (Not Found)","timestamp":1575058649534.2842,"url":"http://localhost:55259/favicon.ico","networkRequestId":"1000027225.4"}}}
[20:17:29.536 UTC] To client: {"seq":0,"type":"event","event":"output","body":{"category":"stderr","output":"Failed to load resource: the server responded with a status of 404 (Not Found) [http://localhost:55259/favicon.ico]\n"}}
[20:17:29.543 UTC] ← From target: {"method":"Page.frameResized","params":{}}
[20:17:30.040 UTC] ← From target: {"method":"Debugger.scriptParsed","params":{"scriptId":"22","url":"__puppeteer_evaluation_script__","startLine":0,"startColumn":0,"endLine":87,"endColumn":1,"executionContextId":3,"hash":"1367f4ae4d6dfa997636a71c2060d401142f3d35","executionContextAuxData":{"isDefault":false,"type":"isolated","frameId":"C5CAF740207D2D5CC6138F3F52CF318E"},"isLiveEdit":false,"sourceMapURL":"","hasSourceURL":true,"isModule":false,"length":2008}}
[20:17:30.040 UTC] Paths.scriptParsed: could not resolve __puppeteer_evaluation_script__ to a file with pathMapping/webRoot: {"/":"/Users/roblou/code/vscode-chrome-debug/testdata/stackTrace"}. It may be external or served directly from the server's memory (and that's OK).
[20:17:30.041 UTC] To client: {"seq":0,"type":"event","event":"loadedSource","body":{"reason":"new","source":{"name":"__puppeteer_evaluation_script__","path":"__puppeteer_evaluation_script__","sourceReference":1002}}}
[20:17:30.041 UTC] ← From target: {"method":"Debugger.scriptParsed","params":{"scriptId":"23","url":"","startLine":0,"startColumn":0,"endLine":25,"endColumn":2,"executionContextId":3,"hash":"1f868032500c2e3e8032539564c0bd223ce092a0","executionContextAuxData":{"isDefault":false,"type":"isolated","frameId":"C5CAF740207D2D5CC6138F3F52CF318E"},"isLiveEdit":false,"sourceMapURL":"","hasSourceURL":false,"isModule":false,"length":1048,"stackTrace":{"callFrames":[{"functionName":"waitForPredicatePageFunction","scriptId":"22","url":"__puppeteer_evaluation_script__","lineNumber":1,"columnNumber":20}]}}}
[20:17:30.042 UTC] To client: {"seq":0,"type":"event","event":"loadedSource","body":{"reason":"new","source":{"name":"VM23","path":"<eval>/VM23","sourceReference":1003}}}
[20:17:30.042 UTC] ← From target: {"method":"Debugger.scriptParsed","params":{"scriptId":"24","url":"__puppeteer_evaluation_script__","startLine":0,"startColumn":0,"endLine":2,"endColumn":1,"executionContextId":3,"hash":"20c82ab795ef77ca761fea3949a6c645249be1aa","executionContextAuxData":{"isDefault":false,"type":"isolated","frameId":"C5CAF740207D2D5CC6138F3F52CF318E"},"isLiveEdit":false,"sourceMapURL":"","hasSourceURL":true,"isModule":false,"length":56}}
[20:17:30.042 UTC] Paths.scriptParsed: could not resolve __puppeteer_evaluation_script__ to a file with pathMapping/webRoot: {"/":"/Users/roblou/code/vscode-chrome-debug/testdata/stackTrace"}. It may be external or served directly from the server's memory (and that's OK).
[20:17:30.043 UTC] To client: {"seq":0,"type":"event","event":"loadedSource","body":{"reason":"new","source":{"name":"__puppeteer_evaluation_script__","path":"__puppeteer_evaluation_script__","sourceReference":1004}}}
[20:17:30.045 UTC] From client: setBreakpoints({"breakpoints":[{"line":11,"column":9}],"source":{"path":"/Users/roblou/code/vscode-chrome-debug/testdata/stackTrace/app.js"}})
[20:17:30.045 UTC] To client: {"seq":0,"type":"event","event":"output","body":{"category":"telemetry","output":"setBreakpointsRequest","data":{"Versions.DebugAdapterCore":"6.8.6","Versions.DebugAdapter":"4.12.1","Versions.Target.CRDPVersion":"1.3","Versions.Target.Revision":"@a99230af311e8e646833be14a670de5322454fbe","Versions.Target.UserAgent":"Mozilla/5.0 (Macintosh; Intel Mac OS X 10_14_6) AppleWebKit/537.36 (KHTML, like Gecko) Chrome/76.0.3803.0 Safari/537.36","Versions.Target.V8":"7.6.247","Versions.Target.Project":"Chrome","Versions.Target.Version":"76.0.3803.0","fileExt":".js"}}}
[20:17:30.046 UTC] SourceMaps.setBP: SourceMaps are enabled but /Users/roblou/code/vscode-chrome-debug/testdata/stackTrace/app.js is a runtime script
[20:17:30.046 UTC] Paths.setBP: Resolved /Users/roblou/code/vscode-chrome-debug/testdata/stackTrace/app.js to http://localhost:55259/app.js
[20:17:30.047 UTC] → To target: "{\"id\":17,\"method\":\"Debugger.getPossibleBreakpoints\",\"params\":{\"start\":{\"scriptId\":\"14\",\"lineNumber\":10,\"columnNumber\":0},\"end\":{\"scriptId\":\"14\",\"lineNumber\":11,\"columnNumber\":0},\"restrictToFunction\":false}}"
[20:17:30.055 UTC] ← From target: {"id":17,"result":{"locations":[{"scriptId":"14","lineNumber":10,"columnNumber":8},{"scriptId":"14","lineNumber":10,"columnNumber":16,"type":"call"}]}}
[20:17:30.056 UTC] → To target: "{\"id\":18,\"method\":\"Debugger.setBreakpointByUrl\",\"params\":{\"urlRegex\":\"http:\\\\/\\\\/localhost:55259\\\\/app\\\\.js\",\"lineNumber\":10,\"columnNumber\":8}}"
[20:17:30.057 UTC] ← From target: {"id":18,"result":{"breakpointId":"2:10:8:http:\\/\\/localhost:55259\\/app\\.js","locations":[{"scriptId":"14","lineNumber":10,"columnNumber":8}]}}
[20:17:30.058 UTC] To client: {"seq":0,"type":"response","request_seq":4,"command":"setBreakpoints","success":true,"body":{"breakpoints":[{"id":1000,"verified":true,"line":11,"column":9}]}}
[20:17:30.058 UTC] To client: {"seq":0,"type":"event","event":"output","body":{"category":"telemetry","output":"ClientRequest/setBreakpoints","data":{"Versions.DebugAdapterCore":"6.8.6","Versions.DebugAdapter":"4.12.1","Versions.Target.CRDPVersion":"1.3","Versions.Target.Revision":"@a99230af311e8e646833be14a670de5322454fbe","Versions.Target.UserAgent":"Mozilla/5.0 (Macintosh; Intel Mac OS X 10_14_6) AppleWebKit/537.36 (KHTML, like Gecko) Chrome/76.0.3803.0 Safari/537.36","Versions.Target.V8":"7.6.247","Versions.Target.Project":"Chrome","Versions.Target.Version":"76.0.3803.0","successful":"true","timeTakenInMilliseconds":"13.014329","requestType":"request"}}}
[20:17:30.060 UTC] ← From target: {"method":"Debugger.scriptParsed","params":{"scriptId":"26","url":"__puppeteer_evaluation_script__","startLine":0,"startColumn":0,"endLine":22,"endColumn":1,"executionContextId":2,"hash":"25b8f39e3f57e0282696e47b8a0bd3b1077f2290","executionContextAuxData":{"isDefault":true,"type":"default","frameId":"C5CAF740207D2D5CC6138F3F52CF318E"},"isLiveEdit":false,"sourceMapURL":"","hasSourceURL":true,"isModule":false,"length":892}}
[20:17:30.061 UTC] Paths.scriptParsed: could not resolve __puppeteer_evaluation_script__ to a file with pathMapping/webRoot: {"/":"/Users/roblou/code/vscode-chrome-debug/testdata/stackTrace"}. It may be external or served directly from the server's memory (and that's OK).
[20:17:30.061 UTC] To client: {"seq":0,"type":"event","event":"loadedSource","body":{"reason":"new","source":{"name":"__puppeteer_evaluation_script__","path":"__puppeteer_evaluation_script__","sourceReference":1005}}}
[20:17:30.064 UTC] ← From target: {"method":"Debugger.scriptParsed","params":{"scriptId":"27","url":"http://localhost:55259/","startLine":6,"startColumn":48,"endLine":6,"endColumn":61,"executionContextId":2,"hash":"3d7057b0648337ce2ce585ba4eedd6216100b6e1","executionContextAuxData":{"isDefault":true,"type":"default","frameId":"C5CAF740207D2D5CC6138F3F52CF318E"},"isLiveEdit":false,"sourceMapURL":"","hasSourceURL":false,"isModule":false,"length":13}}
[20:17:30.064 UTC] Paths.scriptParsed: could not resolve http://localhost:55259/ to a file with pathMapping/webRoot: {"/":"/Users/roblou/code/vscode-chrome-debug/testdata/stackTrace"}. It may be external or served directly from the server's memory (and that's OK).
[20:17:30.065 UTC] To client: {"seq":0,"type":"event","event":"loadedSource","body":{"reason":"new","source":{"name":"localhost:55259","path":"http://localhost:55259","sourceReference":1006}}}
[20:17:30.168 UTC] ← From target: {"method":"Debugger.scriptParsed","params":{"scriptId":"28","url":"","startLine":0,"startColumn":0,"endLine":0,"endColumn":15,"executionContextId":2,"hash":"2496514713dec82d08f27f6f2c75a3c6225bb537","executionContextAuxData":{"isDefault":true,"type":"default","frameId":"C5CAF740207D2D5CC6138F3F52CF318E"},"isLiveEdit":false,"sourceMapURL":"","hasSourceURL":false,"isModule":false,"length":15,"stackTrace":{"callFrames":[{"functionName":"timeoutCallback","scriptId":"14","url":"http://localhost:55259/app.js","lineNumber":5,"columnNumber":4}],"parentId":{"id":"1"}}}}
[20:17:30.169 UTC] To client: {"seq":0,"type":"event","event":"loadedSource","body":{"reason":"new","source":{"name":"VM28","path":"<eval>/VM28","sourceReference":1007}}}
[20:17:30.170 UTC] ← From target: {"method":"Debugger.paused","params":{"callFrames":[{"callFrameId":"{\"ordinal\":0,\"injectedScriptId\":2}","functionName":"","functionLocation":{"scriptId":"14","lineNumber":9,"columnNumber":13},"location":{"scriptId":"14","lineNumber":10,"columnNumber":8},"url":"http://localhost:55259/app.js","scopeChain":[{"type":"local","object":{"type":"object","className":"Object","description":"Object","objectId":"{\"injectedScriptId\":2,\"id\":1}"},"startLocation":{"scriptId":"14","lineNumber":9,"columnNumber":13},"endLocation":{"scriptId":"14","lineNumber":11,"columnNumber":5}},{"type":"global","object":{"type":"object","className":"Window","description":"Window","objectId":"{\"injectedScriptId\":2,\"id\":2}"}}],"this":{"type":"object","className":"Window","description":"Window","objectId":"{\"injectedScriptId\":2,\"id\":3}"}},{"callFrameId":"{\"ordinal\":1,\"injectedScriptId\":2}","functionName":"evalCallback","functionLocation":{"scriptId":"14","lineNumber":8,"columnNumber":21},"location":{"scriptId":"14","lineNumber":11,"columnNumber":6},"url":"http://localhost:55259/app.js","scopeChain":[{"type":"local","object":{"type":"object","className":"Object","description":"Object","objectId":"{\"injectedScriptId\":2,\"id\":4}"},"name":"evalCallback","startLocation":{"scriptId":"14","lineNumber":8,"columnNumber":21},"endLocation":{"scriptId":"14","lineNumber":12,"columnNumber":1}},{"type":"global","object":{"type":"object","className":"Window","description":"Window","objectId":"{\"injectedScriptId\":2,\"id\":5}"}}],"this":{"type":"object","className":"Window","description":"Window","objectId":"{\"injectedScriptId\":2,\"id\":6}"}},{"callFrameId":"{\"ordinal\":2,\"injectedScriptId\":2}","functionName":"","functionLocation":{"scriptId":"28","lineNumber":0,"columnNumber":0},"location":{"scriptId":"28","lineNumber":0,"columnNumber":0},"url":"","scopeChain":[{"type":"closure","object":{"type":"object","className":"Object","description":"Object","objectId":"{\"injectedScriptId\":2,\"id\":7}"},"name":"timeoutCallback","startLocation":{"scriptId":"28","lineNumber":-1,"columnNumber":-1},"endLocation":{"scriptId":"28","lineNumber":-1,"columnNumber":-1}},{"type":"global","object":{"type":"object","className":"Window","description":"Window","objectId":"{\"injectedScriptId\":2,\"id\":8}"}}],"this":{"type":"object","className":"Window","description":"Window","objectId":"{\"injectedScriptId\":2,\"id\":9}"}},{"callFrameId":"{\"ordinal\":3,\"injectedScriptId\":2}","functionName":"timeoutCallback","functionLocation":{"scriptId":"14","lineNumber":4,"columnNumber":24},"location":{"scriptId":"14","lineNumber":5,"columnNumber":4},"url":"http://localhost:55259/app.js","scopeChain":[{"type":"local","object":{"type":"object","className":"Object","description":"Object","objectId":"{\"injectedScriptId\":2,\"id\":10}"},"name":"timeoutCallback","startLocation":{"scriptId":"14","lineNumber":4,"columnNumber":24},"endLocation":{"scriptId":"14","lineNumber":6,"columnNumber":1}},{"type":"global","object":{"type":"object","className":"Window","description":"Window","objectId":"{\"injectedScriptId\":2,\"id\":11}"}}],"this":{"type":"object","className":"Window","description":"Window","objectId":"{\"injectedScriptId\":2,\"id\":12}"}}],"reason":"other","hitBreakpoints":["2:10:8:http:\\/\\/localhost:55259\\/app\\.js"],"asyncStackTrace":{"description":"setTimeout","callFrames":[{"functionName":"buttonClick","scriptId":"14","url":"http://localhost:55259/app.js","lineNumber":1,"columnNumber":4},{"functionName":"onclick","scriptId":"27","url":"http://localhost:55259/","lineNumber":6,"columnNumber":48}]}}}
[20:17:30.171 UTC] To client: {"seq":0,"type":"event","event":"stopped","body":{"reason":"breakpoint","threadId":1,"description":"Paused on breakpoint"}}
[20:17:30.172 UTC] → To target: "{\"id\":19,\"method\":\"Overlay.setPausedInDebuggerMessage\",\"params\":{\"message\":\"Paused in Visual Studio Code\"}}"
[20:17:30.176 UTC] From client: stackTrace({"threadId":1,"format":{"line":true}})
[20:17:30.180 UTC] To client: {"seq":0,"type":"response","request_seq":5,"command":"stackTrace","success":true,"body":{"stackFrames":[{"id":1000,"name":"(anonymous function) Line 11","source":{"name":"app.js","path":"/Users/roblou/code/vscode-chrome-debug/testdata/stackTrace/app.js"},"line":11,"column":9},{"id":1001,"name":"evalCallback Line 12","source":{"name":"app.js","path":"/Users/roblou/code/vscode-chrome-debug/testdata/stackTrace/app.js"},"line":12,"column":7},{"id":1002,"name":"(anonymous function) Line 1","source":{"name":"VM28","path":"<eval>/VM28","sourceReference":1007},"line":1,"column":1},{"id":1003,"name":"timeoutCallback Line 6","source":{"name":"app.js","path":"/Users/roblou/code/vscode-chrome-debug/testdata/stackTrace/app.js"},"line":6,"column":5},{"id":1006,"name":"[ setTimeout ]","presentationHint":"label"},{"id":1004,"name":"buttonClick Line 2","source":{"name":"app.js","path":"/Users/roblou/code/vscode-chrome-debug/testdata/stackTrace/app.js"},"line":2,"column":5},{"id":1005,"name":"onclick Line 7","source":{"name":"localhost:55259","path":"http://localhost:55259/","sourceReference":1006},"line":7,"column":49}],"totalFrames":7}}
[20:17:30.180 UTC] To client: {"seq":0,"type":"event","event":"output","body":{"category":"telemetry","output":"ClientRequest/stackTrace","data":{"Versions.DebugAdapterCore":"6.8.6","Versions.DebugAdapter":"4.12.1","Versions.Target.CRDPVersion":"1.3","Versions.Target.Revision":"@a99230af311e8e646833be14a670de5322454fbe","Versions.Target.UserAgent":"Mozilla/5.0 (Macintosh; Intel Mac OS X 10_14_6) AppleWebKit/537.36 (KHTML, like Gecko) Chrome/76.0.3803.0 Safari/537.36","Versions.Target.V8":"7.6.247","Versions.Target.Project":"Chrome","Versions.Target.Version":"76.0.3803.0","successful":"true","timeTakenInMilliseconds":"3.280938","requestType":"request"}}}
[20:17:30.180 UTC] ← From target: {"id":19,"result":{}}
[20:17:30.181 UTC] From client: continue({"threadId":1})
[20:17:30.182 UTC] → To target: "{\"id\":20,\"method\":\"Debugger.resume\"}"
[20:17:30.196 UTC] ← From target: {"id":20,"result":{}}
[20:17:30.196 UTC] To client: {"seq":0,"type":"response","request_seq":6,"command":"continue","success":true}
[20:17:30.196 UTC] To client: {"seq":0,"type":"event","event":"output","body":{"category":"telemetry","output":"ClientRequest/continue","data":{"Versions.DebugAdapterCore":"6.8.6","Versions.DebugAdapter":"4.12.1","Versions.Target.CRDPVersion":"1.3","Versions.Target.Revision":"@a99230af311e8e646833be14a670de5322454fbe","Versions.Target.UserAgent":"Mozilla/5.0 (Macintosh; Intel Mac OS X 10_14_6) AppleWebKit/537.36 (KHTML, like Gecko) Chrome/76.0.3803.0 Safari/537.36","Versions.Target.V8":"7.6.247","Versions.Target.Project":"Chrome","Versions.Target.Version":"76.0.3803.0","successful":"true","timeTakenInMilliseconds":"14.666614","requestType":"request"}}}
[20:17:30.196 UTC] ← From target: {"method":"Debugger.resumed","params":{}}
[20:17:30.197 UTC] From client: disconnect(undefined)
[20:17:30.197 UTC] To client: {"seq":0,"type":"event","event":"output","body":{"category":"telemetry","output":"FullSessionStatistics/SourceMaps/Overrides","data":{"Versions.DebugAdapterCore":"6.8.6","Versions.DebugAdapter":"4.12.1","Versions.Target.CRDPVersion":"1.3","Versions.Target.Revision":"@a99230af311e8e646833be14a670de5322454fbe","Versions.Target.UserAgent":"Mozilla/5.0 (Macintosh; Intel Mac OS X 10_14_6) AppleWebKit/537.36 (KHTML, like Gecko) Chrome/76.0.3803.0 Safari/537.36","Versions.Target.V8":"7.6.247","Versions.Target.Project":"Chrome","Versions.Target.Version":"76.0.3803.0","aspNetClientAppFallbackCount":0}}}
[20:17:30.198 UTC] To client: {"seq":0,"type":"event","event":"output","body":{"category":"telemetry","output":"target/notification/onScriptParsed","data":{"Versions.DebugAdapterCore":"6.8.6","Versions.DebugAdapter":"4.12.1","Versions.Target.CRDPVersion":"1.3","Versions.Target.Revision":"@a99230af311e8e646833be14a670de5322454fbe","Versions.Target.UserAgent":"Mozilla/5.0 (Macintosh; Intel Mac OS X 10_14_6) AppleWebKit/537.36 (KHTML, like Gecko) Chrome/76.0.3803.0 Safari/537.36","Versions.Target.V8":"7.6.247","Versions.Target.Project":"Chrome","Versions.Target.Version":"76.0.3803.0","aggregated.startTime":"[\"1575058649384\",\"1575058649516\",\"1575058650040\",\"1575058650041\",\"1575058650042\",\"1575058650061\",\"1575058650064\",\"1575058650169\"]","aggregated.successful":"[\"true\",\"true\",\"true\",\"true\",\"true\",\"true\",\"true\",\"true\"]","aggregated.timeTakenInMilliseconds":"[\"3.504273\",\"0.692119\",\"0.880547\",\"0.5139\",\"0.463048\",\"0.525604\",\"0.49792\",\"0.533412\"]"}}}
[20:17:30.198 UTC] To client: {"seq":0,"type":"event","event":"output","body":{"category":"telemetry","output":"target/notification/onPaused","data":{"Versions.DebugAdapterCore":"6.8.6","Versions.DebugAdapter":"4.12.1","Versions.Target.CRDPVersion":"1.3","Versions.Target.Revision":"@a99230af311e8e646833be14a670de5322454fbe","Versions.Target.UserAgent":"Mozilla/5.0 (Macintosh; Intel Mac OS X 10_14_6) AppleWebKit/537.36 (KHTML, like Gecko) Chrome/76.0.3803.0 Safari/537.36","Versions.Target.V8":"7.6.247","Versions.Target.Project":"Chrome","Versions.Target.Version":"76.0.3803.0","aggregated.startTime":"[\"1575058650170\"]","aggregated.successful":"[\"true\"]","aggregated.timeTakenInMilliseconds":"[\"1.434717\"]"}}}
[20:17:30.198 UTC] Terminated: Got disconnect request
[20:17:30.199 UTC] Waiting for any pending steps or log messages.
[20:17:30.199 UTC] Killing Chrome process
[20:17:30.199 UTC] To client: {"seq":0,"type":"response","request_seq":7,"command":"disconnect","success":true}
[20:17:30.199 UTC] To client: {"seq":0,"type":"event","event":"output","body":{"category":"telemetry","output":"ClientRequest/disconnect","data":{"Versions.DebugAdapterCore":"6.8.6","Versions.DebugAdapter":"4.12.1","Versions.Target.CRDPVersion":"1.3","Versions.Target.Revision":"@a99230af311e8e646833be14a670de5322454fbe","Versions.Target.UserAgent":"Mozilla/5.0 (Macintosh; Intel Mac OS X 10_14_6) AppleWebKit/537.36 (KHTML, like Gecko) Chrome/76.0.3803.0 Safari/537.36","Versions.Target.V8":"7.6.247","Versions.Target.Project":"Chrome","Versions.Target.Version":"76.0.3803.0","successful":"true","timeTakenInMilliseconds":"2.156024","requestType":"request"}}}
[20:17:30.199 UTC] Current step and log messages complete
[20:17:30.199 UTC] To client: {"seq":0,"type":"event","event":"output","body":{"category":"telemetry","output":"debugStopped","data":{"Versions.DebugAdapterCore":"6.8.6","Versions.DebugAdapter":"4.12.1","Versions.Target.CRDPVersion":"1.3","Versions.Target.Revision":"@a99230af311e8e646833be14a670de5322454fbe","Versions.Target.UserAgent":"Mozilla/5.0 (Macintosh; Intel Mac OS X 10_14_6) AppleWebKit/537.36 (KHTML, like Gecko) Chrome/76.0.3803.0 Safari/537.36","Versions.Target.V8":"7.6.247","Versions.Target.Project":"Chrome","Versions.Target.Version":"76.0.3803.0","reason":"Got disconnect request"}}}
[20:17:30.199 UTC] To client: {"seq":0,"type":"event","event":"terminated"}
