2019-11-29, 20:16:42.126 UTC
[20:16:42.127 UTC] OS: darwin x64
[20:16:42.127 UTC] Adapter node: v12.13.0 x64
[20:16:42.127 UTC] vscode-chrome-debug-core: 6.8.6
[20:16:42.127 UTC] debugger-for-chrome: 4.12.1
[20:16:42.127 UTC] From client: initialize({"adapterID":"chrome","linesStartAt1":true,"columnsStartAt1":true,"pathFormat":"path"})
[20:16:42.127 UTC] To client: {"seq":0,"type":"response","request_seq":1,"command":"initialize","success":true,"body":{"exceptionBreakpointFilters":[{"label":"All Exceptions","filter":"all","default":false},{"label":"Uncaught Exceptions","filter":"uncaught","default":false}],"supportsConfigurationDoneRequest":true,"supportsSetVariable":true,"supportsConditionalBreakpoints":true,"supportsCompletionsRequest":true,"supportsHitConditionalBreakpoints":true,"supportsRestartFrame":true,"supportsExceptionInfoRequest":true,"supportsDelayedStackTraceLoading":true,"supportsValueFormattingOptions":true,"supportsEvaluateForHovers":true,"supportsLoadedSourcesRequest":true,"supportsBreakpointLocationsRequest":true,"supportsRestartRequest":true,"supportsSetExpression":true,"supportsLogPoints":true}}
[20:16:42.127 UTC] To client: {"seq":0,"type":"event","event":"output","body":{"category":"telemetry","output":"ClientRequest/initialize","data":{"Versions.DebugAdapterCore":"6.8.6","Versions.DebugAdapter":"4.12.1","successful":"true","timeTakenInMilliseconds":"3.574913","requestType":"request"}}}
[20:16:42.127 UTC] From client: attach({"url":"http://localhost:7890","port":7777,"webRoot":"/Users/roblou/code/vscode-chrome-debug/testdata/intervalDebugger","logFilePath":"/Users/roblou/code/vscode-chrome-debug/logs/darwin-Chrome Debug Adapter etc launch Should attach to existing instance of chrome and break on debugger statement-DA.log","logTimestamps":true})
[20:16:42.127 UTC] To client: {"seq":0,"type":"event","event":"output","body":{"category":"telemetry","output":"debugStarted","data":{"Versions.DebugAdapterCore":"6.8.6","Versions.DebugAdapter":"4.12.1","request":"attach","args":["url","port","webRoot","logFilePath","logTimestamps","pathMapping","sourceMaps","sourceMapPathOverrides","skipFileRegExps","targetFilter","smartStep","showAsyncStacks"]}}}
[20:16:42.127 UTC] Getting browser and debug protocol version via http://127.0.0.1:7777/json/version
[20:16:42.127 UTC] Discovering targets via http://127.0.0.1:7777/json/list
[20:16:42.130 UTC] Got browser version: Chrome/76.0.3803.0
[20:16:42.130 UTC] Got debug protocol version: 1.3
[20:16:42.131 UTC] To client: {"seq":0,"type":"event","event":"output","body":{"category":"telemetry","output":"targetDebugProtocolVersion","data":{"Versions.DebugAdapterCore":"6.8.6","Versions.DebugAdapter":"4.12.1"}}}
[20:16:42.132 UTC] To client: {"seq":0,"type":"event","event":"output","body":{"category":"telemetry","output":"targetCount","data":{"Versions.DebugAdapterCore":"6.8.6","Versions.DebugAdapter":"4.12.1","numTargets":2}}}
[20:16:42.133 UTC] Attaching to target: {"description":"","devtoolsFrontendUrl":"/devtools/inspector.html?ws=localhost/devtools/page/604536AC2D0F14CBF0DA8B5C4DD2FD5D","id":"604536AC2D0F14CBF0DA8B5C4DD2FD5D","title":"","type":"page","url":"http://localhost:7890/","webSocketDebuggerUrl":"ws://127.0.0.1:7777/devtools/page/604536AC2D0F14CBF0DA8B5C4DD2FD5D","version":{}}
[20:16:42.133 UTC] WebSocket Url: ws://127.0.0.1:7777/devtools/page/604536AC2D0F14CBF0DA8B5C4DD2FD5D
[20:16:42.142 UTC] → To target: "{\"id\":1,\"method\":\"Console.enable\"}"
[20:16:42.143 UTC] → To target: "{\"id\":2,\"method\":\"Debugger.enable\"}"
[20:16:42.143 UTC] → To target: "{\"id\":3,\"method\":\"Runtime.enable\"}"
[20:16:42.143 UTC] → To target: "{\"id\":4,\"method\":\"Log.enable\"}"
[20:16:42.143 UTC] → To target: "{\"id\":5,\"method\":\"Runtime.runIfWaitingForDebugger\"}"
[20:16:42.144 UTC] → To target: "{\"id\":6,\"method\":\"Runtime.run\"}"
[20:16:42.144 UTC] → To target: "{\"id\":7,\"method\":\"Page.enable\"}"
[20:16:42.144 UTC] → To target: "{\"id\":8,\"method\":\"Network.enable\",\"params\":{}}"
[20:16:42.154 UTC] ← From target: {"id":1,"result":{}}
[20:16:42.155 UTC] ← From target: {"id":2,"result":{"debuggerId":"(4885614B115EA3AE3705D31E029FB476)"}}
[20:16:42.157 UTC] ← From target: {"method":"Runtime.executionContextCreated","params":{"context":{"id":1,"origin":"http://localhost:7890","name":"","auxData":{"isDefault":true,"type":"default","frameId":"604536AC2D0F14CBF0DA8B5C4DD2FD5D"}}}}
[20:16:42.157 UTC] ← From target: {"id":3,"result":{}}
[20:16:42.158 UTC] ← From target: {"id":4,"result":{}}
[20:16:42.158 UTC] ← From target: {"id":5,"result":{}}
[20:16:42.158 UTC] ← From target: {"error":{"code":-32601,"message":"'Runtime.run' wasn't found"},"id":6}
[20:16:42.159 UTC] ← From target: {"id":7,"result":{}}
[20:16:42.159 UTC] ← From target: {"id":8,"result":{}}
[20:16:42.160 UTC] → To target: "{\"id\":9,\"method\":\"Debugger.setBlackboxPatterns\",\"params\":{\"patterns\":[\"^chrome-extension:.*\"]}}"
[20:16:42.160 UTC] → To target: "{\"id\":10,\"method\":\"Schema.getDomains\"}"
[20:16:42.161 UTC] ← From target: {"id":10,"result":{"domains":[{"name":"Inspector","version":"1.2"},{"name":"Memory","version":"1.2"},{"name":"Page","version":"1.2"},{"name":"Emulation","version":"1.2"},{"name":"Security","version":"1.2"},{"name":"Network","version":"1.2"},{"name":"Database","version":"1.2"},{"name":"IndexedDB","version":"1.2"},{"name":"CacheStorage","version":"1.2"},{"name":"DOMStorage","version":"1.2"},{"name":"CSS","version":"1.2"},{"name":"ApplicationCache","version":"1.2"},{"name":"DOM","version":"1.2"},{"name":"IO","version":"1.2"},{"name":"DOMDebugger","version":"1.2"},{"name":"DOMSnapshot","version":"1.2"},{"name":"ServiceWorker","version":"1.2"},{"name":"Input","version":"1.2"},{"name":"LayerTree","version":"1.2"},{"name":"DeviceOrientation","version":"1.2"},{"name":"Tracing","version":"1.2"},{"name":"Animation","version":"1.2"},{"name":"Accessibility","version":"1.2"},{"name":"Storage","version":"1.2"},{"name":"Log","version":"1.2"},{"name":"Runtime","version":"1.2"},{"name":"Debugger","version":"1.2"},{"name":"Profiler","version":"1.2"},{"name":"HeapProfiler","version":"1.2"},{"name":"Schema","version":"1.2"},{"name":"Target","version":"1.2"},{"name":"Overlay","version":"1.2"},{"name":"Performance","version":"1.2"},{"name":"Audits","version":"1.2"},{"name":"HeadlessExperimental","version":"1.2"}]}}
[20:16:42.161 UTC] → To target: "{\"id\":11,\"method\":\"Debugger.setAsyncCallStackDepth\",\"params\":{\"maxDepth\":4}}"
[20:16:42.265 UTC] ← From target: {"method":"Debugger.scriptParsed","params":{"scriptId":"13","url":"http://localhost:7890/out/app.js","startLine":0,"startColumn":0,"endLine":4,"endColumn":31,"executionContextId":1,"hash":"317239527e2f91835e5e28114ab7fc0350aa5a36","executionContextAuxData":{"isDefault":true,"type":"default","frameId":"604536AC2D0F14CBF0DA8B5C4DD2FD5D"},"isLiveEdit":false,"sourceMapURL":"app.js.map","hasSourceURL":false,"isModule":false,"length":115}}
[20:16:42.268 UTC] → To target: "{\"id\":12,\"method\":\"Debugger.getPossibleBreakpoints\",\"params\":{\"start\":{\"scriptId\":\"13\",\"lineNumber\":0,\"columnNumber\":0},\"end\":{\"scriptId\":\"13\",\"lineNumber\":1,\"columnNumber\":0},\"restrictToFunction\":false}}"
[20:16:42.268 UTC] Paths.scriptParsed: resolved http://localhost:7890/out/app.js to /Users/roblou/code/vscode-chrome-debug/testdata/intervalDebugger/out/app.js. pathMapping/webroot: {"/":"/Users/roblou/code/vscode-chrome-debug/testdata/intervalDebugger"}
[20:16:42.269 UTC] SourceMaps.getMapForGeneratedPath: Finding SourceMap for /Users/roblou/code/vscode-chrome-debug/testdata/intervalDebugger/out/app.js by URI: app.js.map and webRoot/pathMapping: {"/":"/Users/roblou/code/vscode-chrome-debug/testdata/intervalDebugger"}
[20:16:42.269 UTC] SourceMaps.loadSourceMapContents: Reading local sourcemap file from /Users/roblou/code/vscode-chrome-debug/testdata/intervalDebugger/out/app.js.map
[20:16:42.270 UTC] ← From target: {"method":"Page.loadEventFired","params":{"timestamp":169807.397695}}
[20:16:42.271 UTC] SourceMap: creating for /Users/roblou/code/vscode-chrome-debug/testdata/intervalDebugger/out/app.js
[20:16:42.271 UTC] SourceMap: sourceRoot: 
[20:16:42.271 UTC] SourceMap: sources: ["../src/app.ts"]
[20:16:42.271 UTC] SourceMap: pathMapping: {"/":"/Users/roblou/code/vscode-chrome-debug/testdata/intervalDebugger"}
[20:16:42.271 UTC] SourceMap: no sourceRoot specified, using script dirname: /Users/roblou/code/vscode-chrome-debug/testdata/intervalDebugger/out
[20:16:42.274 UTC] SourceMaps.scriptParsed: /Users/roblou/code/vscode-chrome-debug/testdata/intervalDebugger/out/app.js was just loaded and has mapped sources: ["/Users/roblou/code/vscode-chrome-debug/testdata/intervalDebugger/src/app.ts"]
[20:16:42.276 UTC] ← From target: {"method":"Page.frameStoppedLoading","params":{"frameId":"604536AC2D0F14CBF0DA8B5C4DD2FD5D"}}
[20:16:42.276 UTC] ← From target: {"method":"Page.domContentEventFired","params":{"timestamp":169807.502194}}
[20:16:42.277 UTC] ← From target: {"id":9,"result":{}}
[20:16:42.277 UTC] ← From target: {"id":11,"result":{}}
[20:16:42.278 UTC] → To target: "{\"id\":13,\"method\":\"Runtime.evaluate\",\"params\":{\"expression\":\"navigator.userAgent\",\"silent\":true}}"
[20:16:42.278 UTC] → To target: "{\"id\":14,\"method\":\"Browser.getVersion\"}"
[20:16:42.278 UTC] To client: {"seq":0,"type":"response","request_seq":2,"command":"attach","success":true}
[20:16:42.278 UTC] To client: {"seq":0,"type":"event","event":"output","body":{"category":"telemetry","output":"ClientRequest/attach","data":{"Versions.DebugAdapterCore":"6.8.6","Versions.DebugAdapter":"4.12.1","successful":"true","timeTakenInMilliseconds":"166.592149","requestType":"request"}}}
[20:16:42.278 UTC] ← From target: {"method":"Debugger.paused","params":{"callFrames":[{"callFrameId":"{\"ordinal\":0,\"injectedScriptId\":1}","functionName":"debuggerStatement","functionLocation":{"scriptId":"13","lineNumber":0,"columnNumber":26},"location":{"scriptId":"13","lineNumber":1,"columnNumber":4},"url":"http://localhost:7890/out/app.js","scopeChain":[{"type":"local","object":{"type":"object","className":"Object","description":"Object","objectId":"{\"injectedScriptId\":1,\"id\":1}"},"name":"debuggerStatement","startLocation":{"scriptId":"13","lineNumber":0,"columnNumber":26},"endLocation":{"scriptId":"13","lineNumber":2,"columnNumber":1}},{"type":"global","object":{"type":"object","className":"Window","description":"Window","objectId":"{\"injectedScriptId\":1,\"id\":2}"}}],"this":{"type":"object","className":"Window","description":"Window","objectId":"{\"injectedScriptId\":1,\"id\":3}"}}],"reason":"other","hitBreakpoints":[]}}
[20:16:42.279 UTC] To client: {"seq":0,"type":"event","event":"stopped","body":{"reason":"debugger_statement","threadId":1,"description":"Paused on debugger statement"}}
[20:16:42.280 UTC] → To target: "{\"id\":15,\"method\":\"Overlay.setPausedInDebuggerMessage\",\"params\":{\"message\":\"Paused in Visual Studio Code\"}}"
[20:16:42.280 UTC] From client: stackTrace({"threadId":1})
[20:16:42.283 UTC] To client: {"seq":0,"type":"response","request_seq":3,"command":"stackTrace","success":true,"body":{"stackFrames":[{"id":1000,"name":"debuggerStatement","source":{"name":"app.ts","path":"/Users/roblou/code/vscode-chrome-debug/testdata/intervalDebugger/src/app.ts"},"line":2,"column":5}],"totalFrames":1}}
[20:16:42.283 UTC] To client: {"seq":0,"type":"event","event":"output","body":{"category":"telemetry","output":"ClientRequest/stackTrace","data":{"Versions.DebugAdapterCore":"6.8.6","Versions.DebugAdapter":"4.12.1","successful":"true","timeTakenInMilliseconds":"3.074651","requestType":"request"}}}
[20:16:42.283 UTC] ← From target: {"id":14,"result":{"protocolVersion":"1.3","product":"Chrome/76.0.3803.0","revision":"@a99230af311e8e646833be14a670de5322454fbe","userAgent":"Mozilla/5.0 (Macintosh; Intel Mac OS X 10_14_6) AppleWebKit/537.36 (KHTML, like Gecko) Chrome/76.0.3803.0 Safari/537.36","jsVersion":"7.6.247"}}
[20:16:42.284 UTC] To client: {"seq":0,"type":"event","event":"output","body":{"category":"telemetry","output":"target-version","data":{"Versions.DebugAdapterCore":"6.8.6","Versions.DebugAdapter":"4.12.1","Versions.Target.CRDPVersion":"1.3","Versions.Target.Revision":"@a99230af311e8e646833be14a670de5322454fbe","Versions.Target.UserAgent":"Mozilla/5.0 (Macintosh; Intel Mac OS X 10_14_6) AppleWebKit/537.36 (KHTML, like Gecko) Chrome/76.0.3803.0 Safari/537.36","Versions.Target.V8":"7.6.247","Versions.Target.Project":"Chrome","Versions.Target.Version":"76.0.3803.0"}}}
[20:16:42.290 UTC] ← From target: {"id":12,"result":{"locations":[]}}
[20:16:42.290 UTC] To client: {"seq":0,"type":"event","event":"initialized"}
[20:16:42.291 UTC] To client: {"seq":0,"type":"event","event":"loadedSource","body":{"reason":"new","source":{"name":"app.js","path":"http://localhost:7890/out/app.js","sourceReference":1000}}}
[20:16:42.291 UTC] From client: setExceptionBreakpoints({"filters":["all"]})
[20:16:42.291 UTC] → To target: "{\"id\":16,\"method\":\"Debugger.setPauseOnExceptions\",\"params\":{\"state\":\"all\"}}"
[20:16:42.292 UTC] ← From target: {"method":"Debugger.scriptParsed","params":{"scriptId":"14","url":"","startLine":0,"startColumn":0,"endLine":0,"endColumn":19,"executionContextId":1,"hash":"3a6f8cb8708878331cc2be2ec90de0ab25738855","executionContextAuxData":{"isDefault":true,"type":"default","frameId":"604536AC2D0F14CBF0DA8B5C4DD2FD5D"},"isLiveEdit":false,"sourceMapURL":"","hasSourceURL":false,"isModule":false,"length":19,"stackTrace":{"callFrames":[{"functionName":"debuggerStatement","scriptId":"13","url":"http://localhost:7890/out/app.js","lineNumber":1,"columnNumber":4}]}}}
[20:16:42.292 UTC] To client: {"seq":0,"type":"event","event":"loadedSource","body":{"reason":"new","source":{"name":"VM14","path":"<eval>/VM14","sourceReference":1001}}}
[20:16:42.292 UTC] ← From target: {"id":13,"result":{"result":{"type":"string","value":"Mozilla/5.0 (Macintosh; Intel Mac OS X 10_14_6) AppleWebKit/537.36 (KHTML, like Gecko) Chrome/76.0.3803.0 Safari/537.36"}}}
[20:16:42.293 UTC] Target userAgent: Mozilla/5.0 (Macintosh; Intel Mac OS X 10_14_6) AppleWebKit/537.36 (KHTML, like Gecko) Chrome/76.0.3803.0 Safari/537.36
[20:16:42.293 UTC] → To target: "{\"id\":17,\"method\":\"Network.setCacheDisabled\",\"params\":{\"cacheDisabled\":true}}"
[20:16:42.300 UTC] ← From target: {"id":15,"result":{}}
[20:16:42.303 UTC] ← From target: {"id":16,"result":{}}
[20:16:42.304 UTC] To client: {"seq":0,"type":"response","request_seq":4,"command":"setExceptionBreakpoints","success":true}
[20:16:42.304 UTC] To client: {"seq":0,"type":"event","event":"output","body":{"category":"telemetry","output":"ClientRequest/setExceptionBreakpoints","data":{"Versions.DebugAdapterCore":"6.8.6","Versions.DebugAdapter":"4.12.1","Versions.Target.CRDPVersion":"1.3","Versions.Target.Revision":"@a99230af311e8e646833be14a670de5322454fbe","Versions.Target.UserAgent":"Mozilla/5.0 (Macintosh; Intel Mac OS X 10_14_6) AppleWebKit/537.36 (KHTML, like Gecko) Chrome/76.0.3803.0 Safari/537.36","Versions.Target.V8":"7.6.247","Versions.Target.Project":"Chrome","Versions.Target.Version":"76.0.3803.0","successful":"true","timeTakenInMilliseconds":"12.837392","requestType":"request"}}}
[20:16:42.343 UTC] Websocket closed
[20:16:42.343 UTC] Terminated: websocket closed
[20:16:42.343 UTC] Waiting for any pending steps or log messages.
[20:16:42.343 UTC] Current step and log messages complete
[20:16:42.343 UTC] To client: {"seq":0,"type":"event","event":"output","body":{"category":"telemetry","output":"debugStopped","data":{"Versions.DebugAdapterCore":"6.8.6","Versions.DebugAdapter":"4.12.1","Versions.Target.CRDPVersion":"1.3","Versions.Target.Revision":"@a99230af311e8e646833be14a670de5322454fbe","Versions.Target.UserAgent":"Mozilla/5.0 (Macintosh; Intel Mac OS X 10_14_6) AppleWebKit/537.36 (KHTML, like Gecko) Chrome/76.0.3803.0 Safari/537.36","Versions.Target.V8":"7.6.247","Versions.Target.Project":"Chrome","Versions.Target.Version":"76.0.3803.0","reason":"websocket closed"}}}
[20:16:42.344 UTC] To client: {"seq":0,"type":"event","event":"terminated"}
[20:16:42.359 UTC] From client: disconnect(undefined)
[20:16:42.360 UTC] To client: {"seq":0,"type":"event","event":"output","body":{"category":"telemetry","output":"FullSessionStatistics/SourceMaps/Overrides","data":{"Versions.DebugAdapterCore":"6.8.6","Versions.DebugAdapter":"4.12.1","Versions.Target.CRDPVersion":"1.3","Versions.Target.Revision":"@a99230af311e8e646833be14a670de5322454fbe","Versions.Target.UserAgent":"Mozilla/5.0 (Macintosh; Intel Mac OS X 10_14_6) AppleWebKit/537.36 (KHTML, like Gecko) Chrome/76.0.3803.0 Safari/537.36","Versions.Target.V8":"7.6.247","Versions.Target.Project":"Chrome","Versions.Target.Version":"76.0.3803.0","aspNetClientAppFallbackCount":0}}}
[20:16:42.360 UTC] To client: {"seq":0,"type":"event","event":"output","body":{"category":"telemetry","output":"target/notification/onScriptParsed","data":{"Versions.DebugAdapterCore":"6.8.6","Versions.DebugAdapter":"4.12.1","Versions.Target.CRDPVersion":"1.3","Versions.Target.Revision":"@a99230af311e8e646833be14a670de5322454fbe","Versions.Target.UserAgent":"Mozilla/5.0 (Macintosh; Intel Mac OS X 10_14_6) AppleWebKit/537.36 (KHTML, like Gecko) Chrome/76.0.3803.0 Safari/537.36","Versions.Target.V8":"7.6.247","Versions.Target.Project":"Chrome","Versions.Target.Version":"76.0.3803.0","aggregated.startTime":"[\"1575058602266\",\"1575058602292\"]","aggregated.successful":"[\"true\",\"true\"]","aggregated.timeTakenInMilliseconds":"[\"10.156862\",\"0.495063\"]"}}}
[20:16:42.360 UTC] To client: {"seq":0,"type":"event","event":"output","body":{"category":"telemetry","output":"target/notification/onPaused","data":{"Versions.DebugAdapterCore":"6.8.6","Versions.DebugAdapter":"4.12.1","Versions.Target.CRDPVersion":"1.3","Versions.Target.Revision":"@a99230af311e8e646833be14a670de5322454fbe","Versions.Target.UserAgent":"Mozilla/5.0 (Macintosh; Intel Mac OS X 10_14_6) AppleWebKit/537.36 (KHTML, like Gecko) Chrome/76.0.3803.0 Safari/537.36","Versions.Target.V8":"7.6.247","Versions.Target.Project":"Chrome","Versions.Target.Version":"76.0.3803.0","aggregated.startTime":"[\"1575058602278\"]","aggregated.successful":"[\"true\"]","aggregated.timeTakenInMilliseconds":"[\"1.192236\"]"}}}
[20:16:42.361 UTC] To client: {"seq":0,"type":"event","event":"output","body":{"category":"telemetry","output":"report-start-up-timings","data":{"Versions.DebugAdapterCore":"6.8.6","Versions.DebugAdapter":"4.12.1","Versions.Target.CRDPVersion":"1.3","Versions.Target.Revision":"@a99230af311e8e646833be14a670de5322454fbe","Versions.Target.UserAgent":"Mozilla/5.0 (Macintosh; Intel Mac OS X 10_14_6) AppleWebKit/537.36 (KHTML, like Gecko) Chrome/76.0.3803.0 Safari/537.36","Versions.Target.V8":"7.6.247","Versions.Target.Project":"Chrome","Versions.Target.Version":"76.0.3803.0","RequestedContentWasDetected":"false","Steps":"[\"BeforeFirstStep\",\"ClientRequest/initialize\",\"ClientRequest/attach\",\"Attach\",\"Attach.RequestDebuggerTargetsInformation\",\"Attach.ProcessDebuggerTargetsInformation\",\"Attach.AttachToTargetDebuggerWebsocket\",\"Attach.ConfigureDebuggingSession.Internal\",\"Attach.ConfigureDebuggingSession.Target\",\"Attach.ConfigureDebuggingSession.End\"]","All":"1613.127159","Request.ClientRequest/stackTrace.startTime":"[1575058602280]","Request.ClientRequest/stackTrace.timeTakenInMilliseconds":"[3.074651]","Request.ClientRequest/setExceptionBreakpoints.startTime":"[1575058602291]","Request.ClientRequest/setExceptionBreakpoints.timeTakenInMilliseconds":"[12.837392]","BeforeFirstStep":"[1359.669164]","WaitingAfter.ClientRequest/initialize":"[1362.787297]","ClientRequest/initialize":"[3.954092]","ClientRequest/attach":"[3.933834]","Attach":"[6.059368]","Attach.RequestDebuggerTargetsInformation":"[9.7722]","Attach.ProcessDebuggerTargetsInformation":"[2.152424]","Attach.AttachToTargetDebuggerWebsocket":"[1.899935]","Attach.ConfigureDebuggingSession.Internal":"[1.582159]","Attach.ConfigureDebuggingSession.Target":"[140.22544]","WaitingAfter.ClientRequest/attach":"[1530.36289]","WaitingAfter.NotifyInitialized":"[1542.396913]","Attach.ConfigureDebuggingSession.End":"[83.488372]","RequestedContentWasNotDetectedReason":"shutdown"}}}
[20:16:42.361 UTC] Terminated: Got disconnect request
[20:16:42.361 UTC] To client: {"seq":0,"type":"response","request_seq":5,"command":"disconnect","success":true}
[20:16:42.361 UTC] To client: {"seq":0,"type":"event","event":"output","body":{"category":"telemetry","output":"ClientRequest/disconnect","data":{"Versions.DebugAdapterCore":"6.8.6","Versions.DebugAdapter":"4.12.1","Versions.Target.CRDPVersion":"1.3","Versions.Target.Revision":"@a99230af311e8e646833be14a670de5322454fbe","Versions.Target.UserAgent":"Mozilla/5.0 (Macintosh; Intel Mac OS X 10_14_6) AppleWebKit/537.36 (KHTML, like Gecko) Chrome/76.0.3803.0 Safari/537.36","Versions.Target.V8":"7.6.247","Versions.Target.Project":"Chrome","Versions.Target.Version":"76.0.3803.0","successful":"true","timeTakenInMilliseconds":"1.739902","requestType":"request"}}}
